<?xml version="1.0" encoding="utf-8"?>
<test-run id="2" testcasecount="178" result="Passed" total="178" passed="178" failed="0" inconclusive="0" skipped="0" asserts="0" engine-version="3.5.0.0" clr-version="4.0.30319.42000" start-time="2020-01-09 23:28:00Z" end-time="2020-01-09 23:28:56Z" duration="56.3203775">
  <test-suite type="TestSuite" id="1000" name="UnityTestFramework" fullname="UnityTestFramework" runstate="Runnable" testcasecount="178" result="Passed" start-time="2020-01-09 23:28:00Z" end-time="2020-01-09 23:28:56Z" duration="56.320378" total="178" passed="178" failed="0" inconclusive="0" skipped="0" asserts="0">
    <properties />
    <test-suite type="Assembly" id="1158" name="Unity.SimViz.Content.Runtime.Tests.dll" fullname="C:/srchome/simviz/TestProjects/SimVizTest/Library/ScriptAssemblies/Unity.SimViz.Content.Runtime.Tests.dll" runstate="Runnable" testcasecount="129" result="Passed" start-time="2020-01-09 23:28:00Z" end-time="2020-01-09 23:28:07Z" duration="6.919232" total="129" passed="129" failed="0" inconclusive="0" skipped="0" asserts="0">
      <properties>
        <property name="_PID" value="5764" />
        <property name="_APPDOMAIN" value="Unity Child Domain" />
        <property name="platform" value="PlayMode" />
      </properties>
      <test-suite type="TestSuite" id="1159" name="UnityEngine" fullname="UnityEngine" runstate="Runnable" testcasecount="129" result="Passed" start-time="2020-01-09 23:28:00Z" end-time="2020-01-09 23:28:06Z" duration="6.691784" total="129" passed="129" failed="0" inconclusive="0" skipped="0" asserts="0">
        <properties />
        <test-suite type="TestSuite" id="1160" name="SimViz" fullname="UnityEngine.SimViz" runstate="Runnable" testcasecount="129" result="Passed" start-time="2020-01-09 23:28:00Z" end-time="2020-01-09 23:28:06Z" duration="6.482376" total="129" passed="129" failed="0" inconclusive="0" skipped="0" asserts="0">
          <properties />
          <test-suite type="TestSuite" id="1161" name="Content" fullname="UnityEngine.SimViz.Content" runstate="Runnable" testcasecount="129" result="Passed" start-time="2020-01-09 23:28:00Z" end-time="2020-01-09 23:28:06Z" duration="6.278004" total="129" passed="129" failed="0" inconclusive="0" skipped="0" asserts="0">
            <properties />
            <test-suite type="TestSuite" id="1162" name="ContentTests" fullname="UnityEngine.SimViz.Content.ContentTests" runstate="Runnable" testcasecount="129" result="Passed" start-time="2020-01-09 23:28:00Z" end-time="2020-01-09 23:28:06Z" duration="6.074433" total="129" passed="129" failed="0" inconclusive="0" skipped="0" asserts="0">
              <properties />
              <test-suite type="TestFixture" id="1002" name="GeometryTests" fullname="UnityEngine.SimViz.Content.ContentTests.GeometryTests" classname="UnityEngine.SimViz.Content.ContentTests.GeometryTests" runstate="Runnable" testcasecount="73" result="Passed" start-time="2020-01-09 23:28:00Z" end-time="2020-01-09 23:28:00Z" duration="0.587800" total="73" passed="73" failed="0" inconclusive="0" skipped="0" asserts="0">
                <properties />
                <test-suite type="ParameterizedMethod" id="1028" name="SampleArc_ReturnsValuesAlongCurve" fullname="UnityEngine.SimViz.Content.ContentTests.GeometryTests.SampleArc_ReturnsValuesAlongCurve" classname="UnityEngine.SimViz.Content.ContentTests.GeometryTests" runstate="Runnable" testcasecount="7" result="Passed" start-time="2020-01-09 23:28:00Z" end-time="2020-01-09 23:28:00Z" duration="0.213039" total="7" passed="7" failed="0" inconclusive="0" skipped="0" asserts="0">
                  <properties />
                  <test-case id="1021" name="SampleArc_ReturnsValuesAlongCurve(0,0,0,0,0)" fullname="UnityEngine.SimViz.Content.ContentTests.GeometryTests.SampleArc_ReturnsValuesAlongCurve(0,0,0,0,0)" methodname="SampleArc_ReturnsValuesAlongCurve" classname="UnityEngine.SimViz.Content.ContentTests.GeometryTests" runstate="Runnable" seed="971655956" result="Passed" start-time="2020-01-09 23:28:00Z" end-time="2020-01-09 23:28:00Z" duration="0.015428" asserts="0">
                    <properties />
                    <output><![CDATA[
##utp:{"type":"TestStatus","time":1578612480209,"version":2,"phase":"Begin","processId":5764,"name":"UnityEngine.SimViz.Content.ContentTests.GeometryTests.SampleArc_ReturnsValuesAlongCurve(0,0,0,0,0)","state":0}

##utp:{"type":"TestStatus","time":1578612480234,"version":2,"phase":"End","processId":5764,"name":"UnityEngine.SimViz.Content.ContentTests.GeometryTests.SampleArc_ReturnsValuesAlongCurve(0,0,0,0,0)","state":4,"message":"","duration":15,"durationMicroseconds":15428}
##performancetestruninfo:{"PlayerSystemInfo":{"OperatingSystem":"Windows 10  (10.0.0) 64bit","DeviceModel":"XPS 15 7590 (Dell Inc.)","DeviceName":"SEA00133","ProcessorType":"Intel(R) Core(TM) i9-9980HK CPU @ 2.40GHz","ProcessorCount":16,"GraphicsDeviceName":"NVIDIA GeForce GTX 1650","SystemMemorySize":32472,"XrModel":"","XrDevice":""},"EditorVersion":{"FullVersion":"2019.3.0f3 (6c9e2bfd6f81)","DateSeconds":1575730581,"Branch":"2019.3/staging","RevisionValue":7118379},"BuildSettings":{"Platform":"WindowsEditor","BuildTarget":"StandaloneWindows64","DevelopmentPlayer":false,"AndroidBuildSystem":"Gradle"},"ScreenSettings":{"ScreenWidth":3440,"ScreenHeight":1440,"ScreenRefreshRate":50,"Fullscreen":false},"QualitySettings":{"Vsync":0,"AntiAliasing":2,"ColorSpace":"Linear","AnisotropicFiltering":"ForceEnable","BlendWeights":"Unlimited"},"PlayerSettings":{"ScriptingBackend":"Mono2x","VrSupported":false,"MtRendering":true,"GraphicsJobs":true,"GpuSkinning":false,"GraphicsApi":"Direct3D11","Batchmode":"False","StereoRenderingPath":"MultiPass","RenderThreadingMode":"GraphicsJobs","AndroidMinimumSdkVersion":"AndroidApiLevel19","AndroidTargetSdkVersion":"AndroidApiLevelAuto","EnabledXrTargets":[],"ScriptingRuntimeVersion":""},"TestSuite":"Editmode","StartTime":1578612469679.7605,"EndTime":0.0,"Results":[]}]]></output>
                  </test-case>
                  <test-case id="1022" name="SampleArc_ReturnsValuesAlongCurve(1,0,0,0,0)" fullname="UnityEngine.SimViz.Content.ContentTests.GeometryTests.SampleArc_ReturnsValuesAlongCurve(1,0,0,0,0)" methodname="SampleArc_ReturnsValuesAlongCurve" classname="UnityEngine.SimViz.Content.ContentTests.GeometryTests" runstate="Runnable" seed="1048187355" result="Passed" start-time="2020-01-09 23:28:00Z" end-time="2020-01-09 23:28:00Z" duration="0.001811" asserts="0">
                    <properties />
                    <output><![CDATA[
##utp:{"type":"TestStatus","time":1578612480398,"version":2,"phase":"Begin","processId":5764,"name":"UnityEngine.SimViz.Content.ContentTests.GeometryTests.SampleArc_ReturnsValuesAlongCurve(1,0,0,0,0)","state":0}

##utp:{"type":"TestStatus","time":1578612480401,"version":2,"phase":"End","processId":5764,"name":"UnityEngine.SimViz.Content.ContentTests.GeometryTests.SampleArc_ReturnsValuesAlongCurve(1,0,0,0,0)","state":4,"message":"","duration":2,"durationMicroseconds":1811}
]]></output>
                  </test-case>
                  <test-case id="1023" name="SampleArc_ReturnsValuesAlongCurve(-1,0,0,0,0)" fullname="UnityEngine.SimViz.Content.ContentTests.GeometryTests.SampleArc_ReturnsValuesAlongCurve(-1,0,0,0,0)" methodname="SampleArc_ReturnsValuesAlongCurve" classname="UnityEngine.SimViz.Content.ContentTests.GeometryTests" runstate="Runnable" seed="845487159" result="Passed" start-time="2020-01-09 23:28:00Z" end-time="2020-01-09 23:28:00Z" duration="0.000459" asserts="0">
                    <properties />
                    <output><![CDATA[
##utp:{"type":"TestStatus","time":1578612480401,"version":2,"phase":"Begin","processId":5764,"name":"UnityEngine.SimViz.Content.ContentTests.GeometryTests.SampleArc_ReturnsValuesAlongCurve(-1,0,0,0,0)","state":0}

##utp:{"type":"TestStatus","time":1578612480401,"version":2,"phase":"End","processId":5764,"name":"UnityEngine.SimViz.Content.ContentTests.GeometryTests.SampleArc_ReturnsValuesAlongCurve(-1,0,0,0,0)","state":4,"message":"","duration":0,"durationMicroseconds":459}
]]></output>
                  </test-case>
                  <test-case id="1024" name="SampleArc_ReturnsValuesAlongCurve(1,3.141593f,0,2,180)" fullname="UnityEngine.SimViz.Content.ContentTests.GeometryTests.SampleArc_ReturnsValuesAlongCurve(1,3.141593f,0,2,180)" methodname="SampleArc_ReturnsValuesAlongCurve" classname="UnityEngine.SimViz.Content.ContentTests.GeometryTests" runstate="Runnable" seed="1944498890" result="Passed" start-time="2020-01-09 23:28:00Z" end-time="2020-01-09 23:28:00Z" duration="0.000465" asserts="0">
                    <properties />
                    <output><![CDATA[
##utp:{"type":"TestStatus","time":1578612480402,"version":2,"phase":"Begin","processId":5764,"name":"UnityEngine.SimViz.Content.ContentTests.GeometryTests.SampleArc_ReturnsValuesAlongCurve(1,3.141593f,0,2,180)","state":0}

##utp:{"type":"TestStatus","time":1578612480403,"version":2,"phase":"End","processId":5764,"name":"UnityEngine.SimViz.Content.ContentTests.GeometryTests.SampleArc_ReturnsValuesAlongCurve(1,3.141593f,0,2,180)","state":4,"message":"","duration":0,"durationMicroseconds":465}
]]></output>
                  </test-case>
                  <test-case id="1025" name="SampleArc_ReturnsValuesAlongCurve(-1,3.141593f,0,-2,180)" fullname="UnityEngine.SimViz.Content.ContentTests.GeometryTests.SampleArc_ReturnsValuesAlongCurve(-1,3.141593f,0,-2,180)" methodname="SampleArc_ReturnsValuesAlongCurve" classname="UnityEngine.SimViz.Content.ContentTests.GeometryTests" runstate="Runnable" seed="42533539" result="Passed" start-time="2020-01-09 23:28:00Z" end-time="2020-01-09 23:28:00Z" duration="0.000455" asserts="0">
                    <properties />
                    <output><![CDATA[
##utp:{"type":"TestStatus","time":1578612480403,"version":2,"phase":"Begin","processId":5764,"name":"UnityEngine.SimViz.Content.ContentTests.GeometryTests.SampleArc_ReturnsValuesAlongCurve(-1,3.141593f,0,-2,180)","state":0}

##utp:{"type":"TestStatus","time":1578612480405,"version":2,"phase":"End","processId":5764,"name":"UnityEngine.SimViz.Content.ContentTests.GeometryTests.SampleArc_ReturnsValuesAlongCurve(-1,3.141593f,0,-2,180)","state":4,"message":"","duration":0,"durationMicroseconds":455}
]]></output>
                  </test-case>
                  <test-case id="1026" name="SampleArc_ReturnsValuesAlongCurve(2,3.141593f,0,0,0)" fullname="UnityEngine.SimViz.Content.ContentTests.GeometryTests.SampleArc_ReturnsValuesAlongCurve(2,3.141593f,0,0,0)" methodname="SampleArc_ReturnsValuesAlongCurve" classname="UnityEngine.SimViz.Content.ContentTests.GeometryTests" runstate="Runnable" seed="487377531" result="Passed" start-time="2020-01-09 23:28:00Z" end-time="2020-01-09 23:28:00Z" duration="0.000447" asserts="0">
                    <properties />
                    <output><![CDATA[
##utp:{"type":"TestStatus","time":1578612480405,"version":2,"phase":"Begin","processId":5764,"name":"UnityEngine.SimViz.Content.ContentTests.GeometryTests.SampleArc_ReturnsValuesAlongCurve(2,3.141593f,0,0,0)","state":0}

##utp:{"type":"TestStatus","time":1578612480406,"version":2,"phase":"End","processId":5764,"name":"UnityEngine.SimViz.Content.ContentTests.GeometryTests.SampleArc_ReturnsValuesAlongCurve(2,3.141593f,0,0,0)","state":4,"message":"","duration":0,"durationMicroseconds":447}
]]></output>
                  </test-case>
                  <test-case id="1027" name="SampleArc_ReturnsValuesAlongCurve(0.5f,3.141593f,2,2,90)" fullname="UnityEngine.SimViz.Content.ContentTests.GeometryTests.SampleArc_ReturnsValuesAlongCurve(0.5f,3.141593f,2,2,90)" methodname="SampleArc_ReturnsValuesAlongCurve" classname="UnityEngine.SimViz.Content.ContentTests.GeometryTests" runstate="Runnable" seed="2131903633" result="Passed" start-time="2020-01-09 23:28:00Z" end-time="2020-01-09 23:28:00Z" duration="0.000454" asserts="0">
                    <properties />
                    <output><![CDATA[
##utp:{"type":"TestStatus","time":1578612480406,"version":2,"phase":"Begin","processId":5764,"name":"UnityEngine.SimViz.Content.ContentTests.GeometryTests.SampleArc_ReturnsValuesAlongCurve(0.5f,3.141593f,2,2,90)","state":0}

##utp:{"type":"TestStatus","time":1578612480408,"version":2,"phase":"End","processId":5764,"name":"UnityEngine.SimViz.Content.ContentTests.GeometryTests.SampleArc_ReturnsValuesAlongCurve(0.5f,3.141593f,2,2,90)","state":4,"message":"","duration":0,"durationMicroseconds":454}
]]></output>
                  </test-case>
                </test-suite>
                <test-suite type="ParameterizedMethod" id="1035" name="SampleLine_WithHeading_ReturnsCorrectValues" fullname="UnityEngine.SimViz.Content.ContentTests.GeometryTests.SampleLine_WithHeading_ReturnsCorrectValues" classname="UnityEngine.SimViz.Content.ContentTests.GeometryTests" runstate="Runnable" testcasecount="6" result="Passed" start-time="2020-01-09 23:28:00Z" end-time="2020-01-09 23:28:00Z" duration="0.018268" total="6" passed="6" failed="0" inconclusive="0" skipped="0" asserts="0">
                  <properties />
                  <test-case id="1029" name="SampleLine_WithHeading_ReturnsCorrectValues(0,0,0,0,0)" fullname="UnityEngine.SimViz.Content.ContentTests.GeometryTests.SampleLine_WithHeading_ReturnsCorrectValues(0,0,0,0,0)" methodname="SampleLine_WithHeading_ReturnsCorrectValues" classname="UnityEngine.SimViz.Content.ContentTests.GeometryTests" runstate="Runnable" seed="561920518" result="Passed" start-time="2020-01-09 23:28:00Z" end-time="2020-01-09 23:28:00Z" duration="0.001481" asserts="0">
                    <properties />
                    <output><![CDATA[
##utp:{"type":"TestStatus","time":1578612480427,"version":2,"phase":"Begin","processId":5764,"name":"UnityEngine.SimViz.Content.ContentTests.GeometryTests.SampleLine_WithHeading_ReturnsCorrectValues(0,0,0,0,0)","state":0}

##utp:{"type":"TestStatus","time":1578612480430,"version":2,"phase":"End","processId":5764,"name":"UnityEngine.SimViz.Content.ContentTests.GeometryTests.SampleLine_WithHeading_ReturnsCorrectValues(0,0,0,0,0)","state":4,"message":"","duration":1,"durationMicroseconds":1481}
]]></output>
                  </test-case>
                  <test-case id="1030" name="SampleLine_WithHeading_ReturnsCorrectValues(0,3,0,3,0)" fullname="UnityEngine.SimViz.Content.ContentTests.GeometryTests.SampleLine_WithHeading_ReturnsCorrectValues(0,3,0,3,0)" methodname="SampleLine_WithHeading_ReturnsCorrectValues" classname="UnityEngine.SimViz.Content.ContentTests.GeometryTests" runstate="Runnable" seed="688352705" result="Passed" start-time="2020-01-09 23:28:00Z" end-time="2020-01-09 23:28:00Z" duration="0.000466" asserts="0">
                    <properties />
                    <output><![CDATA[
##utp:{"type":"TestStatus","time":1578612480430,"version":2,"phase":"Begin","processId":5764,"name":"UnityEngine.SimViz.Content.ContentTests.GeometryTests.SampleLine_WithHeading_ReturnsCorrectValues(0,3,0,3,0)","state":0}

##utp:{"type":"TestStatus","time":1578612480431,"version":2,"phase":"End","processId":5764,"name":"UnityEngine.SimViz.Content.ContentTests.GeometryTests.SampleLine_WithHeading_ReturnsCorrectValues(0,3,0,3,0)","state":4,"message":"","duration":0,"durationMicroseconds":466}
]]></output>
                  </test-case>
                  <test-case id="1031" name="SampleLine_WithHeading_ReturnsCorrectValues(0,1,0,1,0)" fullname="UnityEngine.SimViz.Content.ContentTests.GeometryTests.SampleLine_WithHeading_ReturnsCorrectValues(0,1,0,1,0)" methodname="SampleLine_WithHeading_ReturnsCorrectValues" classname="UnityEngine.SimViz.Content.ContentTests.GeometryTests" runstate="Runnable" seed="875482175" result="Passed" start-time="2020-01-09 23:28:00Z" end-time="2020-01-09 23:28:00Z" duration="0.000469" asserts="0">
                    <properties />
                    <output><![CDATA[
##utp:{"type":"TestStatus","time":1578612480432,"version":2,"phase":"Begin","processId":5764,"name":"UnityEngine.SimViz.Content.ContentTests.GeometryTests.SampleLine_WithHeading_ReturnsCorrectValues(0,1,0,1,0)","state":0}

##utp:{"type":"TestStatus","time":1578612480433,"version":2,"phase":"End","processId":5764,"name":"UnityEngine.SimViz.Content.ContentTests.GeometryTests.SampleLine_WithHeading_ReturnsCorrectValues(0,1,0,1,0)","state":4,"message":"","duration":0,"durationMicroseconds":468}
]]></output>
                  </test-case>
                  <test-case id="1032" name="SampleLine_WithHeading_ReturnsCorrectValues(90,1,0,0,1)" fullname="UnityEngine.SimViz.Content.ContentTests.GeometryTests.SampleLine_WithHeading_ReturnsCorrectValues(90,1,0,0,1)" methodname="SampleLine_WithHeading_ReturnsCorrectValues" classname="UnityEngine.SimViz.Content.ContentTests.GeometryTests" runstate="Runnable" seed="1810683622" result="Passed" start-time="2020-01-09 23:28:00Z" end-time="2020-01-09 23:28:00Z" duration="0.000470" asserts="0">
                    <properties />
                    <output><![CDATA[
##utp:{"type":"TestStatus","time":1578612480433,"version":2,"phase":"Begin","processId":5764,"name":"UnityEngine.SimViz.Content.ContentTests.GeometryTests.SampleLine_WithHeading_ReturnsCorrectValues(90,1,0,0,1)","state":0}

##utp:{"type":"TestStatus","time":1578612480435,"version":2,"phase":"End","processId":5764,"name":"UnityEngine.SimViz.Content.ContentTests.GeometryTests.SampleLine_WithHeading_ReturnsCorrectValues(90,1,0,0,1)","state":4,"message":"","duration":0,"durationMicroseconds":470}
]]></output>
                  </test-case>
                  <test-case id="1033" name="SampleLine_WithHeading_ReturnsCorrectValues(-90,1,1,0,0)" fullname="UnityEngine.SimViz.Content.ContentTests.GeometryTests.SampleLine_WithHeading_ReturnsCorrectValues(-90,1,1,0,0)" methodname="SampleLine_WithHeading_ReturnsCorrectValues" classname="UnityEngine.SimViz.Content.ContentTests.GeometryTests" runstate="Runnable" seed="1084576183" result="Passed" start-time="2020-01-09 23:28:00Z" end-time="2020-01-09 23:28:00Z" duration="0.000459" asserts="0">
                    <properties />
                    <output><![CDATA[
##utp:{"type":"TestStatus","time":1578612480435,"version":2,"phase":"Begin","processId":5764,"name":"UnityEngine.SimViz.Content.ContentTests.GeometryTests.SampleLine_WithHeading_ReturnsCorrectValues(-90,1,1,0,0)","state":0}

##utp:{"type":"TestStatus","time":1578612480436,"version":2,"phase":"End","processId":5764,"name":"UnityEngine.SimViz.Content.ContentTests.GeometryTests.SampleLine_WithHeading_ReturnsCorrectValues(-90,1,1,0,0)","state":4,"message":"","duration":0,"durationMicroseconds":459}
]]></output>
                  </test-case>
                  <test-case id="1034" name="SampleLine_WithHeading_ReturnsCorrectValues(180,1,0,-1,0)" fullname="UnityEngine.SimViz.Content.ContentTests.GeometryTests.SampleLine_WithHeading_ReturnsCorrectValues(180,1,0,-1,0)" methodname="SampleLine_WithHeading_ReturnsCorrectValues" classname="UnityEngine.SimViz.Content.ContentTests.GeometryTests" runstate="Runnable" seed="733002210" result="Passed" start-time="2020-01-09 23:28:00Z" end-time="2020-01-09 23:28:00Z" duration="0.000506" asserts="0">
                    <properties />
                    <output><![CDATA[
##utp:{"type":"TestStatus","time":1578612480436,"version":2,"phase":"Begin","processId":5764,"name":"UnityEngine.SimViz.Content.ContentTests.GeometryTests.SampleLine_WithHeading_ReturnsCorrectValues(180,1,0,-1,0)","state":0}

##utp:{"type":"TestStatus","time":1578612480438,"version":2,"phase":"End","processId":5764,"name":"UnityEngine.SimViz.Content.ContentTests.GeometryTests.SampleLine_WithHeading_ReturnsCorrectValues(180,1,0,-1,0)","state":4,"message":"","duration":1,"durationMicroseconds":506}
]]></output>
                  </test-case>
                </test-suite>
                <test-suite type="ParameterizedMethod" id="1087" name="SampleParamPoly3_ReturnsCorrectStartAndEndPoints" fullname="UnityEngine.SimViz.Content.ContentTests.GeometryTests.SampleParamPoly3_ReturnsCorrectStartAndEndPoints" classname="UnityEngine.SimViz.Content.ContentTests.GeometryTests" runstate="Runnable" testcasecount="1" result="Passed" start-time="2020-01-09 23:28:00Z" end-time="2020-01-09 23:28:00Z" duration="0.017571" total="1" passed="1" failed="0" inconclusive="0" skipped="0" asserts="0">
                  <properties />
                  <test-case id="1086" name="SampleParamPoly3_ReturnsCorrectStartAndEndPoints(u: (0.0, 9.0, 9.0, 0.0), v: (0.0, 0.0, 9.0, 3.0), pRange: Normalized,position: float2(0f, 0f), headingRadians: 0,position: float2(18f, 12f), headingRadians: 0.7853982,21.99672f)" fullname="UnityEngine.SimViz.Content.ContentTests.GeometryTests.SampleParamPoly3_ReturnsCorrectStartAndEndPoints(u: (0.0, 9.0, 9.0, 0.0), v: (0.0, 0.0, 9.0, 3.0), pRange: Normalized,position: float2(0f, 0f), headingRadians: 0,position: float2(18f, 12f), headingRadians: 0.7853982,21.99672f)" methodname="SampleParamPoly3_ReturnsCorrectStartAndEndPoints" classname="UnityEngine.SimViz.Content.ContentTests.GeometryTests" runstate="Runnable" seed="937397553" result="Passed" start-time="2020-01-09 23:28:00Z" end-time="2020-01-09 23:28:00Z" duration="0.003311" asserts="0">
                    <properties />
                    <output><![CDATA[
##utp:{"type":"TestStatus","time":1578612480458,"version":2,"phase":"Begin","processId":5764,"name":"UnityEngine.SimViz.Content.ContentTests.GeometryTests.SampleParamPoly3_ReturnsCorrectStartAndEndPoints(u: (0.0, 9.0, 9.0, 0.0), v: (0.0, 0.0, 9.0, 3.0), pRange: Normalized,position: float2(0f, 0f), headingRadians: 0,position: float2(18f, 12f), headingRadians: 0.7853982,21.99672f)","state":0}

##utp:{"type":"TestStatus","time":1578612480464,"version":2,"phase":"End","processId":5764,"name":"UnityEngine.SimViz.Content.ContentTests.GeometryTests.SampleParamPoly3_ReturnsCorrectStartAndEndPoints(u: (0.0, 9.0, 9.0, 0.0), v: (0.0, 0.0, 9.0, 3.0), pRange: Normalized,position: float2(0f, 0f), headingRadians: 0,position: float2(18f, 12f), headingRadians: 0.7853982,21.99672f)","state":4,"message":"","duration":3,"durationMicroseconds":3311}
]]></output>
                  </test-case>
                </test-suite>
                <test-suite type="ParameterizedMethod" id="1085" name="SampleParamPoly3_ReturnsCorrectValuesForPoly3Inputs" fullname="UnityEngine.SimViz.Content.ContentTests.GeometryTests.SampleParamPoly3_ReturnsCorrectValuesForPoly3Inputs" classname="UnityEngine.SimViz.Content.ContentTests.GeometryTests" runstate="Runnable" testcasecount="9" result="Passed" start-time="2020-01-09 23:28:00Z" end-time="2020-01-09 23:28:00Z" duration="0.047305" total="9" passed="9" failed="0" inconclusive="0" skipped="0" asserts="0">
                  <properties />
                  <test-case id="1076" name="SampleParamPoly3_ReturnsCorrectValuesForPoly3Inputs(UnityEngine.SimViz.Content.MapElements.Poly3Data,0.0f,(0.0, 0.0),0.0f)" fullname="UnityEngine.SimViz.Content.ContentTests.GeometryTests.SampleParamPoly3_ReturnsCorrectValuesForPoly3Inputs(UnityEngine.SimViz.Content.MapElements.Poly3Data,0.0f,(0.0, 0.0),0.0f)" methodname="SampleParamPoly3_ReturnsCorrectValuesForPoly3Inputs" classname="UnityEngine.SimViz.Content.ContentTests.GeometryTests" runstate="Runnable" seed="634923441" result="Passed" start-time="2020-01-09 23:28:00Z" end-time="2020-01-09 23:28:00Z" duration="0.002127" asserts="0">
                    <properties />
                    <output><![CDATA[
##utp:{"type":"TestStatus","time":1578612480474,"version":2,"phase":"Begin","processId":5764,"name":"UnityEngine.SimViz.Content.ContentTests.GeometryTests.SampleParamPoly3_ReturnsCorrectValuesForPoly3Inputs(UnityEngine.SimViz.Content.MapElements.Poly3Data,0.0f,(0.0, 0.0),0.0f)","state":0}

##utp:{"type":"TestStatus","time":1578612480478,"version":2,"phase":"End","processId":5764,"name":"UnityEngine.SimViz.Content.ContentTests.GeometryTests.SampleParamPoly3_ReturnsCorrectValuesForPoly3Inputs(UnityEngine.SimViz.Content.MapElements.Poly3Data,0.0f,(0.0, 0.0),0.0f)","state":4,"message":"","duration":2,"durationMicroseconds":2127}
]]></output>
                  </test-case>
                  <test-case id="1077" name="SampleParamPoly3_ReturnsCorrectValuesForPoly3Inputs(UnityEngine.SimViz.Content.MapElements.Poly3Data,0.5f,(0.5, 0.0),0.0f)" fullname="UnityEngine.SimViz.Content.ContentTests.GeometryTests.SampleParamPoly3_ReturnsCorrectValuesForPoly3Inputs(UnityEngine.SimViz.Content.MapElements.Poly3Data,0.5f,(0.5, 0.0),0.0f)" methodname="SampleParamPoly3_ReturnsCorrectValuesForPoly3Inputs" classname="UnityEngine.SimViz.Content.ContentTests.GeometryTests" runstate="Runnable" seed="198446081" result="Passed" start-time="2020-01-09 23:28:00Z" end-time="2020-01-09 23:28:00Z" duration="0.000565" asserts="0">
                    <properties />
                    <output><![CDATA[
##utp:{"type":"TestStatus","time":1578612480478,"version":2,"phase":"Begin","processId":5764,"name":"UnityEngine.SimViz.Content.ContentTests.GeometryTests.SampleParamPoly3_ReturnsCorrectValuesForPoly3Inputs(UnityEngine.SimViz.Content.MapElements.Poly3Data,0.5f,(0.5, 0.0),0.0f)","state":0}

##utp:{"type":"TestStatus","time":1578612480480,"version":2,"phase":"End","processId":5764,"name":"UnityEngine.SimViz.Content.ContentTests.GeometryTests.SampleParamPoly3_ReturnsCorrectValuesForPoly3Inputs(UnityEngine.SimViz.Content.MapElements.Poly3Data,0.5f,(0.5, 0.0),0.0f)","state":4,"message":"","duration":1,"durationMicroseconds":565}
]]></output>
                  </test-case>
                  <test-case id="1078" name="SampleParamPoly3_ReturnsCorrectValuesForPoly3Inputs(UnityEngine.SimViz.Content.MapElements.Poly3Data,1,(1.0, 0.0),0.0f)" fullname="UnityEngine.SimViz.Content.ContentTests.GeometryTests.SampleParamPoly3_ReturnsCorrectValuesForPoly3Inputs(UnityEngine.SimViz.Content.MapElements.Poly3Data,1,(1.0, 0.0),0.0f)" methodname="SampleParamPoly3_ReturnsCorrectValuesForPoly3Inputs" classname="UnityEngine.SimViz.Content.ContentTests.GeometryTests" runstate="Runnable" seed="834911171" result="Passed" start-time="2020-01-09 23:28:00Z" end-time="2020-01-09 23:28:00Z" duration="0.000598" asserts="0">
                    <properties />
                    <output><![CDATA[
##utp:{"type":"TestStatus","time":1578612480480,"version":2,"phase":"Begin","processId":5764,"name":"UnityEngine.SimViz.Content.ContentTests.GeometryTests.SampleParamPoly3_ReturnsCorrectValuesForPoly3Inputs(UnityEngine.SimViz.Content.MapElements.Poly3Data,1,(1.0, 0.0),0.0f)","state":0}

##utp:{"type":"TestStatus","time":1578612480482,"version":2,"phase":"End","processId":5764,"name":"UnityEngine.SimViz.Content.ContentTests.GeometryTests.SampleParamPoly3_ReturnsCorrectValuesForPoly3Inputs(UnityEngine.SimViz.Content.MapElements.Poly3Data,1,(1.0, 0.0),0.0f)","state":4,"message":"","duration":1,"durationMicroseconds":598}
]]></output>
                  </test-case>
                  <test-case id="1079" name="SampleParamPoly3_ReturnsCorrectValuesForPoly3Inputs(UnityEngine.SimViz.Content.MapElements.Poly3Data,0.0f,(0.0, 1.0),0.0f)" fullname="UnityEngine.SimViz.Content.ContentTests.GeometryTests.SampleParamPoly3_ReturnsCorrectValuesForPoly3Inputs(UnityEngine.SimViz.Content.MapElements.Poly3Data,0.0f,(0.0, 1.0),0.0f)" methodname="SampleParamPoly3_ReturnsCorrectValuesForPoly3Inputs" classname="UnityEngine.SimViz.Content.ContentTests.GeometryTests" runstate="Runnable" seed="1712626107" result="Passed" start-time="2020-01-09 23:28:00Z" end-time="2020-01-09 23:28:00Z" duration="0.000517" asserts="0">
                    <properties>
                      <property name="Description" value="Constant factor test #1" />
                    </properties>
                    <output><![CDATA[
##utp:{"type":"TestStatus","time":1578612480482,"version":2,"phase":"Begin","processId":5764,"name":"UnityEngine.SimViz.Content.ContentTests.GeometryTests.SampleParamPoly3_ReturnsCorrectValuesForPoly3Inputs(UnityEngine.SimViz.Content.MapElements.Poly3Data,0.0f,(0.0, 1.0),0.0f)","state":0}

##utp:{"type":"TestStatus","time":1578612480484,"version":2,"phase":"End","processId":5764,"name":"UnityEngine.SimViz.Content.ContentTests.GeometryTests.SampleParamPoly3_ReturnsCorrectValuesForPoly3Inputs(UnityEngine.SimViz.Content.MapElements.Poly3Data,0.0f,(0.0, 1.0),0.0f)","state":4,"message":"","duration":1,"durationMicroseconds":517}
]]></output>
                  </test-case>
                  <test-case id="1080" name="SampleParamPoly3_ReturnsCorrectValuesForPoly3Inputs(UnityEngine.SimViz.Content.MapElements.Poly3Data,0.0f,(0.0, -1.0),0.0f)" fullname="UnityEngine.SimViz.Content.ContentTests.GeometryTests.SampleParamPoly3_ReturnsCorrectValuesForPoly3Inputs(UnityEngine.SimViz.Content.MapElements.Poly3Data,0.0f,(0.0, -1.0),0.0f)" methodname="SampleParamPoly3_ReturnsCorrectValuesForPoly3Inputs" classname="UnityEngine.SimViz.Content.ContentTests.GeometryTests" runstate="Runnable" seed="1723727963" result="Passed" start-time="2020-01-09 23:28:00Z" end-time="2020-01-09 23:28:00Z" duration="0.000548" asserts="0">
                    <properties>
                      <property name="Description" value="Constant factor test #2" />
                    </properties>
                    <output><![CDATA[
##utp:{"type":"TestStatus","time":1578612480485,"version":2,"phase":"Begin","processId":5764,"name":"UnityEngine.SimViz.Content.ContentTests.GeometryTests.SampleParamPoly3_ReturnsCorrectValuesForPoly3Inputs(UnityEngine.SimViz.Content.MapElements.Poly3Data,0.0f,(0.0, -1.0),0.0f)","state":0}

##utp:{"type":"TestStatus","time":1578612480487,"version":2,"phase":"End","processId":5764,"name":"UnityEngine.SimViz.Content.ContentTests.GeometryTests.SampleParamPoly3_ReturnsCorrectValuesForPoly3Inputs(UnityEngine.SimViz.Content.MapElements.Poly3Data,0.0f,(0.0, -1.0),0.0f)","state":4,"message":"","duration":1,"durationMicroseconds":548}
]]></output>
                  </test-case>
                  <test-case id="1081" name="SampleParamPoly3_ReturnsCorrectValuesForPoly3Inputs(UnityEngine.SimViz.Content.MapElements.Poly3Data,10.0f,(10.0, -1.0),0.0f)" fullname="UnityEngine.SimViz.Content.ContentTests.GeometryTests.SampleParamPoly3_ReturnsCorrectValuesForPoly3Inputs(UnityEngine.SimViz.Content.MapElements.Poly3Data,10.0f,(10.0, -1.0),0.0f)" methodname="SampleParamPoly3_ReturnsCorrectValuesForPoly3Inputs" classname="UnityEngine.SimViz.Content.ContentTests.GeometryTests" runstate="Runnable" seed="1677231508" result="Passed" start-time="2020-01-09 23:28:00Z" end-time="2020-01-09 23:28:00Z" duration="0.001215" asserts="0">
                    <properties>
                      <property name="Description" value="Constant factor test #3" />
                    </properties>
                    <output><![CDATA[
##utp:{"type":"TestStatus","time":1578612480487,"version":2,"phase":"Begin","processId":5764,"name":"UnityEngine.SimViz.Content.ContentTests.GeometryTests.SampleParamPoly3_ReturnsCorrectValuesForPoly3Inputs(UnityEngine.SimViz.Content.MapElements.Poly3Data,10.0f,(10.0, -1.0),0.0f)","state":0}

##utp:{"type":"TestStatus","time":1578612480490,"version":2,"phase":"End","processId":5764,"name":"UnityEngine.SimViz.Content.ContentTests.GeometryTests.SampleParamPoly3_ReturnsCorrectValuesForPoly3Inputs(UnityEngine.SimViz.Content.MapElements.Poly3Data,10.0f,(10.0, -1.0),0.0f)","state":4,"message":"","duration":1,"durationMicroseconds":1215}
]]></output>
                  </test-case>
                  <test-case id="1082" name="SampleParamPoly3_ReturnsCorrectValuesForPoly3Inputs(UnityEngine.SimViz.Content.MapElements.Poly3Data,1,(1.0, 0.2),21.31946f)" fullname="UnityEngine.SimViz.Content.ContentTests.GeometryTests.SampleParamPoly3_ReturnsCorrectValuesForPoly3Inputs(UnityEngine.SimViz.Content.MapElements.Poly3Data,1,(1.0, 0.2),21.31946f)" methodname="SampleParamPoly3_ReturnsCorrectValuesForPoly3Inputs" classname="UnityEngine.SimViz.Content.ContentTests.GeometryTests" runstate="Runnable" seed="438757378" result="Passed" start-time="2020-01-09 23:28:00Z" end-time="2020-01-09 23:28:00Z" duration="0.000790" asserts="0">
                    <properties>
                      <property name="Description" value=".2x^2 @ 1" />
                    </properties>
                    <output><![CDATA[
##utp:{"type":"TestStatus","time":1578612480505,"version":2,"phase":"Begin","processId":5764,"name":"UnityEngine.SimViz.Content.ContentTests.GeometryTests.SampleParamPoly3_ReturnsCorrectValuesForPoly3Inputs(UnityEngine.SimViz.Content.MapElements.Poly3Data,1,(1.0, 0.2),21.31946f)","state":0}

##utp:{"type":"TestStatus","time":1578612480507,"version":2,"phase":"End","processId":5764,"name":"UnityEngine.SimViz.Content.ContentTests.GeometryTests.SampleParamPoly3_ReturnsCorrectValuesForPoly3Inputs(UnityEngine.SimViz.Content.MapElements.Poly3Data,1,(1.0, 0.2),21.31946f)","state":4,"message":"","duration":1,"durationMicroseconds":790}
]]></output>
                  </test-case>
                  <test-case id="1083" name="SampleParamPoly3_ReturnsCorrectValuesForPoly3Inputs(UnityEngine.SimViz.Content.MapElements.Poly3Data,1,(0.9, 0.3),38.65137f)" fullname="UnityEngine.SimViz.Content.ContentTests.GeometryTests.SampleParamPoly3_ReturnsCorrectValuesForPoly3Inputs(UnityEngine.SimViz.Content.MapElements.Poly3Data,1,(0.9, 0.3),38.65137f)" methodname="SampleParamPoly3_ReturnsCorrectValuesForPoly3Inputs" classname="UnityEngine.SimViz.Content.ContentTests.GeometryTests" runstate="Runnable" seed="20001336" result="Passed" start-time="2020-01-09 23:28:00Z" end-time="2020-01-09 23:28:00Z" duration="0.000500" asserts="0">
                    <properties>
                      <property name="Description" value=".3x^3 @ 1" />
                    </properties>
                    <output><![CDATA[
##utp:{"type":"TestStatus","time":1578612480507,"version":2,"phase":"Begin","processId":5764,"name":"UnityEngine.SimViz.Content.ContentTests.GeometryTests.SampleParamPoly3_ReturnsCorrectValuesForPoly3Inputs(UnityEngine.SimViz.Content.MapElements.Poly3Data,1,(0.9, 0.3),38.65137f)","state":0}

##utp:{"type":"TestStatus","time":1578612480509,"version":2,"phase":"End","processId":5764,"name":"UnityEngine.SimViz.Content.ContentTests.GeometryTests.SampleParamPoly3_ReturnsCorrectValuesForPoly3Inputs(UnityEngine.SimViz.Content.MapElements.Poly3Data,1,(0.9, 0.3),38.65137f)","state":4,"message":"","duration":0,"durationMicroseconds":500}
]]></output>
                  </test-case>
                  <test-case id="1084" name="SampleParamPoly3_ReturnsCorrectValuesForPoly3Inputs(UnityEngine.SimViz.Content.MapElements.Poly3Data,54.47684f,(3.0, 54.0),88.93909f)" fullname="UnityEngine.SimViz.Content.ContentTests.GeometryTests.SampleParamPoly3_ReturnsCorrectValuesForPoly3Inputs(UnityEngine.SimViz.Content.MapElements.Poly3Data,54.47684f,(3.0, 54.0),88.93909f)" methodname="SampleParamPoly3_ReturnsCorrectValuesForPoly3Inputs" classname="UnityEngine.SimViz.Content.ContentTests.GeometryTests" runstate="Runnable" seed="649512059" result="Passed" start-time="2020-01-09 23:28:00Z" end-time="2020-01-09 23:28:00Z" duration="0.003698" asserts="0">
                    <properties>
                      <property name="Description" value="2x^3 @ 3" />
                    </properties>
                    <output><![CDATA[
##utp:{"type":"TestStatus","time":1578612480509,"version":2,"phase":"Begin","processId":5764,"name":"UnityEngine.SimViz.Content.ContentTests.GeometryTests.SampleParamPoly3_ReturnsCorrectValuesForPoly3Inputs(UnityEngine.SimViz.Content.MapElements.Poly3Data,54.47684f,(3.0, 54.0),88.93909f)","state":0}

##utp:{"type":"TestStatus","time":1578612480514,"version":2,"phase":"End","processId":5764,"name":"UnityEngine.SimViz.Content.ContentTests.GeometryTests.SampleParamPoly3_ReturnsCorrectValuesForPoly3Inputs(UnityEngine.SimViz.Content.MapElements.Poly3Data,54.47684f,(3.0, 54.0),88.93909f)","state":4,"message":"","duration":4,"durationMicroseconds":3698}
]]></output>
                  </test-case>
                </test-suite>
                <test-suite type="ParameterizedMethod" id="1065" name="SamplePoly3_ReturnsCorrectValues" fullname="UnityEngine.SimViz.Content.ContentTests.GeometryTests.SamplePoly3_ReturnsCorrectValues" classname="UnityEngine.SimViz.Content.ContentTests.GeometryTests" runstate="Runnable" testcasecount="9" result="Passed" start-time="2020-01-09 23:28:00Z" end-time="2020-01-09 23:28:00Z" duration="0.024665" total="9" passed="9" failed="0" inconclusive="0" skipped="0" asserts="0">
                  <properties />
                  <test-case id="1056" name="SamplePoly3_ReturnsCorrectValues(UnityEngine.SimViz.Content.MapElements.Poly3Data,0.0f,(0.0, 0.0),0.0f)" fullname="UnityEngine.SimViz.Content.ContentTests.GeometryTests.SamplePoly3_ReturnsCorrectValues(UnityEngine.SimViz.Content.MapElements.Poly3Data,0.0f,(0.0, 0.0),0.0f)" methodname="SamplePoly3_ReturnsCorrectValues" classname="UnityEngine.SimViz.Content.ContentTests.GeometryTests" runstate="Runnable" seed="982634528" result="Passed" start-time="2020-01-09 23:28:00Z" end-time="2020-01-09 23:28:00Z" duration="0.001160" asserts="0">
                    <properties />
                    <output><![CDATA[
##utp:{"type":"TestStatus","time":1578612480536,"version":2,"phase":"Begin","processId":5764,"name":"UnityEngine.SimViz.Content.ContentTests.GeometryTests.SamplePoly3_ReturnsCorrectValues(UnityEngine.SimViz.Content.MapElements.Poly3Data,0.0f,(0.0, 0.0),0.0f)","state":0}

##utp:{"type":"TestStatus","time":1578612480538,"version":2,"phase":"End","processId":5764,"name":"UnityEngine.SimViz.Content.ContentTests.GeometryTests.SamplePoly3_ReturnsCorrectValues(UnityEngine.SimViz.Content.MapElements.Poly3Data,0.0f,(0.0, 0.0),0.0f)","state":4,"message":"","duration":1,"durationMicroseconds":1160}
]]></output>
                  </test-case>
                  <test-case id="1057" name="SamplePoly3_ReturnsCorrectValues(UnityEngine.SimViz.Content.MapElements.Poly3Data,0.5f,(0.5, 0.0),0.0f)" fullname="UnityEngine.SimViz.Content.ContentTests.GeometryTests.SamplePoly3_ReturnsCorrectValues(UnityEngine.SimViz.Content.MapElements.Poly3Data,0.5f,(0.5, 0.0),0.0f)" methodname="SamplePoly3_ReturnsCorrectValues" classname="UnityEngine.SimViz.Content.ContentTests.GeometryTests" runstate="Runnable" seed="1498522402" result="Passed" start-time="2020-01-09 23:28:00Z" end-time="2020-01-09 23:28:00Z" duration="0.000463" asserts="0">
                    <properties />
                    <output><![CDATA[
##utp:{"type":"TestStatus","time":1578612480539,"version":2,"phase":"Begin","processId":5764,"name":"UnityEngine.SimViz.Content.ContentTests.GeometryTests.SamplePoly3_ReturnsCorrectValues(UnityEngine.SimViz.Content.MapElements.Poly3Data,0.5f,(0.5, 0.0),0.0f)","state":0}

##utp:{"type":"TestStatus","time":1578612480540,"version":2,"phase":"End","processId":5764,"name":"UnityEngine.SimViz.Content.ContentTests.GeometryTests.SamplePoly3_ReturnsCorrectValues(UnityEngine.SimViz.Content.MapElements.Poly3Data,0.5f,(0.5, 0.0),0.0f)","state":4,"message":"","duration":0,"durationMicroseconds":463}
]]></output>
                  </test-case>
                  <test-case id="1058" name="SamplePoly3_ReturnsCorrectValues(UnityEngine.SimViz.Content.MapElements.Poly3Data,1,(1.0, 0.0),0.0f)" fullname="UnityEngine.SimViz.Content.ContentTests.GeometryTests.SamplePoly3_ReturnsCorrectValues(UnityEngine.SimViz.Content.MapElements.Poly3Data,1,(1.0, 0.0),0.0f)" methodname="SamplePoly3_ReturnsCorrectValues" classname="UnityEngine.SimViz.Content.ContentTests.GeometryTests" runstate="Runnable" seed="171114918" result="Passed" start-time="2020-01-09 23:28:00Z" end-time="2020-01-09 23:28:00Z" duration="0.000480" asserts="0">
                    <properties />
                    <output><![CDATA[
##utp:{"type":"TestStatus","time":1578612480540,"version":2,"phase":"Begin","processId":5764,"name":"UnityEngine.SimViz.Content.ContentTests.GeometryTests.SamplePoly3_ReturnsCorrectValues(UnityEngine.SimViz.Content.MapElements.Poly3Data,1,(1.0, 0.0),0.0f)","state":0}

##utp:{"type":"TestStatus","time":1578612480542,"version":2,"phase":"End","processId":5764,"name":"UnityEngine.SimViz.Content.ContentTests.GeometryTests.SamplePoly3_ReturnsCorrectValues(UnityEngine.SimViz.Content.MapElements.Poly3Data,1,(1.0, 0.0),0.0f)","state":4,"message":"","duration":0,"durationMicroseconds":480}
]]></output>
                  </test-case>
                  <test-case id="1059" name="SamplePoly3_ReturnsCorrectValues(UnityEngine.SimViz.Content.MapElements.Poly3Data,0.0f,(0.0, 1.0),0.0f)" fullname="UnityEngine.SimViz.Content.ContentTests.GeometryTests.SamplePoly3_ReturnsCorrectValues(UnityEngine.SimViz.Content.MapElements.Poly3Data,0.0f,(0.0, 1.0),0.0f)" methodname="SamplePoly3_ReturnsCorrectValues" classname="UnityEngine.SimViz.Content.ContentTests.GeometryTests" runstate="Runnable" seed="94625598" result="Passed" start-time="2020-01-09 23:28:00Z" end-time="2020-01-09 23:28:00Z" duration="0.000592" asserts="0">
                    <properties>
                      <property name="Description" value="Constant factor test #1" />
                    </properties>
                    <output><![CDATA[
##utp:{"type":"TestStatus","time":1578612480542,"version":2,"phase":"Begin","processId":5764,"name":"UnityEngine.SimViz.Content.ContentTests.GeometryTests.SamplePoly3_ReturnsCorrectValues(UnityEngine.SimViz.Content.MapElements.Poly3Data,0.0f,(0.0, 1.0),0.0f)","state":0}

##utp:{"type":"TestStatus","time":1578612480544,"version":2,"phase":"End","processId":5764,"name":"UnityEngine.SimViz.Content.ContentTests.GeometryTests.SamplePoly3_ReturnsCorrectValues(UnityEngine.SimViz.Content.MapElements.Poly3Data,0.0f,(0.0, 1.0),0.0f)","state":4,"message":"","duration":1,"durationMicroseconds":592}
]]></output>
                  </test-case>
                  <test-case id="1060" name="SamplePoly3_ReturnsCorrectValues(UnityEngine.SimViz.Content.MapElements.Poly3Data,0.0f,(0.0, -1.0),0.0f)" fullname="UnityEngine.SimViz.Content.ContentTests.GeometryTests.SamplePoly3_ReturnsCorrectValues(UnityEngine.SimViz.Content.MapElements.Poly3Data,0.0f,(0.0, -1.0),0.0f)" methodname="SamplePoly3_ReturnsCorrectValues" classname="UnityEngine.SimViz.Content.ContentTests.GeometryTests" runstate="Runnable" seed="589208558" result="Passed" start-time="2020-01-09 23:28:00Z" end-time="2020-01-09 23:28:00Z" duration="0.000448" asserts="0">
                    <properties>
                      <property name="Description" value="Constant factor test #2" />
                    </properties>
                    <output><![CDATA[
##utp:{"type":"TestStatus","time":1578612480544,"version":2,"phase":"Begin","processId":5764,"name":"UnityEngine.SimViz.Content.ContentTests.GeometryTests.SamplePoly3_ReturnsCorrectValues(UnityEngine.SimViz.Content.MapElements.Poly3Data,0.0f,(0.0, -1.0),0.0f)","state":0}

##utp:{"type":"TestStatus","time":1578612480546,"version":2,"phase":"End","processId":5764,"name":"UnityEngine.SimViz.Content.ContentTests.GeometryTests.SamplePoly3_ReturnsCorrectValues(UnityEngine.SimViz.Content.MapElements.Poly3Data,0.0f,(0.0, -1.0),0.0f)","state":4,"message":"","duration":0,"durationMicroseconds":448}
]]></output>
                  </test-case>
                  <test-case id="1061" name="SamplePoly3_ReturnsCorrectValues(UnityEngine.SimViz.Content.MapElements.Poly3Data,10.0f,(10.0, -1.0),0.0f)" fullname="UnityEngine.SimViz.Content.ContentTests.GeometryTests.SamplePoly3_ReturnsCorrectValues(UnityEngine.SimViz.Content.MapElements.Poly3Data,10.0f,(10.0, -1.0),0.0f)" methodname="SamplePoly3_ReturnsCorrectValues" classname="UnityEngine.SimViz.Content.ContentTests.GeometryTests" runstate="Runnable" seed="1200674562" result="Passed" start-time="2020-01-09 23:28:00Z" end-time="2020-01-09 23:28:00Z" duration="0.000517" asserts="0">
                    <properties>
                      <property name="Description" value="Constant factor test #3" />
                    </properties>
                    <output><![CDATA[
##utp:{"type":"TestStatus","time":1578612480546,"version":2,"phase":"Begin","processId":5764,"name":"UnityEngine.SimViz.Content.ContentTests.GeometryTests.SamplePoly3_ReturnsCorrectValues(UnityEngine.SimViz.Content.MapElements.Poly3Data,10.0f,(10.0, -1.0),0.0f)","state":0}

##utp:{"type":"TestStatus","time":1578612480548,"version":2,"phase":"End","processId":5764,"name":"UnityEngine.SimViz.Content.ContentTests.GeometryTests.SamplePoly3_ReturnsCorrectValues(UnityEngine.SimViz.Content.MapElements.Poly3Data,10.0f,(10.0, -1.0),0.0f)","state":4,"message":"","duration":1,"durationMicroseconds":517}
]]></output>
                  </test-case>
                  <test-case id="1062" name="SamplePoly3_ReturnsCorrectValues(UnityEngine.SimViz.Content.MapElements.Poly3Data,1,(1.0, 0.2),21.31946f)" fullname="UnityEngine.SimViz.Content.ContentTests.GeometryTests.SamplePoly3_ReturnsCorrectValues(UnityEngine.SimViz.Content.MapElements.Poly3Data,1,(1.0, 0.2),21.31946f)" methodname="SamplePoly3_ReturnsCorrectValues" classname="UnityEngine.SimViz.Content.ContentTests.GeometryTests" runstate="Runnable" seed="350846867" result="Passed" start-time="2020-01-09 23:28:00Z" end-time="2020-01-09 23:28:00Z" duration="0.000450" asserts="0">
                    <properties>
                      <property name="Description" value=".2x^2 @ 1" />
                    </properties>
                    <output><![CDATA[
##utp:{"type":"TestStatus","time":1578612480548,"version":2,"phase":"Begin","processId":5764,"name":"UnityEngine.SimViz.Content.ContentTests.GeometryTests.SamplePoly3_ReturnsCorrectValues(UnityEngine.SimViz.Content.MapElements.Poly3Data,1,(1.0, 0.2),21.31946f)","state":0}

##utp:{"type":"TestStatus","time":1578612480549,"version":2,"phase":"End","processId":5764,"name":"UnityEngine.SimViz.Content.ContentTests.GeometryTests.SamplePoly3_ReturnsCorrectValues(UnityEngine.SimViz.Content.MapElements.Poly3Data,1,(1.0, 0.2),21.31946f)","state":4,"message":"","duration":0,"durationMicroseconds":450}
]]></output>
                  </test-case>
                  <test-case id="1063" name="SamplePoly3_ReturnsCorrectValues(UnityEngine.SimViz.Content.MapElements.Poly3Data,1,(0.9, 0.3),38.65137f)" fullname="UnityEngine.SimViz.Content.ContentTests.GeometryTests.SamplePoly3_ReturnsCorrectValues(UnityEngine.SimViz.Content.MapElements.Poly3Data,1,(0.9, 0.3),38.65137f)" methodname="SamplePoly3_ReturnsCorrectValues" classname="UnityEngine.SimViz.Content.ContentTests.GeometryTests" runstate="Runnable" seed="1841030460" result="Passed" start-time="2020-01-09 23:28:00Z" end-time="2020-01-09 23:28:00Z" duration="0.000454" asserts="0">
                    <properties>
                      <property name="Description" value=".3x^3 @ 1" />
                    </properties>
                    <output><![CDATA[
##utp:{"type":"TestStatus","time":1578612480550,"version":2,"phase":"Begin","processId":5764,"name":"UnityEngine.SimViz.Content.ContentTests.GeometryTests.SamplePoly3_ReturnsCorrectValues(UnityEngine.SimViz.Content.MapElements.Poly3Data,1,(0.9, 0.3),38.65137f)","state":0}

##utp:{"type":"TestStatus","time":1578612480551,"version":2,"phase":"End","processId":5764,"name":"UnityEngine.SimViz.Content.ContentTests.GeometryTests.SamplePoly3_ReturnsCorrectValues(UnityEngine.SimViz.Content.MapElements.Poly3Data,1,(0.9, 0.3),38.65137f)","state":4,"message":"","duration":0,"durationMicroseconds":454}
]]></output>
                  </test-case>
                  <test-case id="1064" name="SamplePoly3_ReturnsCorrectValues(UnityEngine.SimViz.Content.MapElements.Poly3Data,54.47684f,(3.0, 54.0),88.93909f)" fullname="UnityEngine.SimViz.Content.ContentTests.GeometryTests.SamplePoly3_ReturnsCorrectValues(UnityEngine.SimViz.Content.MapElements.Poly3Data,54.47684f,(3.0, 54.0),88.93909f)" methodname="SamplePoly3_ReturnsCorrectValues" classname="UnityEngine.SimViz.Content.ContentTests.GeometryTests" runstate="Runnable" seed="1038063158" result="Passed" start-time="2020-01-09 23:28:00Z" end-time="2020-01-09 23:28:00Z" duration="0.000941" asserts="0">
                    <properties>
                      <property name="Description" value="2x^3 @ 3" />
                    </properties>
                    <output><![CDATA[
##utp:{"type":"TestStatus","time":1578612480551,"version":2,"phase":"Begin","processId":5764,"name":"UnityEngine.SimViz.Content.ContentTests.GeometryTests.SamplePoly3_ReturnsCorrectValues(UnityEngine.SimViz.Content.MapElements.Poly3Data,54.47684f,(3.0, 54.0),88.93909f)","state":0}

##utp:{"type":"TestStatus","time":1578612480553,"version":2,"phase":"End","processId":5764,"name":"UnityEngine.SimViz.Content.ContentTests.GeometryTests.SamplePoly3_ReturnsCorrectValues(UnityEngine.SimViz.Content.MapElements.Poly3Data,54.47684f,(3.0, 54.0),88.93909f)","state":4,"message":"","duration":1,"durationMicroseconds":941}
]]></output>
                  </test-case>
                </test-suite>
                <test-suite type="ParameterizedMethod" id="1075" name="SamplePoly3_WithInitialPose_ReturnsCorrectValues" fullname="UnityEngine.SimViz.Content.ContentTests.GeometryTests.SamplePoly3_WithInitialPose_ReturnsCorrectValues" classname="UnityEngine.SimViz.Content.ContentTests.GeometryTests" runstate="Runnable" testcasecount="9" result="Passed" start-time="2020-01-09 23:28:00Z" end-time="2020-01-09 23:28:00Z" duration="0.026345" total="9" passed="9" failed="0" inconclusive="0" skipped="0" asserts="0">
                  <properties />
                  <test-case id="1066" name="SamplePoly3_WithInitialPose_ReturnsCorrectValues(UnityEngine.SimViz.Content.MapElements.Poly3Data,0.0f,(0.0, 0.0),0.0f)" fullname="UnityEngine.SimViz.Content.ContentTests.GeometryTests.SamplePoly3_WithInitialPose_ReturnsCorrectValues(UnityEngine.SimViz.Content.MapElements.Poly3Data,0.0f,(0.0, 0.0),0.0f)" methodname="SamplePoly3_WithInitialPose_ReturnsCorrectValues" classname="UnityEngine.SimViz.Content.ContentTests.GeometryTests" runstate="Runnable" seed="1998369080" result="Passed" start-time="2020-01-09 23:28:00Z" end-time="2020-01-09 23:28:00Z" duration="0.001037" asserts="0">
                    <properties />
                    <output><![CDATA[
##utp:{"type":"TestStatus","time":1578612480575,"version":2,"phase":"Begin","processId":5764,"name":"UnityEngine.SimViz.Content.ContentTests.GeometryTests.SamplePoly3_WithInitialPose_ReturnsCorrectValues(UnityEngine.SimViz.Content.MapElements.Poly3Data,0.0f,(0.0, 0.0),0.0f)","state":0}

##utp:{"type":"TestStatus","time":1578612480578,"version":2,"phase":"End","processId":5764,"name":"UnityEngine.SimViz.Content.ContentTests.GeometryTests.SamplePoly3_WithInitialPose_ReturnsCorrectValues(UnityEngine.SimViz.Content.MapElements.Poly3Data,0.0f,(0.0, 0.0),0.0f)","state":4,"message":"","duration":1,"durationMicroseconds":1037}
]]></output>
                  </test-case>
                  <test-case id="1067" name="SamplePoly3_WithInitialPose_ReturnsCorrectValues(UnityEngine.SimViz.Content.MapElements.Poly3Data,0.5f,(0.5, 0.0),0.0f)" fullname="UnityEngine.SimViz.Content.ContentTests.GeometryTests.SamplePoly3_WithInitialPose_ReturnsCorrectValues(UnityEngine.SimViz.Content.MapElements.Poly3Data,0.5f,(0.5, 0.0),0.0f)" methodname="SamplePoly3_WithInitialPose_ReturnsCorrectValues" classname="UnityEngine.SimViz.Content.ContentTests.GeometryTests" runstate="Runnable" seed="1363295092" result="Passed" start-time="2020-01-09 23:28:00Z" end-time="2020-01-09 23:28:00Z" duration="0.000526" asserts="0">
                    <properties />
                    <output><![CDATA[
##utp:{"type":"TestStatus","time":1578612480578,"version":2,"phase":"Begin","processId":5764,"name":"UnityEngine.SimViz.Content.ContentTests.GeometryTests.SamplePoly3_WithInitialPose_ReturnsCorrectValues(UnityEngine.SimViz.Content.MapElements.Poly3Data,0.5f,(0.5, 0.0),0.0f)","state":0}

##utp:{"type":"TestStatus","time":1578612480580,"version":2,"phase":"End","processId":5764,"name":"UnityEngine.SimViz.Content.ContentTests.GeometryTests.SamplePoly3_WithInitialPose_ReturnsCorrectValues(UnityEngine.SimViz.Content.MapElements.Poly3Data,0.5f,(0.5, 0.0),0.0f)","state":4,"message":"","duration":1,"durationMicroseconds":526}
]]></output>
                  </test-case>
                  <test-case id="1068" name="SamplePoly3_WithInitialPose_ReturnsCorrectValues(UnityEngine.SimViz.Content.MapElements.Poly3Data,1,(1.0, 0.0),0.0f)" fullname="UnityEngine.SimViz.Content.ContentTests.GeometryTests.SamplePoly3_WithInitialPose_ReturnsCorrectValues(UnityEngine.SimViz.Content.MapElements.Poly3Data,1,(1.0, 0.0),0.0f)" methodname="SamplePoly3_WithInitialPose_ReturnsCorrectValues" classname="UnityEngine.SimViz.Content.ContentTests.GeometryTests" runstate="Runnable" seed="1625476090" result="Passed" start-time="2020-01-09 23:28:00Z" end-time="2020-01-09 23:28:00Z" duration="0.000520" asserts="0">
                    <properties />
                    <output><![CDATA[
##utp:{"type":"TestStatus","time":1578612480580,"version":2,"phase":"Begin","processId":5764,"name":"UnityEngine.SimViz.Content.ContentTests.GeometryTests.SamplePoly3_WithInitialPose_ReturnsCorrectValues(UnityEngine.SimViz.Content.MapElements.Poly3Data,1,(1.0, 0.0),0.0f)","state":0}

##utp:{"type":"TestStatus","time":1578612480582,"version":2,"phase":"End","processId":5764,"name":"UnityEngine.SimViz.Content.ContentTests.GeometryTests.SamplePoly3_WithInitialPose_ReturnsCorrectValues(UnityEngine.SimViz.Content.MapElements.Poly3Data,1,(1.0, 0.0),0.0f)","state":4,"message":"","duration":1,"durationMicroseconds":520}
]]></output>
                  </test-case>
                  <test-case id="1069" name="SamplePoly3_WithInitialPose_ReturnsCorrectValues(UnityEngine.SimViz.Content.MapElements.Poly3Data,0.0f,(0.0, 1.0),0.0f)" fullname="UnityEngine.SimViz.Content.ContentTests.GeometryTests.SamplePoly3_WithInitialPose_ReturnsCorrectValues(UnityEngine.SimViz.Content.MapElements.Poly3Data,0.0f,(0.0, 1.0),0.0f)" methodname="SamplePoly3_WithInitialPose_ReturnsCorrectValues" classname="UnityEngine.SimViz.Content.ContentTests.GeometryTests" runstate="Runnable" seed="1982753173" result="Passed" start-time="2020-01-09 23:28:00Z" end-time="2020-01-09 23:28:00Z" duration="0.000513" asserts="0">
                    <properties>
                      <property name="Description" value="Constant factor test #1" />
                    </properties>
                    <output><![CDATA[
##utp:{"type":"TestStatus","time":1578612480582,"version":2,"phase":"Begin","processId":5764,"name":"UnityEngine.SimViz.Content.ContentTests.GeometryTests.SamplePoly3_WithInitialPose_ReturnsCorrectValues(UnityEngine.SimViz.Content.MapElements.Poly3Data,0.0f,(0.0, 1.0),0.0f)","state":0}

##utp:{"type":"TestStatus","time":1578612480584,"version":2,"phase":"End","processId":5764,"name":"UnityEngine.SimViz.Content.ContentTests.GeometryTests.SamplePoly3_WithInitialPose_ReturnsCorrectValues(UnityEngine.SimViz.Content.MapElements.Poly3Data,0.0f,(0.0, 1.0),0.0f)","state":4,"message":"","duration":1,"durationMicroseconds":513}
]]></output>
                  </test-case>
                  <test-case id="1070" name="SamplePoly3_WithInitialPose_ReturnsCorrectValues(UnityEngine.SimViz.Content.MapElements.Poly3Data,0.0f,(0.0, -1.0),0.0f)" fullname="UnityEngine.SimViz.Content.ContentTests.GeometryTests.SamplePoly3_WithInitialPose_ReturnsCorrectValues(UnityEngine.SimViz.Content.MapElements.Poly3Data,0.0f,(0.0, -1.0),0.0f)" methodname="SamplePoly3_WithInitialPose_ReturnsCorrectValues" classname="UnityEngine.SimViz.Content.ContentTests.GeometryTests" runstate="Runnable" seed="399127738" result="Passed" start-time="2020-01-09 23:28:00Z" end-time="2020-01-09 23:28:00Z" duration="0.000557" asserts="0">
                    <properties>
                      <property name="Description" value="Constant factor test #2" />
                    </properties>
                    <output><![CDATA[
##utp:{"type":"TestStatus","time":1578612480584,"version":2,"phase":"Begin","processId":5764,"name":"UnityEngine.SimViz.Content.ContentTests.GeometryTests.SamplePoly3_WithInitialPose_ReturnsCorrectValues(UnityEngine.SimViz.Content.MapElements.Poly3Data,0.0f,(0.0, -1.0),0.0f)","state":0}

##utp:{"type":"TestStatus","time":1578612480586,"version":2,"phase":"End","processId":5764,"name":"UnityEngine.SimViz.Content.ContentTests.GeometryTests.SamplePoly3_WithInitialPose_ReturnsCorrectValues(UnityEngine.SimViz.Content.MapElements.Poly3Data,0.0f,(0.0, -1.0),0.0f)","state":4,"message":"","duration":1,"durationMicroseconds":557}
]]></output>
                  </test-case>
                  <test-case id="1071" name="SamplePoly3_WithInitialPose_ReturnsCorrectValues(UnityEngine.SimViz.Content.MapElements.Poly3Data,10.0f,(10.0, -1.0),0.0f)" fullname="UnityEngine.SimViz.Content.ContentTests.GeometryTests.SamplePoly3_WithInitialPose_ReturnsCorrectValues(UnityEngine.SimViz.Content.MapElements.Poly3Data,10.0f,(10.0, -1.0),0.0f)" methodname="SamplePoly3_WithInitialPose_ReturnsCorrectValues" classname="UnityEngine.SimViz.Content.ContentTests.GeometryTests" runstate="Runnable" seed="1306611424" result="Passed" start-time="2020-01-09 23:28:00Z" end-time="2020-01-09 23:28:00Z" duration="0.000547" asserts="0">
                    <properties>
                      <property name="Description" value="Constant factor test #3" />
                    </properties>
                    <output><![CDATA[
##utp:{"type":"TestStatus","time":1578612480586,"version":2,"phase":"Begin","processId":5764,"name":"UnityEngine.SimViz.Content.ContentTests.GeometryTests.SamplePoly3_WithInitialPose_ReturnsCorrectValues(UnityEngine.SimViz.Content.MapElements.Poly3Data,10.0f,(10.0, -1.0),0.0f)","state":0}

##utp:{"type":"TestStatus","time":1578612480588,"version":2,"phase":"End","processId":5764,"name":"UnityEngine.SimViz.Content.ContentTests.GeometryTests.SamplePoly3_WithInitialPose_ReturnsCorrectValues(UnityEngine.SimViz.Content.MapElements.Poly3Data,10.0f,(10.0, -1.0),0.0f)","state":4,"message":"","duration":1,"durationMicroseconds":547}
]]></output>
                  </test-case>
                  <test-case id="1072" name="SamplePoly3_WithInitialPose_ReturnsCorrectValues(UnityEngine.SimViz.Content.MapElements.Poly3Data,1,(1.0, 0.2),21.31946f)" fullname="UnityEngine.SimViz.Content.ContentTests.GeometryTests.SamplePoly3_WithInitialPose_ReturnsCorrectValues(UnityEngine.SimViz.Content.MapElements.Poly3Data,1,(1.0, 0.2),21.31946f)" methodname="SamplePoly3_WithInitialPose_ReturnsCorrectValues" classname="UnityEngine.SimViz.Content.ContentTests.GeometryTests" runstate="Runnable" seed="862094149" result="Passed" start-time="2020-01-09 23:28:00Z" end-time="2020-01-09 23:28:00Z" duration="0.000459" asserts="0">
                    <properties>
                      <property name="Description" value=".2x^2 @ 1" />
                    </properties>
                    <output><![CDATA[
##utp:{"type":"TestStatus","time":1578612480588,"version":2,"phase":"Begin","processId":5764,"name":"UnityEngine.SimViz.Content.ContentTests.GeometryTests.SamplePoly3_WithInitialPose_ReturnsCorrectValues(UnityEngine.SimViz.Content.MapElements.Poly3Data,1,(1.0, 0.2),21.31946f)","state":0}

##utp:{"type":"TestStatus","time":1578612480590,"version":2,"phase":"End","processId":5764,"name":"UnityEngine.SimViz.Content.ContentTests.GeometryTests.SamplePoly3_WithInitialPose_ReturnsCorrectValues(UnityEngine.SimViz.Content.MapElements.Poly3Data,1,(1.0, 0.2),21.31946f)","state":4,"message":"","duration":0,"durationMicroseconds":459}
]]></output>
                  </test-case>
                  <test-case id="1073" name="SamplePoly3_WithInitialPose_ReturnsCorrectValues(UnityEngine.SimViz.Content.MapElements.Poly3Data,1,(0.9, 0.3),38.65137f)" fullname="UnityEngine.SimViz.Content.ContentTests.GeometryTests.SamplePoly3_WithInitialPose_ReturnsCorrectValues(UnityEngine.SimViz.Content.MapElements.Poly3Data,1,(0.9, 0.3),38.65137f)" methodname="SamplePoly3_WithInitialPose_ReturnsCorrectValues" classname="UnityEngine.SimViz.Content.ContentTests.GeometryTests" runstate="Runnable" seed="1951160443" result="Passed" start-time="2020-01-09 23:28:00Z" end-time="2020-01-09 23:28:00Z" duration="0.000446" asserts="0">
                    <properties>
                      <property name="Description" value=".3x^3 @ 1" />
                    </properties>
                    <output><![CDATA[
##utp:{"type":"TestStatus","time":1578612480590,"version":2,"phase":"Begin","processId":5764,"name":"UnityEngine.SimViz.Content.ContentTests.GeometryTests.SamplePoly3_WithInitialPose_ReturnsCorrectValues(UnityEngine.SimViz.Content.MapElements.Poly3Data,1,(0.9, 0.3),38.65137f)","state":0}

##utp:{"type":"TestStatus","time":1578612480592,"version":2,"phase":"End","processId":5764,"name":"UnityEngine.SimViz.Content.ContentTests.GeometryTests.SamplePoly3_WithInitialPose_ReturnsCorrectValues(UnityEngine.SimViz.Content.MapElements.Poly3Data,1,(0.9, 0.3),38.65137f)","state":4,"message":"","duration":0,"durationMicroseconds":446}
]]></output>
                  </test-case>
                  <test-case id="1074" name="SamplePoly3_WithInitialPose_ReturnsCorrectValues(UnityEngine.SimViz.Content.MapElements.Poly3Data,54.47684f,(3.0, 54.0),88.93909f)" fullname="UnityEngine.SimViz.Content.ContentTests.GeometryTests.SamplePoly3_WithInitialPose_ReturnsCorrectValues(UnityEngine.SimViz.Content.MapElements.Poly3Data,54.47684f,(3.0, 54.0),88.93909f)" methodname="SamplePoly3_WithInitialPose_ReturnsCorrectValues" classname="UnityEngine.SimViz.Content.ContentTests.GeometryTests" runstate="Runnable" seed="293060043" result="Passed" start-time="2020-01-09 23:28:00Z" end-time="2020-01-09 23:28:00Z" duration="0.000790" asserts="0">
                    <properties>
                      <property name="Description" value="2x^3 @ 3" />
                    </properties>
                    <output><![CDATA[
##utp:{"type":"TestStatus","time":1578612480592,"version":2,"phase":"Begin","processId":5764,"name":"UnityEngine.SimViz.Content.ContentTests.GeometryTests.SamplePoly3_WithInitialPose_ReturnsCorrectValues(UnityEngine.SimViz.Content.MapElements.Poly3Data,54.47684f,(3.0, 54.0),88.93909f)","state":0}

##utp:{"type":"TestStatus","time":1578612480594,"version":2,"phase":"End","processId":5764,"name":"UnityEngine.SimViz.Content.ContentTests.GeometryTests.SamplePoly3_WithInitialPose_ReturnsCorrectValues(UnityEngine.SimViz.Content.MapElements.Poly3Data,54.47684f,(3.0, 54.0),88.93909f)","state":4,"message":"","duration":1,"durationMicroseconds":790}
]]></output>
                  </test-case>
                </test-suite>
                <test-suite type="ParameterizedMethod" id="1047" name="SampleSpiral_WithConstantCurvature_ReturnsSameAsArc" fullname="UnityEngine.SimViz.Content.ContentTests.GeometryTests.SampleSpiral_WithConstantCurvature_ReturnsSameAsArc" classname="UnityEngine.SimViz.Content.ContentTests.GeometryTests" runstate="Runnable" testcasecount="7" result="Passed" start-time="2020-01-09 23:28:00Z" end-time="2020-01-09 23:28:00Z" duration="0.020275" total="7" passed="7" failed="0" inconclusive="0" skipped="0" asserts="0">
                  <properties />
                  <test-case id="1040" name="SampleSpiral_WithConstantCurvature_ReturnsSameAsArc(0,0,0,0,0)" fullname="UnityEngine.SimViz.Content.ContentTests.GeometryTests.SampleSpiral_WithConstantCurvature_ReturnsSameAsArc(0,0,0,0,0)" methodname="SampleSpiral_WithConstantCurvature_ReturnsSameAsArc" classname="UnityEngine.SimViz.Content.ContentTests.GeometryTests" runstate="Runnable" seed="2113445432" result="Passed" start-time="2020-01-09 23:28:00Z" end-time="2020-01-09 23:28:00Z" duration="0.001260" asserts="0">
                    <properties />
                    <output><![CDATA[
##utp:{"type":"TestStatus","time":1578612480617,"version":2,"phase":"Begin","processId":5764,"name":"UnityEngine.SimViz.Content.ContentTests.GeometryTests.SampleSpiral_WithConstantCurvature_ReturnsSameAsArc(0,0,0,0,0)","state":0}

##utp:{"type":"TestStatus","time":1578612480619,"version":2,"phase":"End","processId":5764,"name":"UnityEngine.SimViz.Content.ContentTests.GeometryTests.SampleSpiral_WithConstantCurvature_ReturnsSameAsArc(0,0,0,0,0)","state":4,"message":"","duration":1,"durationMicroseconds":1260}
]]></output>
                  </test-case>
                  <test-case id="1041" name="SampleSpiral_WithConstantCurvature_ReturnsSameAsArc(1,0,0,0,0)" fullname="UnityEngine.SimViz.Content.ContentTests.GeometryTests.SampleSpiral_WithConstantCurvature_ReturnsSameAsArc(1,0,0,0,0)" methodname="SampleSpiral_WithConstantCurvature_ReturnsSameAsArc" classname="UnityEngine.SimViz.Content.ContentTests.GeometryTests" runstate="Runnable" seed="474909328" result="Passed" start-time="2020-01-09 23:28:00Z" end-time="2020-01-09 23:28:00Z" duration="0.000537" asserts="0">
                    <properties />
                    <output><![CDATA[
##utp:{"type":"TestStatus","time":1578612480620,"version":2,"phase":"Begin","processId":5764,"name":"UnityEngine.SimViz.Content.ContentTests.GeometryTests.SampleSpiral_WithConstantCurvature_ReturnsSameAsArc(1,0,0,0,0)","state":0}

##utp:{"type":"TestStatus","time":1578612480621,"version":2,"phase":"End","processId":5764,"name":"UnityEngine.SimViz.Content.ContentTests.GeometryTests.SampleSpiral_WithConstantCurvature_ReturnsSameAsArc(1,0,0,0,0)","state":4,"message":"","duration":1,"durationMicroseconds":537}
]]></output>
                  </test-case>
                  <test-case id="1042" name="SampleSpiral_WithConstantCurvature_ReturnsSameAsArc(-1,0,0,0,0)" fullname="UnityEngine.SimViz.Content.ContentTests.GeometryTests.SampleSpiral_WithConstantCurvature_ReturnsSameAsArc(-1,0,0,0,0)" methodname="SampleSpiral_WithConstantCurvature_ReturnsSameAsArc" classname="UnityEngine.SimViz.Content.ContentTests.GeometryTests" runstate="Runnable" seed="1467247902" result="Passed" start-time="2020-01-09 23:28:00Z" end-time="2020-01-09 23:28:00Z" duration="0.000504" asserts="0">
                    <properties />
                    <output><![CDATA[
##utp:{"type":"TestStatus","time":1578612480622,"version":2,"phase":"Begin","processId":5764,"name":"UnityEngine.SimViz.Content.ContentTests.GeometryTests.SampleSpiral_WithConstantCurvature_ReturnsSameAsArc(-1,0,0,0,0)","state":0}

##utp:{"type":"TestStatus","time":1578612480623,"version":2,"phase":"End","processId":5764,"name":"UnityEngine.SimViz.Content.ContentTests.GeometryTests.SampleSpiral_WithConstantCurvature_ReturnsSameAsArc(-1,0,0,0,0)","state":4,"message":"","duration":1,"durationMicroseconds":504}
]]></output>
                  </test-case>
                  <test-case id="1043" name="SampleSpiral_WithConstantCurvature_ReturnsSameAsArc(1,3.141593f,0,2,180)" fullname="UnityEngine.SimViz.Content.ContentTests.GeometryTests.SampleSpiral_WithConstantCurvature_ReturnsSameAsArc(1,3.141593f,0,2,180)" methodname="SampleSpiral_WithConstantCurvature_ReturnsSameAsArc" classname="UnityEngine.SimViz.Content.ContentTests.GeometryTests" runstate="Runnable" seed="680013033" result="Passed" start-time="2020-01-09 23:28:00Z" end-time="2020-01-09 23:28:00Z" duration="0.000511" asserts="0">
                    <properties />
                    <output><![CDATA[
##utp:{"type":"TestStatus","time":1578612480623,"version":2,"phase":"Begin","processId":5764,"name":"UnityEngine.SimViz.Content.ContentTests.GeometryTests.SampleSpiral_WithConstantCurvature_ReturnsSameAsArc(1,3.141593f,0,2,180)","state":0}

##utp:{"type":"TestStatus","time":1578612480625,"version":2,"phase":"End","processId":5764,"name":"UnityEngine.SimViz.Content.ContentTests.GeometryTests.SampleSpiral_WithConstantCurvature_ReturnsSameAsArc(1,3.141593f,0,2,180)","state":4,"message":"","duration":1,"durationMicroseconds":511}
]]></output>
                  </test-case>
                  <test-case id="1044" name="SampleSpiral_WithConstantCurvature_ReturnsSameAsArc(-1,3.141593f,0,-2,180)" fullname="UnityEngine.SimViz.Content.ContentTests.GeometryTests.SampleSpiral_WithConstantCurvature_ReturnsSameAsArc(-1,3.141593f,0,-2,180)" methodname="SampleSpiral_WithConstantCurvature_ReturnsSameAsArc" classname="UnityEngine.SimViz.Content.ContentTests.GeometryTests" runstate="Runnable" seed="1915909487" result="Passed" start-time="2020-01-09 23:28:00Z" end-time="2020-01-09 23:28:00Z" duration="0.000529" asserts="0">
                    <properties />
                    <output><![CDATA[
##utp:{"type":"TestStatus","time":1578612480625,"version":2,"phase":"Begin","processId":5764,"name":"UnityEngine.SimViz.Content.ContentTests.GeometryTests.SampleSpiral_WithConstantCurvature_ReturnsSameAsArc(-1,3.141593f,0,-2,180)","state":0}

##utp:{"type":"TestStatus","time":1578612480627,"version":2,"phase":"End","processId":5764,"name":"UnityEngine.SimViz.Content.ContentTests.GeometryTests.SampleSpiral_WithConstantCurvature_ReturnsSameAsArc(-1,3.141593f,0,-2,180)","state":4,"message":"","duration":1,"durationMicroseconds":529}
]]></output>
                  </test-case>
                  <test-case id="1045" name="SampleSpiral_WithConstantCurvature_ReturnsSameAsArc(2,3.141593f,0,0,0)" fullname="UnityEngine.SimViz.Content.ContentTests.GeometryTests.SampleSpiral_WithConstantCurvature_ReturnsSameAsArc(2,3.141593f,0,0,0)" methodname="SampleSpiral_WithConstantCurvature_ReturnsSameAsArc" classname="UnityEngine.SimViz.Content.ContentTests.GeometryTests" runstate="Runnable" seed="2118197613" result="Passed" start-time="2020-01-09 23:28:00Z" end-time="2020-01-09 23:28:00Z" duration="0.000533" asserts="0">
                    <properties />
                    <output><![CDATA[
##utp:{"type":"TestStatus","time":1578612480627,"version":2,"phase":"Begin","processId":5764,"name":"UnityEngine.SimViz.Content.ContentTests.GeometryTests.SampleSpiral_WithConstantCurvature_ReturnsSameAsArc(2,3.141593f,0,0,0)","state":0}

##utp:{"type":"TestStatus","time":1578612480629,"version":2,"phase":"End","processId":5764,"name":"UnityEngine.SimViz.Content.ContentTests.GeometryTests.SampleSpiral_WithConstantCurvature_ReturnsSameAsArc(2,3.141593f,0,0,0)","state":4,"message":"","duration":1,"durationMicroseconds":533}
]]></output>
                  </test-case>
                  <test-case id="1046" name="SampleSpiral_WithConstantCurvature_ReturnsSameAsArc(0.5f,3.141593f,2,2,90)" fullname="UnityEngine.SimViz.Content.ContentTests.GeometryTests.SampleSpiral_WithConstantCurvature_ReturnsSameAsArc(0.5f,3.141593f,2,2,90)" methodname="SampleSpiral_WithConstantCurvature_ReturnsSameAsArc" classname="UnityEngine.SimViz.Content.ContentTests.GeometryTests" runstate="Runnable" seed="482278137" result="Passed" start-time="2020-01-09 23:28:00Z" end-time="2020-01-09 23:28:00Z" duration="0.000527" asserts="0">
                    <properties />
                    <output><![CDATA[
##utp:{"type":"TestStatus","time":1578612480629,"version":2,"phase":"Begin","processId":5764,"name":"UnityEngine.SimViz.Content.ContentTests.GeometryTests.SampleSpiral_WithConstantCurvature_ReturnsSameAsArc(0.5f,3.141593f,2,2,90)","state":0}

##utp:{"type":"TestStatus","time":1578612480630,"version":2,"phase":"End","processId":5764,"name":"UnityEngine.SimViz.Content.ContentTests.GeometryTests.SampleSpiral_WithConstantCurvature_ReturnsSameAsArc(0.5f,3.141593f,2,2,90)","state":4,"message":"","duration":1,"durationMicroseconds":527}
]]></output>
                  </test-case>
                </test-suite>
                <test-case id="1048" name="SampleSpiral_WithInitialHeading_ReturnsCorrectValues" fullname="UnityEngine.SimViz.Content.ContentTests.GeometryTests.SampleSpiral_WithInitialHeading_ReturnsCorrectValues" methodname="SampleSpiral_WithInitialHeading_ReturnsCorrectValues" classname="UnityEngine.SimViz.Content.ContentTests.GeometryTests" runstate="Runnable" seed="264501910" result="Passed" start-time="2020-01-09 23:28:00Z" end-time="2020-01-09 23:28:00Z" duration="0.001670" asserts="0">
                  <properties />
                  <output><![CDATA[
##utp:{"type":"TestStatus","time":1578612480641,"version":2,"phase":"Begin","processId":5764,"name":"UnityEngine.SimViz.Content.ContentTests.GeometryTests.SampleSpiral_WithInitialHeading_ReturnsCorrectValues","state":0}

##utp:{"type":"TestStatus","time":1578612480644,"version":2,"phase":"End","processId":5764,"name":"UnityEngine.SimViz.Content.ContentTests.GeometryTests.SampleSpiral_WithInitialHeading_ReturnsCorrectValues","state":4,"message":"","duration":2,"durationMicroseconds":1670}
]]></output>
                </test-case>
                <test-case id="1049" name="SampleSpiral_WithNegativeCurvature_ReturnsCorrectValues" fullname="UnityEngine.SimViz.Content.ContentTests.GeometryTests.SampleSpiral_WithNegativeCurvature_ReturnsCorrectValues" methodname="SampleSpiral_WithNegativeCurvature_ReturnsCorrectValues" classname="UnityEngine.SimViz.Content.ContentTests.GeometryTests" runstate="Runnable" seed="1305305" result="Passed" start-time="2020-01-09 23:28:00Z" end-time="2020-01-09 23:28:00Z" duration="0.000735" asserts="0">
                  <properties />
                  <output><![CDATA[
##utp:{"type":"TestStatus","time":1578612480644,"version":2,"phase":"Begin","processId":5764,"name":"UnityEngine.SimViz.Content.ContentTests.GeometryTests.SampleSpiral_WithNegativeCurvature_ReturnsCorrectValues","state":0}

##utp:{"type":"TestStatus","time":1578612480646,"version":2,"phase":"End","processId":5764,"name":"UnityEngine.SimViz.Content.ContentTests.GeometryTests.SampleSpiral_WithNegativeCurvature_ReturnsCorrectValues","state":4,"message":"","duration":1,"durationMicroseconds":735}
]]></output>
                </test-case>
                <test-case id="1050" name="SampleSpiral_WithNegativeToPositiveCurvature_ReturnsCorrectValues" fullname="UnityEngine.SimViz.Content.ContentTests.GeometryTests.SampleSpiral_WithNegativeToPositiveCurvature_ReturnsCorrectValues" methodname="SampleSpiral_WithNegativeToPositiveCurvature_ReturnsCorrectValues" classname="UnityEngine.SimViz.Content.ContentTests.GeometryTests" runstate="Runnable" seed="1169914846" result="Passed" start-time="2020-01-09 23:28:00Z" end-time="2020-01-09 23:28:00Z" duration="0.000697" asserts="0">
                  <properties />
                  <output><![CDATA[
##utp:{"type":"TestStatus","time":1578612480646,"version":2,"phase":"Begin","processId":5764,"name":"UnityEngine.SimViz.Content.ContentTests.GeometryTests.SampleSpiral_WithNegativeToPositiveCurvature_ReturnsCorrectValues","state":0}

##utp:{"type":"TestStatus","time":1578612480648,"version":2,"phase":"End","processId":5764,"name":"UnityEngine.SimViz.Content.ContentTests.GeometryTests.SampleSpiral_WithNegativeToPositiveCurvature_ReturnsCorrectValues","state":4,"message":"","duration":1,"durationMicroseconds":697}
]]></output>
                </test-case>
                <test-suite type="ParameterizedMethod" id="1055" name="SampleSpiral_WithPositiveToNegativeCurvature_ReturnsCorrectValues" fullname="UnityEngine.SimViz.Content.ContentTests.GeometryTests.SampleSpiral_WithPositiveToNegativeCurvature_ReturnsCorrectValues" classname="UnityEngine.SimViz.Content.ContentTests.GeometryTests" runstate="Runnable" testcasecount="4" result="Passed" start-time="2020-01-09 23:28:00Z" end-time="2020-01-09 23:28:00Z" duration="0.014430" total="4" passed="4" failed="0" inconclusive="0" skipped="0" asserts="0">
                  <properties />
                  <test-case id="1051" name="SampleSpiral_WithPositiveToNegativeCurvature_ReturnsCorrectValues(0,0,0,0)" fullname="UnityEngine.SimViz.Content.ContentTests.GeometryTests.SampleSpiral_WithPositiveToNegativeCurvature_ReturnsCorrectValues(0,0,0,0)" methodname="SampleSpiral_WithPositiveToNegativeCurvature_ReturnsCorrectValues" classname="UnityEngine.SimViz.Content.ContentTests.GeometryTests" runstate="Runnable" seed="1638685514" result="Passed" start-time="2020-01-09 23:28:00Z" end-time="2020-01-09 23:28:00Z" duration="0.000943" asserts="0">
                    <properties>
                      <property name="Description" value="S=zero should be at the origin" />
                    </properties>
                    <output><![CDATA[
##utp:{"type":"TestStatus","time":1578612480654,"version":2,"phase":"Begin","processId":5764,"name":"UnityEngine.SimViz.Content.ContentTests.GeometryTests.SampleSpiral_WithPositiveToNegativeCurvature_ReturnsCorrectValues(0,0,0,0)","state":0}

##utp:{"type":"TestStatus","time":1578612480656,"version":2,"phase":"End","processId":5764,"name":"UnityEngine.SimViz.Content.ContentTests.GeometryTests.SampleSpiral_WithPositiveToNegativeCurvature_ReturnsCorrectValues(0,0,0,0)","state":4,"message":"","duration":1,"durationMicroseconds":943}
]]></output>
                  </test-case>
                  <test-case id="1052" name="SampleSpiral_WithPositiveToNegativeCurvature_ReturnsCorrectValues(0.1f,0.1f,0.000966f,1.08861f)" fullname="UnityEngine.SimViz.Content.ContentTests.GeometryTests.SampleSpiral_WithPositiveToNegativeCurvature_ReturnsCorrectValues(0.1f,0.1f,0.000966f,1.08861f)" methodname="SampleSpiral_WithPositiveToNegativeCurvature_ReturnsCorrectValues" classname="UnityEngine.SimViz.Content.ContentTests.GeometryTests" runstate="Runnable" seed="1562788506" result="Passed" start-time="2020-01-09 23:28:00Z" end-time="2020-01-09 23:28:00Z" duration="0.000530" asserts="0">
                    <properties>
                      <property name="Description" value="S close to zero should have positive curvature and be headingOpenDriveDegrees roughly towards +x" />
                    </properties>
                    <output><![CDATA[
##utp:{"type":"TestStatus","time":1578612480656,"version":2,"phase":"Begin","processId":5764,"name":"UnityEngine.SimViz.Content.ContentTests.GeometryTests.SampleSpiral_WithPositiveToNegativeCurvature_ReturnsCorrectValues(0.1f,0.1f,0.000966f,1.08861f)","state":0}

##utp:{"type":"TestStatus","time":1578612480658,"version":2,"phase":"End","processId":5764,"name":"UnityEngine.SimViz.Content.ContentTests.GeometryTests.SampleSpiral_WithPositiveToNegativeCurvature_ReturnsCorrectValues(0.1f,0.1f,0.000966f,1.08861f)","state":4,"message":"","duration":1,"durationMicroseconds":530}
]]></output>
                  </test-case>
                  <test-case id="1053" name="SampleSpiral_WithPositiveToNegativeCurvature_ReturnsCorrectValues(1,0.997335f,0.06659051f,5.7296f)" fullname="UnityEngine.SimViz.Content.ContentTests.GeometryTests.SampleSpiral_WithPositiveToNegativeCurvature_ReturnsCorrectValues(1,0.997335f,0.06659051f,5.7296f)" methodname="SampleSpiral_WithPositiveToNegativeCurvature_ReturnsCorrectValues" classname="UnityEngine.SimViz.Content.ContentTests.GeometryTests" runstate="Runnable" seed="2089256233" result="Passed" start-time="2020-01-09 23:28:00Z" end-time="2020-01-09 23:28:00Z" duration="0.000526" asserts="0">
                    <properties>
                      <property name="Description" value="S at midpoint should be roughly at (1, -.05) and headingOpenDriveDegrees right and slightly downward" />
                    </properties>
                    <output><![CDATA[
##utp:{"type":"TestStatus","time":1578612480658,"version":2,"phase":"Begin","processId":5764,"name":"UnityEngine.SimViz.Content.ContentTests.GeometryTests.SampleSpiral_WithPositiveToNegativeCurvature_ReturnsCorrectValues(1,0.997335f,0.06659051f,5.7296f)","state":0}

##utp:{"type":"TestStatus","time":1578612480660,"version":2,"phase":"End","processId":5764,"name":"UnityEngine.SimViz.Content.ContentTests.GeometryTests.SampleSpiral_WithPositiveToNegativeCurvature_ReturnsCorrectValues(1,0.997335f,0.06659051f,5.7296f)","state":4,"message":"","duration":1,"durationMicroseconds":526}
]]></output>
                  </test-case>
                  <test-case id="1054" name="SampleSpiral_WithPositiveToNegativeCurvature_ReturnsCorrectValues(2,1.99467f,0.133181f,0)" fullname="UnityEngine.SimViz.Content.ContentTests.GeometryTests.SampleSpiral_WithPositiveToNegativeCurvature_ReturnsCorrectValues(2,1.99467f,0.133181f,0)" methodname="SampleSpiral_WithPositiveToNegativeCurvature_ReturnsCorrectValues" classname="UnityEngine.SimViz.Content.ContentTests.GeometryTests" runstate="Runnable" seed="446065085" result="Passed" start-time="2020-01-09 23:28:00Z" end-time="2020-01-09 23:28:00Z" duration="0.000502" asserts="0">
                    <properties>
                      <property name="Description" value="S at end should be roughly at (.1, 2) and headingOpenDriveDegrees towards +y" />
                    </properties>
                    <output><![CDATA[
##utp:{"type":"TestStatus","time":1578612480661,"version":2,"phase":"Begin","processId":5764,"name":"UnityEngine.SimViz.Content.ContentTests.GeometryTests.SampleSpiral_WithPositiveToNegativeCurvature_ReturnsCorrectValues(2,1.99467f,0.133181f,0)","state":0}

##utp:{"type":"TestStatus","time":1578612480662,"version":2,"phase":"End","processId":5764,"name":"UnityEngine.SimViz.Content.ContentTests.GeometryTests.SampleSpiral_WithPositiveToNegativeCurvature_ReturnsCorrectValues(2,1.99467f,0.133181f,0)","state":4,"message":"","duration":1,"durationMicroseconds":502}
]]></output>
                  </test-case>
                </test-suite>
                <test-suite type="ParameterizedMethod" id="1039" name="SampleSpiral_WithZeroCurvature_ReturnsSameAsLine" fullname="UnityEngine.SimViz.Content.ContentTests.GeometryTests.SampleSpiral_WithZeroCurvature_ReturnsSameAsLine" classname="UnityEngine.SimViz.Content.ContentTests.GeometryTests" runstate="Runnable" testcasecount="3" result="Passed" start-time="2020-01-09 23:28:00Z" end-time="2020-01-09 23:28:00Z" duration="0.016079" total="3" passed="3" failed="0" inconclusive="0" skipped="0" asserts="0">
                  <properties />
                  <test-case id="1036" name="SampleSpiral_WithZeroCurvature_ReturnsSameAsLine(0,0,0,0)" fullname="UnityEngine.SimViz.Content.ContentTests.GeometryTests.SampleSpiral_WithZeroCurvature_ReturnsSameAsLine(0,0,0,0)" methodname="SampleSpiral_WithZeroCurvature_ReturnsSameAsLine" classname="UnityEngine.SimViz.Content.ContentTests.GeometryTests" runstate="Runnable" seed="1132567985" result="Passed" start-time="2020-01-09 23:28:00Z" end-time="2020-01-09 23:28:00Z" duration="0.000900" asserts="0">
                    <properties />
                    <output><![CDATA[
##utp:{"type":"TestStatus","time":1578612480680,"version":2,"phase":"Begin","processId":5764,"name":"UnityEngine.SimViz.Content.ContentTests.GeometryTests.SampleSpiral_WithZeroCurvature_ReturnsSameAsLine(0,0,0,0)","state":0}

##utp:{"type":"TestStatus","time":1578612480682,"version":2,"phase":"End","processId":5764,"name":"UnityEngine.SimViz.Content.ContentTests.GeometryTests.SampleSpiral_WithZeroCurvature_ReturnsSameAsLine(0,0,0,0)","state":4,"message":"","duration":1,"durationMicroseconds":900}
]]></output>
                  </test-case>
                  <test-case id="1037" name="SampleSpiral_WithZeroCurvature_ReturnsSameAsLine(1,1,0,0)" fullname="UnityEngine.SimViz.Content.ContentTests.GeometryTests.SampleSpiral_WithZeroCurvature_ReturnsSameAsLine(1,1,0,0)" methodname="SampleSpiral_WithZeroCurvature_ReturnsSameAsLine" classname="UnityEngine.SimViz.Content.ContentTests.GeometryTests" runstate="Runnable" seed="267140017" result="Passed" start-time="2020-01-09 23:28:00Z" end-time="2020-01-09 23:28:00Z" duration="0.000491" asserts="0">
                    <properties />
                    <output><![CDATA[
##utp:{"type":"TestStatus","time":1578612480683,"version":2,"phase":"Begin","processId":5764,"name":"UnityEngine.SimViz.Content.ContentTests.GeometryTests.SampleSpiral_WithZeroCurvature_ReturnsSameAsLine(1,1,0,0)","state":0}

##utp:{"type":"TestStatus","time":1578612480684,"version":2,"phase":"End","processId":5764,"name":"UnityEngine.SimViz.Content.ContentTests.GeometryTests.SampleSpiral_WithZeroCurvature_ReturnsSameAsLine(1,1,0,0)","state":4,"message":"","duration":0,"durationMicroseconds":491}
]]></output>
                  </test-case>
                  <test-case id="1038" name="SampleSpiral_WithZeroCurvature_ReturnsSameAsLine(2,2,0,0)" fullname="UnityEngine.SimViz.Content.ContentTests.GeometryTests.SampleSpiral_WithZeroCurvature_ReturnsSameAsLine(2,2,0,0)" methodname="SampleSpiral_WithZeroCurvature_ReturnsSameAsLine" classname="UnityEngine.SimViz.Content.ContentTests.GeometryTests" runstate="Runnable" seed="1853071074" result="Passed" start-time="2020-01-09 23:28:00Z" end-time="2020-01-09 23:28:00Z" duration="0.000500" asserts="0">
                    <properties />
                    <output><![CDATA[
##utp:{"type":"TestStatus","time":1578612480684,"version":2,"phase":"Begin","processId":5764,"name":"UnityEngine.SimViz.Content.ContentTests.GeometryTests.SampleSpiral_WithZeroCurvature_ReturnsSameAsLine(2,2,0,0)","state":0}

##utp:{"type":"TestStatus","time":1578612480686,"version":2,"phase":"End","processId":5764,"name":"UnityEngine.SimViz.Content.ContentTests.GeometryTests.SampleSpiral_WithZeroCurvature_ReturnsSameAsLine(2,2,0,0)","state":4,"message":"","duration":0,"durationMicroseconds":500}
]]></output>
                  </test-case>
                </test-suite>
                <test-suite type="ParameterizedMethod" id="1020" name="TestComputeCircleSample" fullname="UnityEngine.SimViz.Content.ContentTests.GeometryTests.TestComputeCircleSample" classname="UnityEngine.SimViz.Content.ContentTests.GeometryTests" runstate="Runnable" testcasecount="5" result="Passed" start-time="2020-01-09 23:28:00Z" end-time="2020-01-09 23:28:00Z" duration="0.016246" total="5" passed="5" failed="0" inconclusive="0" skipped="0" asserts="0">
                  <properties />
                  <test-case id="1015" name="TestComputeCircleSample(0,1,position: float2(0f, 0f), headingRadians: 0)" fullname="UnityEngine.SimViz.Content.ContentTests.GeometryTests.TestComputeCircleSample(0,1,position: float2(0f, 0f), headingRadians: 0)" methodname="TestComputeCircleSample" classname="UnityEngine.SimViz.Content.ContentTests.GeometryTests" runstate="Runnable" seed="438874387" result="Passed" start-time="2020-01-09 23:28:00Z" end-time="2020-01-09 23:28:00Z" duration="0.000944" asserts="0">
                    <properties />
                    <output><![CDATA[
##utp:{"type":"TestStatus","time":1578612480697,"version":2,"phase":"Begin","processId":5764,"name":"UnityEngine.SimViz.Content.ContentTests.GeometryTests.TestComputeCircleSample(0,1,position: float2(0f, 0f), headingRadians: 0)","state":0}

##utp:{"type":"TestStatus","time":1578612480699,"version":2,"phase":"End","processId":5764,"name":"UnityEngine.SimViz.Content.ContentTests.GeometryTests.TestComputeCircleSample(0,1,position: float2(0f, 0f), headingRadians: 0)","state":4,"message":"","duration":1,"durationMicroseconds":944}
]]></output>
                  </test-case>
                  <test-case id="1016" name="TestComputeCircleSample(0.7853982f,1,position: float2(0.7071068f, 0.2928932f), headingRadians: 0.7853982)" fullname="UnityEngine.SimViz.Content.ContentTests.GeometryTests.TestComputeCircleSample(0.7853982f,1,position: float2(0.7071068f, 0.2928932f), headingRadians: 0.7853982)" methodname="TestComputeCircleSample" classname="UnityEngine.SimViz.Content.ContentTests.GeometryTests" runstate="Runnable" seed="739171040" result="Passed" start-time="2020-01-09 23:28:00Z" end-time="2020-01-09 23:28:00Z" duration="0.000509" asserts="0">
                    <properties />
                    <output><![CDATA[
##utp:{"type":"TestStatus","time":1578612480699,"version":2,"phase":"Begin","processId":5764,"name":"UnityEngine.SimViz.Content.ContentTests.GeometryTests.TestComputeCircleSample(0.7853982f,1,position: float2(0.7071068f, 0.2928932f), headingRadians: 0.7853982)","state":0}

##utp:{"type":"TestStatus","time":1578612480701,"version":2,"phase":"End","processId":5764,"name":"UnityEngine.SimViz.Content.ContentTests.GeometryTests.TestComputeCircleSample(0.7853982f,1,position: float2(0.7071068f, 0.2928932f), headingRadians: 0.7853982)","state":4,"message":"","duration":1,"durationMicroseconds":508}
]]></output>
                  </test-case>
                  <test-case id="1017" name="TestComputeCircleSample(1.570796f,1,position: float2(1f, 1f), headingRadians: 1.570796)" fullname="UnityEngine.SimViz.Content.ContentTests.GeometryTests.TestComputeCircleSample(1.570796f,1,position: float2(1f, 1f), headingRadians: 1.570796)" methodname="TestComputeCircleSample" classname="UnityEngine.SimViz.Content.ContentTests.GeometryTests" runstate="Runnable" seed="1773679181" result="Passed" start-time="2020-01-09 23:28:00Z" end-time="2020-01-09 23:28:00Z" duration="0.000503" asserts="0">
                    <properties />
                    <output><![CDATA[
##utp:{"type":"TestStatus","time":1578612480701,"version":2,"phase":"Begin","processId":5764,"name":"UnityEngine.SimViz.Content.ContentTests.GeometryTests.TestComputeCircleSample(1.570796f,1,position: float2(1f, 1f), headingRadians: 1.570796)","state":0}

##utp:{"type":"TestStatus","time":1578612480703,"version":2,"phase":"End","processId":5764,"name":"UnityEngine.SimViz.Content.ContentTests.GeometryTests.TestComputeCircleSample(1.570796f,1,position: float2(1f, 1f), headingRadians: 1.570796)","state":4,"message":"","duration":1,"durationMicroseconds":503}
]]></output>
                  </test-case>
                  <test-case id="1018" name="TestComputeCircleSample(1.570796f,-1,position: float2(1f, -1f), headingRadians: -1.570796)" fullname="UnityEngine.SimViz.Content.ContentTests.GeometryTests.TestComputeCircleSample(1.570796f,-1,position: float2(1f, -1f), headingRadians: -1.570796)" methodname="TestComputeCircleSample" classname="UnityEngine.SimViz.Content.ContentTests.GeometryTests" runstate="Runnable" seed="768916946" result="Passed" start-time="2020-01-09 23:28:00Z" end-time="2020-01-09 23:28:00Z" duration="0.000514" asserts="0">
                    <properties />
                    <output><![CDATA[
##utp:{"type":"TestStatus","time":1578612480703,"version":2,"phase":"Begin","processId":5764,"name":"UnityEngine.SimViz.Content.ContentTests.GeometryTests.TestComputeCircleSample(1.570796f,-1,position: float2(1f, -1f), headingRadians: -1.570796)","state":0}

##utp:{"type":"TestStatus","time":1578612480705,"version":2,"phase":"End","processId":5764,"name":"UnityEngine.SimViz.Content.ContentTests.GeometryTests.TestComputeCircleSample(1.570796f,-1,position: float2(1f, -1f), headingRadians: -1.570796)","state":4,"message":"","duration":1,"durationMicroseconds":514}
]]></output>
                  </test-case>
                  <test-case id="1019" name="TestComputeCircleSample(3.141593f,1,position: float2(0f, 2f), headingRadians: 3.141593)" fullname="UnityEngine.SimViz.Content.ContentTests.GeometryTests.TestComputeCircleSample(3.141593f,1,position: float2(0f, 2f), headingRadians: 3.141593)" methodname="TestComputeCircleSample" classname="UnityEngine.SimViz.Content.ContentTests.GeometryTests" runstate="Runnable" seed="1133586912" result="Passed" start-time="2020-01-09 23:28:00Z" end-time="2020-01-09 23:28:00Z" duration="0.000539" asserts="0">
                    <properties />
                    <output><![CDATA[
##utp:{"type":"TestStatus","time":1578612480705,"version":2,"phase":"Begin","processId":5764,"name":"UnityEngine.SimViz.Content.ContentTests.GeometryTests.TestComputeCircleSample(3.141593f,1,position: float2(0f, 2f), headingRadians: 3.141593)","state":0}

##utp:{"type":"TestStatus","time":1578612480707,"version":2,"phase":"End","processId":5764,"name":"UnityEngine.SimViz.Content.ContentTests.GeometryTests.TestComputeCircleSample(3.141593f,1,position: float2(0f, 2f), headingRadians: 3.141593)","state":4,"message":"","duration":1,"durationMicroseconds":539}
]]></output>
                  </test-case>
                </test-suite>
                <test-suite type="ParameterizedMethod" id="1014" name="TestFromGlobalToLocal" fullname="UnityEngine.SimViz.Content.ContentTests.GeometryTests.TestFromGlobalToLocal" classname="UnityEngine.SimViz.Content.ContentTests.GeometryTests" runstate="Runnable" testcasecount="5" result="Passed" start-time="2020-01-09 23:28:00Z" end-time="2020-01-09 23:28:00Z" duration="0.017772" total="5" passed="5" failed="0" inconclusive="0" skipped="0" asserts="0">
                  <properties />
                  <test-case id="1009" name="TestFromGlobalToLocal(RigidTransform((0f, 0f, 0f, 1f),  (0f, 0f, 0f)),position: float2(0f, 0f), headingRadians: 0,RigidTransform((0f, 0f, 0f, 1f),  (0f, 0f, 0f)))" fullname="UnityEngine.SimViz.Content.ContentTests.GeometryTests.TestFromGlobalToLocal(RigidTransform((0f, 0f, 0f, 1f),  (0f, 0f, 0f)),position: float2(0f, 0f), headingRadians: 0,RigidTransform((0f, 0f, 0f, 1f),  (0f, 0f, 0f)))" methodname="TestFromGlobalToLocal" classname="UnityEngine.SimViz.Content.ContentTests.GeometryTests" runstate="Runnable" seed="1258100938" result="Passed" start-time="2020-01-09 23:28:00Z" end-time="2020-01-09 23:28:00Z" duration="0.001007" asserts="0">
                    <properties />
                    <output><![CDATA[
##utp:{"type":"TestStatus","time":1578612480721,"version":2,"phase":"Begin","processId":5764,"name":"UnityEngine.SimViz.Content.ContentTests.GeometryTests.TestFromGlobalToLocal(RigidTransform((0f, 0f, 0f, 1f),  (0f, 0f, 0f)),position: float2(0f, 0f), headingRadians: 0,RigidTransform((0f, 0f, 0f, 1f),  (0f, 0f, 0f)))","state":0}

##utp:{"type":"TestStatus","time":1578612480723,"version":2,"phase":"End","processId":5764,"name":"UnityEngine.SimViz.Content.ContentTests.GeometryTests.TestFromGlobalToLocal(RigidTransform((0f, 0f, 0f, 1f),  (0f, 0f, 0f)),position: float2(0f, 0f), headingRadians: 0,RigidTransform((0f, 0f, 0f, 1f),  (0f, 0f, 0f)))","state":4,"message":"","duration":1,"durationMicroseconds":1007}
]]></output>
                  </test-case>
                  <test-case id="1010" name="TestFromGlobalToLocal(RigidTransform((0f, 0f, 0f, 1f),  (0f, 0f, 0f)),position: float2(1f, 0f), headingRadians: 0,RigidTransform((0f, 0f, 0f, 1f),  (0f, 0f, 1f)))" fullname="UnityEngine.SimViz.Content.ContentTests.GeometryTests.TestFromGlobalToLocal(RigidTransform((0f, 0f, 0f, 1f),  (0f, 0f, 0f)),position: float2(1f, 0f), headingRadians: 0,RigidTransform((0f, 0f, 0f, 1f),  (0f, 0f, 1f)))" methodname="TestFromGlobalToLocal" classname="UnityEngine.SimViz.Content.ContentTests.GeometryTests" runstate="Runnable" seed="693099404" result="Passed" start-time="2020-01-09 23:28:00Z" end-time="2020-01-09 23:28:00Z" duration="0.000526" asserts="0">
                    <properties />
                    <output><![CDATA[
##utp:{"type":"TestStatus","time":1578612480724,"version":2,"phase":"Begin","processId":5764,"name":"UnityEngine.SimViz.Content.ContentTests.GeometryTests.TestFromGlobalToLocal(RigidTransform((0f, 0f, 0f, 1f),  (0f, 0f, 0f)),position: float2(1f, 0f), headingRadians: 0,RigidTransform((0f, 0f, 0f, 1f),  (0f, 0f, 1f)))","state":0}

##utp:{"type":"TestStatus","time":1578612480726,"version":2,"phase":"End","processId":5764,"name":"UnityEngine.SimViz.Content.ContentTests.GeometryTests.TestFromGlobalToLocal(RigidTransform((0f, 0f, 0f, 1f),  (0f, 0f, 0f)),position: float2(1f, 0f), headingRadians: 0,RigidTransform((0f, 0f, 0f, 1f),  (0f, 0f, 1f)))","state":4,"message":"","duration":1,"durationMicroseconds":526}
]]></output>
                  </test-case>
                  <test-case id="1011" name="TestFromGlobalToLocal(RigidTransform((0f, 0f, 0f, 1f),  (0f, 0f, 0f)),position: float2(0f, 1f), headingRadians: 0,RigidTransform((0f, 0f, 0f, 1f),  (-1f, 0f, 0f)))" fullname="UnityEngine.SimViz.Content.ContentTests.GeometryTests.TestFromGlobalToLocal(RigidTransform((0f, 0f, 0f, 1f),  (0f, 0f, 0f)),position: float2(0f, 1f), headingRadians: 0,RigidTransform((0f, 0f, 0f, 1f),  (-1f, 0f, 0f)))" methodname="TestFromGlobalToLocal" classname="UnityEngine.SimViz.Content.ContentTests.GeometryTests" runstate="Runnable" seed="459494790" result="Passed" start-time="2020-01-09 23:28:00Z" end-time="2020-01-09 23:28:00Z" duration="0.000530" asserts="0">
                    <properties />
                    <output><![CDATA[
##utp:{"type":"TestStatus","time":1578612480726,"version":2,"phase":"Begin","processId":5764,"name":"UnityEngine.SimViz.Content.ContentTests.GeometryTests.TestFromGlobalToLocal(RigidTransform((0f, 0f, 0f, 1f),  (0f, 0f, 0f)),position: float2(0f, 1f), headingRadians: 0,RigidTransform((0f, 0f, 0f, 1f),  (-1f, 0f, 0f)))","state":0}

##utp:{"type":"TestStatus","time":1578612480728,"version":2,"phase":"End","processId":5764,"name":"UnityEngine.SimViz.Content.ContentTests.GeometryTests.TestFromGlobalToLocal(RigidTransform((0f, 0f, 0f, 1f),  (0f, 0f, 0f)),position: float2(0f, 1f), headingRadians: 0,RigidTransform((0f, 0f, 0f, 1f),  (-1f, 0f, 0f)))","state":4,"message":"","duration":1,"durationMicroseconds":530}
]]></output>
                  </test-case>
                  <test-case id="1012" name="TestFromGlobalToLocal(RigidTransform((0f, 0.7071068f, 0f, 0.7071068f),  (-1f, 1f, 1f)),position: float2(1f, -1f), headingRadians: -1.570796,RigidTransform((0f, 1f, 0f, -4.371139E-08f),  (0f, 1f, 0f)))" fullname="UnityEngine.SimViz.Content.ContentTests.GeometryTests.TestFromGlobalToLocal(RigidTransform((0f, 0.7071068f, 0f, 0.7071068f),  (-1f, 1f, 1f)),position: float2(1f, -1f), headingRadians: -1.570796,RigidTransform((0f, 1f, 0f, -4.371139E-08f),  (0f, 1f, 0f)))" methodname="TestFromGlobalToLocal" classname="UnityEngine.SimViz.Content.ContentTests.GeometryTests" runstate="Runnable" seed="156184811" result="Passed" start-time="2020-01-09 23:28:00Z" end-time="2020-01-09 23:28:00Z" duration="0.000524" asserts="0">
                    <properties />
                    <output><![CDATA[
##utp:{"type":"TestStatus","time":1578612480728,"version":2,"phase":"Begin","processId":5764,"name":"UnityEngine.SimViz.Content.ContentTests.GeometryTests.TestFromGlobalToLocal(RigidTransform((0f, 0.7071068f, 0f, 0.7071068f),  (-1f, 1f, 1f)),position: float2(1f, -1f), headingRadians: -1.570796,RigidTransform((0f, 1f, 0f, -4.371139E-08f),  (0f, 1f, 0f)))","state":0}

##utp:{"type":"TestStatus","time":1578612480730,"version":2,"phase":"End","processId":5764,"name":"UnityEngine.SimViz.Content.ContentTests.GeometryTests.TestFromGlobalToLocal(RigidTransform((0f, 0.7071068f, 0f, 0.7071068f),  (-1f, 1f, 1f)),position: float2(1f, -1f), headingRadians: -1.570796,RigidTransform((0f, 1f, 0f, -4.371139E-08f),  (0f, 1f, 0f)))","state":4,"message":"","duration":1,"durationMicroseconds":524}
]]></output>
                  </test-case>
                  <test-case id="1013" name="TestFromGlobalToLocal(RigidTransform((0f, 0.7071068f, 0f, 0.7071068f),  (2f, 0f, 1f)),position: float2(3f, 1f), headingRadians: 1.570796,RigidTransform((0f, 0f, 0f, 1f),  (5f, 0f, 2f)))" fullname="UnityEngine.SimViz.Content.ContentTests.GeometryTests.TestFromGlobalToLocal(RigidTransform((0f, 0.7071068f, 0f, 0.7071068f),  (2f, 0f, 1f)),position: float2(3f, 1f), headingRadians: 1.570796,RigidTransform((0f, 0f, 0f, 1f),  (5f, 0f, 2f)))" methodname="TestFromGlobalToLocal" classname="UnityEngine.SimViz.Content.ContentTests.GeometryTests" runstate="Runnable" seed="942028990" result="Passed" start-time="2020-01-09 23:28:00Z" end-time="2020-01-09 23:28:00Z" duration="0.000525" asserts="0">
                    <properties />
                    <output><![CDATA[
##utp:{"type":"TestStatus","time":1578612480731,"version":2,"phase":"Begin","processId":5764,"name":"UnityEngine.SimViz.Content.ContentTests.GeometryTests.TestFromGlobalToLocal(RigidTransform((0f, 0.7071068f, 0f, 0.7071068f),  (2f, 0f, 1f)),position: float2(3f, 1f), headingRadians: 1.570796,RigidTransform((0f, 0f, 0f, 1f),  (5f, 0f, 2f)))","state":0}

##utp:{"type":"TestStatus","time":1578612480733,"version":2,"phase":"End","processId":5764,"name":"UnityEngine.SimViz.Content.ContentTests.GeometryTests.TestFromGlobalToLocal(RigidTransform((0f, 0.7071068f, 0f, 0.7071068f),  (2f, 0f, 1f)),position: float2(3f, 1f), headingRadians: 1.570796,RigidTransform((0f, 0f, 0f, 1f),  (5f, 0f, 2f)))","state":4,"message":"","duration":1,"durationMicroseconds":525}
]]></output>
                  </test-case>
                </test-suite>
                <test-suite type="ParameterizedMethod" id="1008" name="TestFromLocalToGlobal" fullname="UnityEngine.SimViz.Content.ContentTests.GeometryTests.TestFromLocalToGlobal" classname="UnityEngine.SimViz.Content.ContentTests.GeometryTests" runstate="Runnable" testcasecount="5" result="Passed" start-time="2020-01-09 23:28:00Z" end-time="2020-01-09 23:28:00Z" duration="0.018011" total="5" passed="5" failed="0" inconclusive="0" skipped="0" asserts="0">
                  <properties />
                  <test-case id="1003" name="TestFromLocalToGlobal(RigidTransform((0f, 0f, 0f, 1f),  (0f, 0f, 0f)),position: float2(0f, 0f), headingRadians: 0,RigidTransform((0f, 0f, 0f, 1f),  (0f, 0f, 0f)))" fullname="UnityEngine.SimViz.Content.ContentTests.GeometryTests.TestFromLocalToGlobal(RigidTransform((0f, 0f, 0f, 1f),  (0f, 0f, 0f)),position: float2(0f, 0f), headingRadians: 0,RigidTransform((0f, 0f, 0f, 1f),  (0f, 0f, 0f)))" methodname="TestFromLocalToGlobal" classname="UnityEngine.SimViz.Content.ContentTests.GeometryTests" runstate="Runnable" seed="510369992" result="Passed" start-time="2020-01-09 23:28:00Z" end-time="2020-01-09 23:28:00Z" duration="0.000801" asserts="0">
                    <properties />
                    <output><![CDATA[
##utp:{"type":"TestStatus","time":1578612480750,"version":2,"phase":"Begin","processId":5764,"name":"UnityEngine.SimViz.Content.ContentTests.GeometryTests.TestFromLocalToGlobal(RigidTransform((0f, 0f, 0f, 1f),  (0f, 0f, 0f)),position: float2(0f, 0f), headingRadians: 0,RigidTransform((0f, 0f, 0f, 1f),  (0f, 0f, 0f)))","state":0}

##utp:{"type":"TestStatus","time":1578612480752,"version":2,"phase":"End","processId":5764,"name":"UnityEngine.SimViz.Content.ContentTests.GeometryTests.TestFromLocalToGlobal(RigidTransform((0f, 0f, 0f, 1f),  (0f, 0f, 0f)),position: float2(0f, 0f), headingRadians: 0,RigidTransform((0f, 0f, 0f, 1f),  (0f, 0f, 0f)))","state":4,"message":"","duration":1,"durationMicroseconds":801}
]]></output>
                  </test-case>
                  <test-case id="1004" name="TestFromLocalToGlobal(RigidTransform((0f, 0f, 0f, 1f),  (0f, 0f, 0f)),position: float2(1f, 0f), headingRadians: 0,RigidTransform((0f, 0f, 0f, 1f),  (0f, 0f, 1f)))" fullname="UnityEngine.SimViz.Content.ContentTests.GeometryTests.TestFromLocalToGlobal(RigidTransform((0f, 0f, 0f, 1f),  (0f, 0f, 0f)),position: float2(1f, 0f), headingRadians: 0,RigidTransform((0f, 0f, 0f, 1f),  (0f, 0f, 1f)))" methodname="TestFromLocalToGlobal" classname="UnityEngine.SimViz.Content.ContentTests.GeometryTests" runstate="Runnable" seed="1727355727" result="Passed" start-time="2020-01-09 23:28:00Z" end-time="2020-01-09 23:28:00Z" duration="0.000521" asserts="0">
                    <properties />
                    <output><![CDATA[
##utp:{"type":"TestStatus","time":1578612480753,"version":2,"phase":"Begin","processId":5764,"name":"UnityEngine.SimViz.Content.ContentTests.GeometryTests.TestFromLocalToGlobal(RigidTransform((0f, 0f, 0f, 1f),  (0f, 0f, 0f)),position: float2(1f, 0f), headingRadians: 0,RigidTransform((0f, 0f, 0f, 1f),  (0f, 0f, 1f)))","state":0}

##utp:{"type":"TestStatus","time":1578612480754,"version":2,"phase":"End","processId":5764,"name":"UnityEngine.SimViz.Content.ContentTests.GeometryTests.TestFromLocalToGlobal(RigidTransform((0f, 0f, 0f, 1f),  (0f, 0f, 0f)),position: float2(1f, 0f), headingRadians: 0,RigidTransform((0f, 0f, 0f, 1f),  (0f, 0f, 1f)))","state":4,"message":"","duration":1,"durationMicroseconds":520}
]]></output>
                  </test-case>
                  <test-case id="1005" name="TestFromLocalToGlobal(RigidTransform((0f, 0f, 0f, 1f),  (0f, 0f, 0f)),position: float2(0f, 1f), headingRadians: 0,RigidTransform((0f, 0f, 0f, 1f),  (-1f, 0f, 0f)))" fullname="UnityEngine.SimViz.Content.ContentTests.GeometryTests.TestFromLocalToGlobal(RigidTransform((0f, 0f, 0f, 1f),  (0f, 0f, 0f)),position: float2(0f, 1f), headingRadians: 0,RigidTransform((0f, 0f, 0f, 1f),  (-1f, 0f, 0f)))" methodname="TestFromLocalToGlobal" classname="UnityEngine.SimViz.Content.ContentTests.GeometryTests" runstate="Runnable" seed="361040345" result="Passed" start-time="2020-01-09 23:28:00Z" end-time="2020-01-09 23:28:00Z" duration="0.000502" asserts="0">
                    <properties />
                    <output><![CDATA[
##utp:{"type":"TestStatus","time":1578612480755,"version":2,"phase":"Begin","processId":5764,"name":"UnityEngine.SimViz.Content.ContentTests.GeometryTests.TestFromLocalToGlobal(RigidTransform((0f, 0f, 0f, 1f),  (0f, 0f, 0f)),position: float2(0f, 1f), headingRadians: 0,RigidTransform((0f, 0f, 0f, 1f),  (-1f, 0f, 0f)))","state":0}

##utp:{"type":"TestStatus","time":1578612480757,"version":2,"phase":"End","processId":5764,"name":"UnityEngine.SimViz.Content.ContentTests.GeometryTests.TestFromLocalToGlobal(RigidTransform((0f, 0f, 0f, 1f),  (0f, 0f, 0f)),position: float2(0f, 1f), headingRadians: 0,RigidTransform((0f, 0f, 0f, 1f),  (-1f, 0f, 0f)))","state":4,"message":"","duration":1,"durationMicroseconds":502}
]]></output>
                  </test-case>
                  <test-case id="1006" name="TestFromLocalToGlobal(RigidTransform((0f, 0.7071068f, 0f, 0.7071068f),  (-1f, 1f, 1f)),position: float2(1f, -1f), headingRadians: -1.570796,RigidTransform((0f, 1f, 0f, -4.371139E-08f),  (0f, 1f, 0f)))" fullname="UnityEngine.SimViz.Content.ContentTests.GeometryTests.TestFromLocalToGlobal(RigidTransform((0f, 0.7071068f, 0f, 0.7071068f),  (-1f, 1f, 1f)),position: float2(1f, -1f), headingRadians: -1.570796,RigidTransform((0f, 1f, 0f, -4.371139E-08f),  (0f, 1f, 0f)))" methodname="TestFromLocalToGlobal" classname="UnityEngine.SimViz.Content.ContentTests.GeometryTests" runstate="Runnable" seed="1539460797" result="Passed" start-time="2020-01-09 23:28:00Z" end-time="2020-01-09 23:28:00Z" duration="0.000525" asserts="0">
                    <properties />
                    <output><![CDATA[
##utp:{"type":"TestStatus","time":1578612480757,"version":2,"phase":"Begin","processId":5764,"name":"UnityEngine.SimViz.Content.ContentTests.GeometryTests.TestFromLocalToGlobal(RigidTransform((0f, 0.7071068f, 0f, 0.7071068f),  (-1f, 1f, 1f)),position: float2(1f, -1f), headingRadians: -1.570796,RigidTransform((0f, 1f, 0f, -4.371139E-08f),  (0f, 1f, 0f)))","state":0}

##utp:{"type":"TestStatus","time":1578612480759,"version":2,"phase":"End","processId":5764,"name":"UnityEngine.SimViz.Content.ContentTests.GeometryTests.TestFromLocalToGlobal(RigidTransform((0f, 0.7071068f, 0f, 0.7071068f),  (-1f, 1f, 1f)),position: float2(1f, -1f), headingRadians: -1.570796,RigidTransform((0f, 1f, 0f, -4.371139E-08f),  (0f, 1f, 0f)))","state":4,"message":"","duration":1,"durationMicroseconds":525}
]]></output>
                  </test-case>
                  <test-case id="1007" name="TestFromLocalToGlobal(RigidTransform((0f, 0.7071068f, 0f, 0.7071068f),  (2f, 0f, 1f)),position: float2(3f, 1f), headingRadians: 1.570796,RigidTransform((0f, 0f, 0f, 1f),  (5f, 0f, 2f)))" fullname="UnityEngine.SimViz.Content.ContentTests.GeometryTests.TestFromLocalToGlobal(RigidTransform((0f, 0.7071068f, 0f, 0.7071068f),  (2f, 0f, 1f)),position: float2(3f, 1f), headingRadians: 1.570796,RigidTransform((0f, 0f, 0f, 1f),  (5f, 0f, 2f)))" methodname="TestFromLocalToGlobal" classname="UnityEngine.SimViz.Content.ContentTests.GeometryTests" runstate="Runnable" seed="1893713547" result="Passed" start-time="2020-01-09 23:28:00Z" end-time="2020-01-09 23:28:00Z" duration="0.000515" asserts="0">
                    <properties />
                    <output><![CDATA[
##utp:{"type":"TestStatus","time":1578612480759,"version":2,"phase":"Begin","processId":5764,"name":"UnityEngine.SimViz.Content.ContentTests.GeometryTests.TestFromLocalToGlobal(RigidTransform((0f, 0.7071068f, 0f, 0.7071068f),  (2f, 0f, 1f)),position: float2(3f, 1f), headingRadians: 1.570796,RigidTransform((0f, 0f, 0f, 1f),  (5f, 0f, 2f)))","state":0}

##utp:{"type":"TestStatus","time":1578612480761,"version":2,"phase":"End","processId":5764,"name":"UnityEngine.SimViz.Content.ContentTests.GeometryTests.TestFromLocalToGlobal(RigidTransform((0f, 0.7071068f, 0f, 0.7071068f),  (2f, 0f, 1f)),position: float2(3f, 1f), headingRadians: 1.570796,RigidTransform((0f, 0f, 0f, 1f),  (5f, 0f, 2f)))","state":4,"message":"","duration":1,"durationMicroseconds":515}
]]></output>
                  </test-case>
                </test-suite>
              </test-suite>
              <test-suite type="TestFixture" id="1088" name="LaneSamplingTests" fullname="UnityEngine.SimViz.Content.ContentTests.LaneSamplingTests" classname="UnityEngine.SimViz.Content.ContentTests.LaneSamplingTests" runstate="Runnable" testcasecount="27" result="Passed" start-time="2020-01-09 23:28:00Z" end-time="2020-01-09 23:28:01Z" duration="0.234956" total="27" passed="27" failed="0" inconclusive="0" skipped="0" asserts="0">
                <properties />
                <test-suite type="ParameterizedMethod" id="1115" name="SampleInsideLanes_Ecs_ReturnsCorrectValues" fullname="UnityEngine.SimViz.Content.ContentTests.LaneSamplingTests.SampleInsideLanes_Ecs_ReturnsCorrectValues" classname="UnityEngine.SimViz.Content.ContentTests.LaneSamplingTests" runstate="Runnable" testcasecount="4" result="Passed" start-time="2020-01-09 23:28:00Z" end-time="2020-01-09 23:28:00Z" duration="0.066085" total="4" passed="4" failed="0" inconclusive="0" skipped="0" asserts="0">
                  <properties />
                  <test-case id="1111" name="SampleInsideLanes_Ecs_ReturnsCorrectValues(UnityEngine.SimViz.Content.MapElements.Road,0.5f,Right,UnityEngine.SimViz.Content.Sampling.PointSampleGlobal[])" fullname="UnityEngine.SimViz.Content.ContentTests.LaneSamplingTests.SampleInsideLanes_Ecs_ReturnsCorrectValues(UnityEngine.SimViz.Content.MapElements.Road,0.5f,Right,UnityEngine.SimViz.Content.Sampling.PointSampleGlobal[])" methodname="SampleInsideLanes_Ecs_ReturnsCorrectValues" classname="UnityEngine.SimViz.Content.ContentTests.LaneSamplingTests" runstate="Runnable" seed="926244393" result="Passed" start-time="2020-01-09 23:28:00Z" end-time="2020-01-09 23:28:00Z" duration="0.042832" asserts="0">
                    <properties />
                    <output><![CDATA[
##utp:{"type":"TestStatus","time":1578612480899,"version":2,"phase":"Begin","processId":5764,"name":"UnityEngine.SimViz.Content.ContentTests.LaneSamplingTests.SampleInsideLanes_Ecs_ReturnsCorrectValues(UnityEngine.SimViz.Content.MapElements.Road,0.5f,Right,UnityEngine.SimViz.Content.Sampling.PointSampleGlobal[])","state":0}

##utp:{"type":"TestStatus","time":1578612480944,"version":2,"phase":"End","processId":5764,"name":"UnityEngine.SimViz.Content.ContentTests.LaneSamplingTests.SampleInsideLanes_Ecs_ReturnsCorrectValues(UnityEngine.SimViz.Content.MapElements.Road,0.5f,Right,UnityEngine.SimViz.Content.Sampling.PointSampleGlobal[])","state":4,"message":"","duration":43,"durationMicroseconds":42832}
]]></output>
                  </test-case>
                  <test-case id="1112" name="SampleInsideLanes_Ecs_ReturnsCorrectValues(UnityEngine.SimViz.Content.MapElements.Road,0.5f,Right,UnityEngine.SimViz.Content.Sampling.PointSampleGlobal[])" fullname="UnityEngine.SimViz.Content.ContentTests.LaneSamplingTests.SampleInsideLanes_Ecs_ReturnsCorrectValues(UnityEngine.SimViz.Content.MapElements.Road,0.5f,Right,UnityEngine.SimViz.Content.Sampling.PointSampleGlobal[])" methodname="SampleInsideLanes_Ecs_ReturnsCorrectValues" classname="UnityEngine.SimViz.Content.ContentTests.LaneSamplingTests" runstate="Runnable" seed="1911370332" result="Passed" start-time="2020-01-09 23:28:00Z" end-time="2020-01-09 23:28:00Z" duration="0.001641" asserts="0">
                    <properties>
                      <property name="childIndex" value="2" />
                    </properties>
                    <output><![CDATA[
##utp:{"type":"TestStatus","time":1578612480944,"version":2,"phase":"Begin","processId":5764,"name":"UnityEngine.SimViz.Content.ContentTests.LaneSamplingTests.SampleInsideLanes_Ecs_ReturnsCorrectValues(UnityEngine.SimViz.Content.MapElements.Road,0.5f,Right,UnityEngine.SimViz.Content.Sampling.PointSampleGlobal[] GeneratedTestCase2)","state":0}

##utp:{"type":"TestStatus","time":1578612480948,"version":2,"phase":"End","processId":5764,"name":"UnityEngine.SimViz.Content.ContentTests.LaneSamplingTests.SampleInsideLanes_Ecs_ReturnsCorrectValues(UnityEngine.SimViz.Content.MapElements.Road,0.5f,Right,UnityEngine.SimViz.Content.Sampling.PointSampleGlobal[] GeneratedTestCase2)","state":4,"message":"","duration":2,"durationMicroseconds":1641}
]]></output>
                  </test-case>
                  <test-case id="1113" name="SampleInsideLanes_Ecs_ReturnsCorrectValues(UnityEngine.SimViz.Content.MapElements.Road,0.5f,Left,UnityEngine.SimViz.Content.Sampling.PointSampleGlobal[])" fullname="UnityEngine.SimViz.Content.ContentTests.LaneSamplingTests.SampleInsideLanes_Ecs_ReturnsCorrectValues(UnityEngine.SimViz.Content.MapElements.Road,0.5f,Left,UnityEngine.SimViz.Content.Sampling.PointSampleGlobal[])" methodname="SampleInsideLanes_Ecs_ReturnsCorrectValues" classname="UnityEngine.SimViz.Content.ContentTests.LaneSamplingTests" runstate="Runnable" seed="1597410552" result="Passed" start-time="2020-01-09 23:28:00Z" end-time="2020-01-09 23:28:00Z" duration="0.002123" asserts="0">
                    <properties />
                    <output><![CDATA[
##utp:{"type":"TestStatus","time":1578612480948,"version":2,"phase":"Begin","processId":5764,"name":"UnityEngine.SimViz.Content.ContentTests.LaneSamplingTests.SampleInsideLanes_Ecs_ReturnsCorrectValues(UnityEngine.SimViz.Content.MapElements.Road,0.5f,Left,UnityEngine.SimViz.Content.Sampling.PointSampleGlobal[])","state":0}

##utp:{"type":"TestStatus","time":1578612480951,"version":2,"phase":"End","processId":5764,"name":"UnityEngine.SimViz.Content.ContentTests.LaneSamplingTests.SampleInsideLanes_Ecs_ReturnsCorrectValues(UnityEngine.SimViz.Content.MapElements.Road,0.5f,Left,UnityEngine.SimViz.Content.Sampling.PointSampleGlobal[])","state":4,"message":"","duration":2,"durationMicroseconds":2123}
]]></output>
                  </test-case>
                  <test-case id="1114" name="SampleInsideLanes_Ecs_ReturnsCorrectValues(UnityEngine.SimViz.Content.MapElements.Road,0.3183099f,Right,UnityEngine.SimViz.Content.Sampling.PointSampleGlobal[])" fullname="UnityEngine.SimViz.Content.ContentTests.LaneSamplingTests.SampleInsideLanes_Ecs_ReturnsCorrectValues(UnityEngine.SimViz.Content.MapElements.Road,0.3183099f,Right,UnityEngine.SimViz.Content.Sampling.PointSampleGlobal[])" methodname="SampleInsideLanes_Ecs_ReturnsCorrectValues" classname="UnityEngine.SimViz.Content.ContentTests.LaneSamplingTests" runstate="Runnable" seed="1843464092" result="Passed" start-time="2020-01-09 23:28:00Z" end-time="2020-01-09 23:28:00Z" duration="0.001326" asserts="0">
                    <properties />
                    <output><![CDATA[
##utp:{"type":"TestStatus","time":1578612480952,"version":2,"phase":"Begin","processId":5764,"name":"UnityEngine.SimViz.Content.ContentTests.LaneSamplingTests.SampleInsideLanes_Ecs_ReturnsCorrectValues(UnityEngine.SimViz.Content.MapElements.Road,0.3183099f,Right,UnityEngine.SimViz.Content.Sampling.PointSampleGlobal[])","state":0}

##utp:{"type":"TestStatus","time":1578612480955,"version":2,"phase":"End","processId":5764,"name":"UnityEngine.SimViz.Content.ContentTests.LaneSamplingTests.SampleInsideLanes_Ecs_ReturnsCorrectValues(UnityEngine.SimViz.Content.MapElements.Road,0.3183099f,Right,UnityEngine.SimViz.Content.Sampling.PointSampleGlobal[])","state":4,"message":"","duration":1,"durationMicroseconds":1326}
]]></output>
                  </test-case>
                </test-suite>
                <test-suite type="ParameterizedMethod" id="1110" name="SampleInsideLanes_ReturnsCorrectValues" fullname="UnityEngine.SimViz.Content.ContentTests.LaneSamplingTests.SampleInsideLanes_ReturnsCorrectValues" classname="UnityEngine.SimViz.Content.ContentTests.LaneSamplingTests" runstate="Runnable" testcasecount="4" result="Passed" start-time="2020-01-09 23:28:00Z" end-time="2020-01-09 23:28:00Z" duration="0.021138" total="4" passed="4" failed="0" inconclusive="0" skipped="0" asserts="0">
                  <properties />
                  <test-case id="1106" name="SampleInsideLanes_ReturnsCorrectValues(UnityEngine.SimViz.Content.MapElements.Road,0.5f,Right,UnityEngine.SimViz.Content.Sampling.PointSampleGlobal[])" fullname="UnityEngine.SimViz.Content.ContentTests.LaneSamplingTests.SampleInsideLanes_ReturnsCorrectValues(UnityEngine.SimViz.Content.MapElements.Road,0.5f,Right,UnityEngine.SimViz.Content.Sampling.PointSampleGlobal[])" methodname="SampleInsideLanes_ReturnsCorrectValues" classname="UnityEngine.SimViz.Content.ContentTests.LaneSamplingTests" runstate="Runnable" seed="729809250" result="Passed" start-time="2020-01-09 23:28:00Z" end-time="2020-01-09 23:28:00Z" duration="0.005960" asserts="0">
                    <properties />
                    <output><![CDATA[
##utp:{"type":"TestStatus","time":1578612480969,"version":2,"phase":"Begin","processId":5764,"name":"UnityEngine.SimViz.Content.ContentTests.LaneSamplingTests.SampleInsideLanes_ReturnsCorrectValues(UnityEngine.SimViz.Content.MapElements.Road,0.5f,Right,UnityEngine.SimViz.Content.Sampling.PointSampleGlobal[])","state":0}

##utp:{"type":"TestStatus","time":1578612480977,"version":2,"phase":"End","processId":5764,"name":"UnityEngine.SimViz.Content.ContentTests.LaneSamplingTests.SampleInsideLanes_ReturnsCorrectValues(UnityEngine.SimViz.Content.MapElements.Road,0.5f,Right,UnityEngine.SimViz.Content.Sampling.PointSampleGlobal[])","state":4,"message":"","duration":6,"durationMicroseconds":5960}
]]></output>
                  </test-case>
                  <test-case id="1107" name="SampleInsideLanes_ReturnsCorrectValues(UnityEngine.SimViz.Content.MapElements.Road,0.5f,Right,UnityEngine.SimViz.Content.Sampling.PointSampleGlobal[])" fullname="UnityEngine.SimViz.Content.ContentTests.LaneSamplingTests.SampleInsideLanes_ReturnsCorrectValues(UnityEngine.SimViz.Content.MapElements.Road,0.5f,Right,UnityEngine.SimViz.Content.Sampling.PointSampleGlobal[])" methodname="SampleInsideLanes_ReturnsCorrectValues" classname="UnityEngine.SimViz.Content.ContentTests.LaneSamplingTests" runstate="Runnable" seed="1230199046" result="Passed" start-time="2020-01-09 23:28:00Z" end-time="2020-01-09 23:28:00Z" duration="0.000796" asserts="0">
                    <properties>
                      <property name="childIndex" value="2" />
                    </properties>
                    <output><![CDATA[
##utp:{"type":"TestStatus","time":1578612480977,"version":2,"phase":"Begin","processId":5764,"name":"UnityEngine.SimViz.Content.ContentTests.LaneSamplingTests.SampleInsideLanes_ReturnsCorrectValues(UnityEngine.SimViz.Content.MapElements.Road,0.5f,Right,UnityEngine.SimViz.Content.Sampling.PointSampleGlobal[] GeneratedTestCase2)","state":0}

##utp:{"type":"TestStatus","time":1578612480979,"version":2,"phase":"End","processId":5764,"name":"UnityEngine.SimViz.Content.ContentTests.LaneSamplingTests.SampleInsideLanes_ReturnsCorrectValues(UnityEngine.SimViz.Content.MapElements.Road,0.5f,Right,UnityEngine.SimViz.Content.Sampling.PointSampleGlobal[] GeneratedTestCase2)","state":4,"message":"","duration":1,"durationMicroseconds":796}
]]></output>
                  </test-case>
                  <test-case id="1108" name="SampleInsideLanes_ReturnsCorrectValues(UnityEngine.SimViz.Content.MapElements.Road,0.5f,Left,UnityEngine.SimViz.Content.Sampling.PointSampleGlobal[])" fullname="UnityEngine.SimViz.Content.ContentTests.LaneSamplingTests.SampleInsideLanes_ReturnsCorrectValues(UnityEngine.SimViz.Content.MapElements.Road,0.5f,Left,UnityEngine.SimViz.Content.Sampling.PointSampleGlobal[])" methodname="SampleInsideLanes_ReturnsCorrectValues" classname="UnityEngine.SimViz.Content.ContentTests.LaneSamplingTests" runstate="Runnable" seed="2127633787" result="Passed" start-time="2020-01-09 23:28:00Z" end-time="2020-01-09 23:28:00Z" duration="0.000647" asserts="0">
                    <properties />
                    <output><![CDATA[
##utp:{"type":"TestStatus","time":1578612480980,"version":2,"phase":"Begin","processId":5764,"name":"UnityEngine.SimViz.Content.ContentTests.LaneSamplingTests.SampleInsideLanes_ReturnsCorrectValues(UnityEngine.SimViz.Content.MapElements.Road,0.5f,Left,UnityEngine.SimViz.Content.Sampling.PointSampleGlobal[])","state":0}

##utp:{"type":"TestStatus","time":1578612480982,"version":2,"phase":"End","processId":5764,"name":"UnityEngine.SimViz.Content.ContentTests.LaneSamplingTests.SampleInsideLanes_ReturnsCorrectValues(UnityEngine.SimViz.Content.MapElements.Road,0.5f,Left,UnityEngine.SimViz.Content.Sampling.PointSampleGlobal[])","state":4,"message":"","duration":1,"durationMicroseconds":646}
]]></output>
                  </test-case>
                  <test-case id="1109" name="SampleInsideLanes_ReturnsCorrectValues(UnityEngine.SimViz.Content.MapElements.Road,0.3183099f,Right,UnityEngine.SimViz.Content.Sampling.PointSampleGlobal[])" fullname="UnityEngine.SimViz.Content.ContentTests.LaneSamplingTests.SampleInsideLanes_ReturnsCorrectValues(UnityEngine.SimViz.Content.MapElements.Road,0.3183099f,Right,UnityEngine.SimViz.Content.Sampling.PointSampleGlobal[])" methodname="SampleInsideLanes_ReturnsCorrectValues" classname="UnityEngine.SimViz.Content.ContentTests.LaneSamplingTests" runstate="Runnable" seed="900897227" result="Passed" start-time="2020-01-09 23:28:00Z" end-time="2020-01-09 23:28:00Z" duration="0.000631" asserts="0">
                    <properties />
                    <output><![CDATA[
##utp:{"type":"TestStatus","time":1578612480982,"version":2,"phase":"Begin","processId":5764,"name":"UnityEngine.SimViz.Content.ContentTests.LaneSamplingTests.SampleInsideLanes_ReturnsCorrectValues(UnityEngine.SimViz.Content.MapElements.Road,0.3183099f,Right,UnityEngine.SimViz.Content.Sampling.PointSampleGlobal[])","state":0}

##utp:{"type":"TestStatus","time":1578612480984,"version":2,"phase":"End","processId":5764,"name":"UnityEngine.SimViz.Content.ContentTests.LaneSamplingTests.SampleInsideLanes_ReturnsCorrectValues(UnityEngine.SimViz.Content.MapElements.Road,0.3183099f,Right,UnityEngine.SimViz.Content.Sampling.PointSampleGlobal[])","state":4,"message":"","duration":1,"durationMicroseconds":631}
]]></output>
                  </test-case>
                </test-suite>
                <test-suite type="ParameterizedMethod" id="1095" name="SampleLane_ReturnsCorrectLaneSample" fullname="UnityEngine.SimViz.Content.ContentTests.LaneSamplingTests.SampleLane_ReturnsCorrectLaneSample" classname="UnityEngine.SimViz.Content.ContentTests.LaneSamplingTests" runstate="Runnable" testcasecount="6" result="Passed" start-time="2020-01-09 23:28:00Z" end-time="2020-01-09 23:28:01Z" duration="0.021971" total="6" passed="6" failed="0" inconclusive="0" skipped="0" asserts="0">
                  <properties />
                  <test-case id="1089" name="SampleLane_ReturnsCorrectLaneSample(1,0.0f,0.0f,0.0f,0.0f,0.0f,0.0f,0.0f)" fullname="UnityEngine.SimViz.Content.ContentTests.LaneSamplingTests.SampleLane_ReturnsCorrectLaneSample(1,0.0f,0.0f,0.0f,0.0f,0.0f,0.0f,0.0f)" methodname="SampleLane_ReturnsCorrectLaneSample" classname="UnityEngine.SimViz.Content.ContentTests.LaneSamplingTests" runstate="Runnable" seed="571425921" result="Passed" start-time="2020-01-09 23:28:00Z" end-time="2020-01-09 23:28:01Z" duration="0.001893" asserts="0">
                    <properties />
                    <output><![CDATA[
##utp:{"type":"TestStatus","time":1578612481000,"version":2,"phase":"Begin","processId":5764,"name":"UnityEngine.SimViz.Content.ContentTests.LaneSamplingTests.SampleLane_ReturnsCorrectLaneSample(1,0.0f,0.0f,0.0f,0.0f,0.0f,0.0f,0.0f)","state":0}

##utp:{"type":"TestStatus","time":1578612481003,"version":2,"phase":"End","processId":5764,"name":"UnityEngine.SimViz.Content.ContentTests.LaneSamplingTests.SampleLane_ReturnsCorrectLaneSample(1,0.0f,0.0f,0.0f,0.0f,0.0f,0.0f,0.0f)","state":4,"message":"","duration":2,"durationMicroseconds":1893}
]]></output>
                  </test-case>
                  <test-case id="1090" name="SampleLane_ReturnsCorrectLaneSample(1,0.0f,0.0f,0.0f,0.0f,100.0f,0.0f,0.0f)" fullname="UnityEngine.SimViz.Content.ContentTests.LaneSamplingTests.SampleLane_ReturnsCorrectLaneSample(1,0.0f,0.0f,0.0f,0.0f,100.0f,0.0f,0.0f)" methodname="SampleLane_ReturnsCorrectLaneSample" classname="UnityEngine.SimViz.Content.ContentTests.LaneSamplingTests" runstate="Runnable" seed="2049839564" result="Passed" start-time="2020-01-09 23:28:01Z" end-time="2020-01-09 23:28:01Z" duration="0.000622" asserts="0">
                    <properties />
                    <output><![CDATA[
##utp:{"type":"TestStatus","time":1578612481004,"version":2,"phase":"Begin","processId":5764,"name":"UnityEngine.SimViz.Content.ContentTests.LaneSamplingTests.SampleLane_ReturnsCorrectLaneSample(1,0.0f,0.0f,0.0f,0.0f,100.0f,0.0f,0.0f)","state":0}

##utp:{"type":"TestStatus","time":1578612481006,"version":2,"phase":"End","processId":5764,"name":"UnityEngine.SimViz.Content.ContentTests.LaneSamplingTests.SampleLane_ReturnsCorrectLaneSample(1,0.0f,0.0f,0.0f,0.0f,100.0f,0.0f,0.0f)","state":4,"message":"","duration":1,"durationMicroseconds":622}
]]></output>
                  </test-case>
                  <test-case id="1091" name="SampleLane_ReturnsCorrectLaneSample(1,0.0f,1.0f,0.0f,0.0f,10.0f,1.0f,10.0f)" fullname="UnityEngine.SimViz.Content.ContentTests.LaneSamplingTests.SampleLane_ReturnsCorrectLaneSample(1,0.0f,1.0f,0.0f,0.0f,10.0f,1.0f,10.0f)" methodname="SampleLane_ReturnsCorrectLaneSample" classname="UnityEngine.SimViz.Content.ContentTests.LaneSamplingTests" runstate="Runnable" seed="2024699576" result="Passed" start-time="2020-01-09 23:28:01Z" end-time="2020-01-09 23:28:01Z" duration="0.000638" asserts="0">
                    <properties />
                    <output><![CDATA[
##utp:{"type":"TestStatus","time":1578612481006,"version":2,"phase":"Begin","processId":5764,"name":"UnityEngine.SimViz.Content.ContentTests.LaneSamplingTests.SampleLane_ReturnsCorrectLaneSample(1,0.0f,1.0f,0.0f,0.0f,10.0f,1.0f,10.0f)","state":0}

##utp:{"type":"TestStatus","time":1578612481008,"version":2,"phase":"End","processId":5764,"name":"UnityEngine.SimViz.Content.ContentTests.LaneSamplingTests.SampleLane_ReturnsCorrectLaneSample(1,0.0f,1.0f,0.0f,0.0f,10.0f,1.0f,10.0f)","state":4,"message":"","duration":1,"durationMicroseconds":638}
]]></output>
                  </test-case>
                  <test-case id="1092" name="SampleLane_ReturnsCorrectLaneSample(-1,0.0f,1.0f,0.0f,0.0f,10.0f,-1.0f,-10.0f)" fullname="UnityEngine.SimViz.Content.ContentTests.LaneSamplingTests.SampleLane_ReturnsCorrectLaneSample(-1,0.0f,1.0f,0.0f,0.0f,10.0f,-1.0f,-10.0f)" methodname="SampleLane_ReturnsCorrectLaneSample" classname="UnityEngine.SimViz.Content.ContentTests.LaneSamplingTests" runstate="Runnable" seed="749900909" result="Passed" start-time="2020-01-09 23:28:01Z" end-time="2020-01-09 23:28:01Z" duration="0.000519" asserts="0">
                    <properties />
                    <output><![CDATA[
##utp:{"type":"TestStatus","time":1578612481008,"version":2,"phase":"Begin","processId":5764,"name":"UnityEngine.SimViz.Content.ContentTests.LaneSamplingTests.SampleLane_ReturnsCorrectLaneSample(-1,0.0f,1.0f,0.0f,0.0f,10.0f,-1.0f,-10.0f)","state":0}

##utp:{"type":"TestStatus","time":1578612481010,"version":2,"phase":"End","processId":5764,"name":"UnityEngine.SimViz.Content.ContentTests.LaneSamplingTests.SampleLane_ReturnsCorrectLaneSample(-1,0.0f,1.0f,0.0f,0.0f,10.0f,-1.0f,-10.0f)","state":4,"message":"","duration":1,"durationMicroseconds":519}
]]></output>
                  </test-case>
                  <test-case id="1093" name="SampleLane_ReturnsCorrectLaneSample(1,0.0f,0.0f,1.0f,0.0f,10.0f,20.0f,100.0f)" fullname="UnityEngine.SimViz.Content.ContentTests.LaneSamplingTests.SampleLane_ReturnsCorrectLaneSample(1,0.0f,0.0f,1.0f,0.0f,10.0f,20.0f,100.0f)" methodname="SampleLane_ReturnsCorrectLaneSample" classname="UnityEngine.SimViz.Content.ContentTests.LaneSamplingTests" runstate="Runnable" seed="1537595811" result="Passed" start-time="2020-01-09 23:28:01Z" end-time="2020-01-09 23:28:01Z" duration="0.000524" asserts="0">
                    <properties />
                    <output><![CDATA[
##utp:{"type":"TestStatus","time":1578612481011,"version":2,"phase":"Begin","processId":5764,"name":"UnityEngine.SimViz.Content.ContentTests.LaneSamplingTests.SampleLane_ReturnsCorrectLaneSample(1,0.0f,0.0f,1.0f,0.0f,10.0f,20.0f,100.0f)","state":0}

##utp:{"type":"TestStatus","time":1578612481012,"version":2,"phase":"End","processId":5764,"name":"UnityEngine.SimViz.Content.ContentTests.LaneSamplingTests.SampleLane_ReturnsCorrectLaneSample(1,0.0f,0.0f,1.0f,0.0f,10.0f,20.0f,100.0f)","state":4,"message":"","duration":1,"durationMicroseconds":524}
]]></output>
                  </test-case>
                  <test-case id="1094" name="SampleLane_ReturnsCorrectLaneSample(1,0.0f,0.0f,0.0f,1.0f,10.0f,300.0f,1000.0f)" fullname="UnityEngine.SimViz.Content.ContentTests.LaneSamplingTests.SampleLane_ReturnsCorrectLaneSample(1,0.0f,0.0f,0.0f,1.0f,10.0f,300.0f,1000.0f)" methodname="SampleLane_ReturnsCorrectLaneSample" classname="UnityEngine.SimViz.Content.ContentTests.LaneSamplingTests" runstate="Runnable" seed="1965513417" result="Passed" start-time="2020-01-09 23:28:01Z" end-time="2020-01-09 23:28:01Z" duration="0.000528" asserts="0">
                    <properties />
                    <output><![CDATA[
##utp:{"type":"TestStatus","time":1578612481012,"version":2,"phase":"Begin","processId":5764,"name":"UnityEngine.SimViz.Content.ContentTests.LaneSamplingTests.SampleLane_ReturnsCorrectLaneSample(1,0.0f,0.0f,0.0f,1.0f,10.0f,300.0f,1000.0f)","state":0}

##utp:{"type":"TestStatus","time":1578612481015,"version":2,"phase":"End","processId":5764,"name":"UnityEngine.SimViz.Content.ContentTests.LaneSamplingTests.SampleLane_ReturnsCorrectLaneSample(1,0.0f,0.0f,0.0f,1.0f,10.0f,300.0f,1000.0f)","state":4,"message":"","duration":1,"durationMicroseconds":528}
]]></output>
                  </test-case>
                </test-suite>
                <test-case id="1117" name="SampleLanes_Ecs_WithLaneOffsets_ReturnsCorrectValues" fullname="UnityEngine.SimViz.Content.ContentTests.LaneSamplingTests.SampleLanes_Ecs_WithLaneOffsets_ReturnsCorrectValues" methodname="SampleLanes_Ecs_WithLaneOffsets_ReturnsCorrectValues" classname="UnityEngine.SimViz.Content.ContentTests.LaneSamplingTests" runstate="Runnable" seed="1316721543" result="Passed" start-time="2020-01-09 23:28:01Z" end-time="2020-01-09 23:28:01Z" duration="0.004554" asserts="0">
                  <properties />
                  <output><![CDATA[
##utp:{"type":"TestStatus","time":1578612481024,"version":2,"phase":"Begin","processId":5764,"name":"UnityEngine.SimViz.Content.ContentTests.LaneSamplingTests.SampleLanes_Ecs_WithLaneOffsets_ReturnsCorrectValues","state":0}

##utp:{"type":"TestStatus","time":1578612481030,"version":2,"phase":"End","processId":5764,"name":"UnityEngine.SimViz.Content.ContentTests.LaneSamplingTests.SampleLanes_Ecs_WithLaneOffsets_ReturnsCorrectValues","state":4,"message":"","duration":5,"durationMicroseconds":4554}
]]></output>
                </test-case>
                <test-suite type="ParameterizedMethod" id="1100" name="SampleLanes_ReturnsCorrectValues" fullname="UnityEngine.SimViz.Content.ContentTests.LaneSamplingTests.SampleLanes_ReturnsCorrectValues" classname="UnityEngine.SimViz.Content.ContentTests.LaneSamplingTests" runstate="Runnable" testcasecount="4" result="Passed" start-time="2020-01-09 23:28:01Z" end-time="2020-01-09 23:28:01Z" duration="0.016689" total="4" passed="4" failed="0" inconclusive="0" skipped="0" asserts="0">
                  <properties />
                  <test-case id="1096" name="SampleLanes_ReturnsCorrectValues(UnityEngine.SimViz.Content.MapElements.Road,0.5f,Right,UnityEngine.SimViz.Content.Sampling.PointSampleGlobal[])" fullname="UnityEngine.SimViz.Content.ContentTests.LaneSamplingTests.SampleLanes_ReturnsCorrectValues(UnityEngine.SimViz.Content.MapElements.Road,0.5f,Right,UnityEngine.SimViz.Content.Sampling.PointSampleGlobal[])" methodname="SampleLanes_ReturnsCorrectValues" classname="UnityEngine.SimViz.Content.ContentTests.LaneSamplingTests" runstate="Runnable" seed="418751042" result="Passed" start-time="2020-01-09 23:28:01Z" end-time="2020-01-09 23:28:01Z" duration="0.001364" asserts="0">
                    <properties />
                    <output><![CDATA[
##utp:{"type":"TestStatus","time":1578612481036,"version":2,"phase":"Begin","processId":5764,"name":"UnityEngine.SimViz.Content.ContentTests.LaneSamplingTests.SampleLanes_ReturnsCorrectValues(UnityEngine.SimViz.Content.MapElements.Road,0.5f,Right,UnityEngine.SimViz.Content.Sampling.PointSampleGlobal[])","state":0}

##utp:{"type":"TestStatus","time":1578612481039,"version":2,"phase":"End","processId":5764,"name":"UnityEngine.SimViz.Content.ContentTests.LaneSamplingTests.SampleLanes_ReturnsCorrectValues(UnityEngine.SimViz.Content.MapElements.Road,0.5f,Right,UnityEngine.SimViz.Content.Sampling.PointSampleGlobal[])","state":4,"message":"","duration":1,"durationMicroseconds":1364}
]]></output>
                  </test-case>
                  <test-case id="1097" name="SampleLanes_ReturnsCorrectValues(UnityEngine.SimViz.Content.MapElements.Road,0.5f,Right,UnityEngine.SimViz.Content.Sampling.PointSampleGlobal[])" fullname="UnityEngine.SimViz.Content.ContentTests.LaneSamplingTests.SampleLanes_ReturnsCorrectValues(UnityEngine.SimViz.Content.MapElements.Road,0.5f,Right,UnityEngine.SimViz.Content.Sampling.PointSampleGlobal[])" methodname="SampleLanes_ReturnsCorrectValues" classname="UnityEngine.SimViz.Content.ContentTests.LaneSamplingTests" runstate="Runnable" seed="1900310220" result="Passed" start-time="2020-01-09 23:28:01Z" end-time="2020-01-09 23:28:01Z" duration="0.000682" asserts="0">
                    <properties>
                      <property name="childIndex" value="2" />
                    </properties>
                    <output><![CDATA[
##utp:{"type":"TestStatus","time":1578612481039,"version":2,"phase":"Begin","processId":5764,"name":"UnityEngine.SimViz.Content.ContentTests.LaneSamplingTests.SampleLanes_ReturnsCorrectValues(UnityEngine.SimViz.Content.MapElements.Road,0.5f,Right,UnityEngine.SimViz.Content.Sampling.PointSampleGlobal[] GeneratedTestCase2)","state":0}

##utp:{"type":"TestStatus","time":1578612481042,"version":2,"phase":"End","processId":5764,"name":"UnityEngine.SimViz.Content.ContentTests.LaneSamplingTests.SampleLanes_ReturnsCorrectValues(UnityEngine.SimViz.Content.MapElements.Road,0.5f,Right,UnityEngine.SimViz.Content.Sampling.PointSampleGlobal[] GeneratedTestCase2)","state":4,"message":"","duration":1,"durationMicroseconds":682}
]]></output>
                  </test-case>
                  <test-case id="1098" name="SampleLanes_ReturnsCorrectValues(UnityEngine.SimViz.Content.MapElements.Road,0.5f,Left,UnityEngine.SimViz.Content.Sampling.PointSampleGlobal[])" fullname="UnityEngine.SimViz.Content.ContentTests.LaneSamplingTests.SampleLanes_ReturnsCorrectValues(UnityEngine.SimViz.Content.MapElements.Road,0.5f,Left,UnityEngine.SimViz.Content.Sampling.PointSampleGlobal[])" methodname="SampleLanes_ReturnsCorrectValues" classname="UnityEngine.SimViz.Content.ContentTests.LaneSamplingTests" runstate="Runnable" seed="1661499817" result="Passed" start-time="2020-01-09 23:28:01Z" end-time="2020-01-09 23:28:01Z" duration="0.000644" asserts="0">
                    <properties />
                    <output><![CDATA[
##utp:{"type":"TestStatus","time":1578612481042,"version":2,"phase":"Begin","processId":5764,"name":"UnityEngine.SimViz.Content.ContentTests.LaneSamplingTests.SampleLanes_ReturnsCorrectValues(UnityEngine.SimViz.Content.MapElements.Road,0.5f,Left,UnityEngine.SimViz.Content.Sampling.PointSampleGlobal[])","state":0}

##utp:{"type":"TestStatus","time":1578612481044,"version":2,"phase":"End","processId":5764,"name":"UnityEngine.SimViz.Content.ContentTests.LaneSamplingTests.SampleLanes_ReturnsCorrectValues(UnityEngine.SimViz.Content.MapElements.Road,0.5f,Left,UnityEngine.SimViz.Content.Sampling.PointSampleGlobal[])","state":4,"message":"","duration":1,"durationMicroseconds":644}
]]></output>
                  </test-case>
                  <test-case id="1099" name="SampleLanes_ReturnsCorrectValues(UnityEngine.SimViz.Content.MapElements.Road,0.3183099f,Right,UnityEngine.SimViz.Content.Sampling.PointSampleGlobal[])" fullname="UnityEngine.SimViz.Content.ContentTests.LaneSamplingTests.SampleLanes_ReturnsCorrectValues(UnityEngine.SimViz.Content.MapElements.Road,0.3183099f,Right,UnityEngine.SimViz.Content.Sampling.PointSampleGlobal[])" methodname="SampleLanes_ReturnsCorrectValues" classname="UnityEngine.SimViz.Content.ContentTests.LaneSamplingTests" runstate="Runnable" seed="769378111" result="Passed" start-time="2020-01-09 23:28:01Z" end-time="2020-01-09 23:28:01Z" duration="0.000615" asserts="0">
                    <properties />
                    <output><![CDATA[
##utp:{"type":"TestStatus","time":1578612481044,"version":2,"phase":"Begin","processId":5764,"name":"UnityEngine.SimViz.Content.ContentTests.LaneSamplingTests.SampleLanes_ReturnsCorrectValues(UnityEngine.SimViz.Content.MapElements.Road,0.3183099f,Right,UnityEngine.SimViz.Content.Sampling.PointSampleGlobal[])","state":0}

##utp:{"type":"TestStatus","time":1578612481046,"version":2,"phase":"End","processId":5764,"name":"UnityEngine.SimViz.Content.ContentTests.LaneSamplingTests.SampleLanes_ReturnsCorrectValues(UnityEngine.SimViz.Content.MapElements.Road,0.3183099f,Right,UnityEngine.SimViz.Content.Sampling.PointSampleGlobal[])","state":4,"message":"","duration":1,"durationMicroseconds":615}
]]></output>
                  </test-case>
                </test-suite>
                <test-case id="1116" name="SampleLanes_WithLaneOffsets_ReturnsCorrectValues" fullname="UnityEngine.SimViz.Content.ContentTests.LaneSamplingTests.SampleLanes_WithLaneOffsets_ReturnsCorrectValues" methodname="SampleLanes_WithLaneOffsets_ReturnsCorrectValues" classname="UnityEngine.SimViz.Content.ContentTests.LaneSamplingTests" runstate="Runnable" seed="1888439921" result="Passed" start-time="2020-01-09 23:28:01Z" end-time="2020-01-09 23:28:01Z" duration="0.001708" asserts="0">
                  <properties />
                  <output><![CDATA[
##utp:{"type":"TestStatus","time":1578612481054,"version":2,"phase":"Begin","processId":5764,"name":"UnityEngine.SimViz.Content.ContentTests.LaneSamplingTests.SampleLanes_WithLaneOffsets_ReturnsCorrectValues","state":0}

##utp:{"type":"TestStatus","time":1578612481057,"version":2,"phase":"End","processId":5764,"name":"UnityEngine.SimViz.Content.ContentTests.LaneSamplingTests.SampleLanes_WithLaneOffsets_ReturnsCorrectValues","state":4,"message":"","duration":2,"durationMicroseconds":1708}
]]></output>
                </test-case>
                <test-suite type="ParameterizedMethod" id="1105" name="SampleLanesEcs_ReturnsCorrectValues" fullname="UnityEngine.SimViz.Content.ContentTests.LaneSamplingTests.SampleLanesEcs_ReturnsCorrectValues" classname="UnityEngine.SimViz.Content.ContentTests.LaneSamplingTests" runstate="Runnable" testcasecount="4" result="Passed" start-time="2020-01-09 23:28:01Z" end-time="2020-01-09 23:28:01Z" duration="0.019895" total="4" passed="4" failed="0" inconclusive="0" skipped="0" asserts="0">
                  <properties />
                  <test-case id="1101" name="SampleLanesEcs_ReturnsCorrectValues(UnityEngine.SimViz.Content.MapElements.Road,0.5f,Right,UnityEngine.SimViz.Content.Sampling.PointSampleGlobal[])" fullname="UnityEngine.SimViz.Content.ContentTests.LaneSamplingTests.SampleLanesEcs_ReturnsCorrectValues(UnityEngine.SimViz.Content.MapElements.Road,0.5f,Right,UnityEngine.SimViz.Content.Sampling.PointSampleGlobal[])" methodname="SampleLanesEcs_ReturnsCorrectValues" classname="UnityEngine.SimViz.Content.ContentTests.LaneSamplingTests" runstate="Runnable" seed="1304805504" result="Passed" start-time="2020-01-09 23:28:01Z" end-time="2020-01-09 23:28:01Z" duration="0.003089" asserts="0">
                    <properties />
                    <output><![CDATA[
##utp:{"type":"TestStatus","time":1578612481063,"version":2,"phase":"Begin","processId":5764,"name":"UnityEngine.SimViz.Content.ContentTests.LaneSamplingTests.SampleLanesEcs_ReturnsCorrectValues(UnityEngine.SimViz.Content.MapElements.Road,0.5f,Right,UnityEngine.SimViz.Content.Sampling.PointSampleGlobal[])","state":0}

##utp:{"type":"TestStatus","time":1578612481067,"version":2,"phase":"End","processId":5764,"name":"UnityEngine.SimViz.Content.ContentTests.LaneSamplingTests.SampleLanesEcs_ReturnsCorrectValues(UnityEngine.SimViz.Content.MapElements.Road,0.5f,Right,UnityEngine.SimViz.Content.Sampling.PointSampleGlobal[])","state":4,"message":"","duration":3,"durationMicroseconds":3089}
]]></output>
                  </test-case>
                  <test-case id="1102" name="SampleLanesEcs_ReturnsCorrectValues(UnityEngine.SimViz.Content.MapElements.Road,0.5f,Right,UnityEngine.SimViz.Content.Sampling.PointSampleGlobal[])" fullname="UnityEngine.SimViz.Content.ContentTests.LaneSamplingTests.SampleLanesEcs_ReturnsCorrectValues(UnityEngine.SimViz.Content.MapElements.Road,0.5f,Right,UnityEngine.SimViz.Content.Sampling.PointSampleGlobal[])" methodname="SampleLanesEcs_ReturnsCorrectValues" classname="UnityEngine.SimViz.Content.ContentTests.LaneSamplingTests" runstate="Runnable" seed="1218097475" result="Passed" start-time="2020-01-09 23:28:01Z" end-time="2020-01-09 23:28:01Z" duration="0.001595" asserts="0">
                    <properties>
                      <property name="childIndex" value="2" />
                    </properties>
                    <output><![CDATA[
##utp:{"type":"TestStatus","time":1578612481068,"version":2,"phase":"Begin","processId":5764,"name":"UnityEngine.SimViz.Content.ContentTests.LaneSamplingTests.SampleLanesEcs_ReturnsCorrectValues(UnityEngine.SimViz.Content.MapElements.Road,0.5f,Right,UnityEngine.SimViz.Content.Sampling.PointSampleGlobal[] GeneratedTestCase2)","state":0}

##utp:{"type":"TestStatus","time":1578612481071,"version":2,"phase":"End","processId":5764,"name":"UnityEngine.SimViz.Content.ContentTests.LaneSamplingTests.SampleLanesEcs_ReturnsCorrectValues(UnityEngine.SimViz.Content.MapElements.Road,0.5f,Right,UnityEngine.SimViz.Content.Sampling.PointSampleGlobal[] GeneratedTestCase2)","state":4,"message":"","duration":2,"durationMicroseconds":1595}
]]></output>
                  </test-case>
                  <test-case id="1103" name="SampleLanesEcs_ReturnsCorrectValues(UnityEngine.SimViz.Content.MapElements.Road,0.5f,Left,UnityEngine.SimViz.Content.Sampling.PointSampleGlobal[])" fullname="UnityEngine.SimViz.Content.ContentTests.LaneSamplingTests.SampleLanesEcs_ReturnsCorrectValues(UnityEngine.SimViz.Content.MapElements.Road,0.5f,Left,UnityEngine.SimViz.Content.Sampling.PointSampleGlobal[])" methodname="SampleLanesEcs_ReturnsCorrectValues" classname="UnityEngine.SimViz.Content.ContentTests.LaneSamplingTests" runstate="Runnable" seed="1490964719" result="Passed" start-time="2020-01-09 23:28:01Z" end-time="2020-01-09 23:28:01Z" duration="0.001350" asserts="0">
                    <properties />
                    <output><![CDATA[
##utp:{"type":"TestStatus","time":1578612481071,"version":2,"phase":"Begin","processId":5764,"name":"UnityEngine.SimViz.Content.ContentTests.LaneSamplingTests.SampleLanesEcs_ReturnsCorrectValues(UnityEngine.SimViz.Content.MapElements.Road,0.5f,Left,UnityEngine.SimViz.Content.Sampling.PointSampleGlobal[])","state":0}

##utp:{"type":"TestStatus","time":1578612481074,"version":2,"phase":"End","processId":5764,"name":"UnityEngine.SimViz.Content.ContentTests.LaneSamplingTests.SampleLanesEcs_ReturnsCorrectValues(UnityEngine.SimViz.Content.MapElements.Road,0.5f,Left,UnityEngine.SimViz.Content.Sampling.PointSampleGlobal[])","state":4,"message":"","duration":1,"durationMicroseconds":1350}
]]></output>
                  </test-case>
                  <test-case id="1104" name="SampleLanesEcs_ReturnsCorrectValues(UnityEngine.SimViz.Content.MapElements.Road,0.3183099f,Right,UnityEngine.SimViz.Content.Sampling.PointSampleGlobal[])" fullname="UnityEngine.SimViz.Content.ContentTests.LaneSamplingTests.SampleLanesEcs_ReturnsCorrectValues(UnityEngine.SimViz.Content.MapElements.Road,0.3183099f,Right,UnityEngine.SimViz.Content.Sampling.PointSampleGlobal[])" methodname="SampleLanesEcs_ReturnsCorrectValues" classname="UnityEngine.SimViz.Content.ContentTests.LaneSamplingTests" runstate="Runnable" seed="477864337" result="Passed" start-time="2020-01-09 23:28:01Z" end-time="2020-01-09 23:28:01Z" duration="0.001218" asserts="0">
                    <properties />
                    <output><![CDATA[
##utp:{"type":"TestStatus","time":1578612481074,"version":2,"phase":"Begin","processId":5764,"name":"UnityEngine.SimViz.Content.ContentTests.LaneSamplingTests.SampleLanesEcs_ReturnsCorrectValues(UnityEngine.SimViz.Content.MapElements.Road,0.3183099f,Right,UnityEngine.SimViz.Content.Sampling.PointSampleGlobal[])","state":0}

##utp:{"type":"TestStatus","time":1578612481077,"version":2,"phase":"End","processId":5764,"name":"UnityEngine.SimViz.Content.ContentTests.LaneSamplingTests.SampleLanesEcs_ReturnsCorrectValues(UnityEngine.SimViz.Content.MapElements.Road,0.3183099f,Right,UnityEngine.SimViz.Content.Sampling.PointSampleGlobal[])","state":4,"message":"","duration":1,"durationMicroseconds":1218}
]]></output>
                  </test-case>
                </test-suite>
                <test-suite type="ParameterizedMethod" id="1121" name="SampleRoadOutline_ReturnsCorrectValues" fullname="UnityEngine.SimViz.Content.ContentTests.LaneSamplingTests.SampleRoadOutline_ReturnsCorrectValues" classname="UnityEngine.SimViz.Content.ContentTests.LaneSamplingTests" runstate="Runnable" testcasecount="3" result="Passed" start-time="2020-01-09 23:28:01Z" end-time="2020-01-09 23:28:01Z" duration="0.018099" total="3" passed="3" failed="0" inconclusive="0" skipped="0" asserts="0">
                  <properties />
                  <test-case id="1118" name="SampleRoadOutline_ReturnsCorrectValues(UnityEngine.SimViz.Content.MapElements.Road,1.0f,System.Collections.Generic.List`1[UnityEngine.SimViz.Content.Sampling.PointSampleGlobal])" fullname="UnityEngine.SimViz.Content.ContentTests.LaneSamplingTests.SampleRoadOutline_ReturnsCorrectValues(UnityEngine.SimViz.Content.MapElements.Road,1.0f,System.Collections.Generic.List`1[UnityEngine.SimViz.Content.Sampling.PointSampleGlobal])" methodname="SampleRoadOutline_ReturnsCorrectValues" classname="UnityEngine.SimViz.Content.ContentTests.LaneSamplingTests" runstate="Runnable" seed="1918327796" result="Passed" start-time="2020-01-09 23:28:01Z" end-time="2020-01-09 23:28:01Z" duration="0.003524" asserts="0">
                    <properties>
                      <property name="Description" value="One line two lanes." />
                    </properties>
                    <output><![CDATA[
##utp:{"type":"TestStatus","time":1578612481098,"version":2,"phase":"Begin","processId":5764,"name":"UnityEngine.SimViz.Content.ContentTests.LaneSamplingTests.SampleRoadOutline_ReturnsCorrectValues(UnityEngine.SimViz.Content.MapElements.Road,1.0f,System.Collections.Generic.List`1[UnityEngine.SimViz.Content.Sampling.PointSampleGlobal])","state":0}

##utp:{"type":"TestStatus","time":1578612481103,"version":2,"phase":"End","processId":5764,"name":"UnityEngine.SimViz.Content.ContentTests.LaneSamplingTests.SampleRoadOutline_ReturnsCorrectValues(UnityEngine.SimViz.Content.MapElements.Road,1.0f,System.Collections.Generic.List`1[UnityEngine.SimViz.Content.Sampling.PointSampleGlobal])","state":4,"message":"","duration":4,"durationMicroseconds":3524}
]]></output>
                  </test-case>
                  <test-case id="1119" name="SampleRoadOutline_ReturnsCorrectValues(UnityEngine.SimViz.Content.MapElements.Road,1.0f,System.Collections.Generic.List`1[UnityEngine.SimViz.Content.Sampling.PointSampleGlobal])" fullname="UnityEngine.SimViz.Content.ContentTests.LaneSamplingTests.SampleRoadOutline_ReturnsCorrectValues(UnityEngine.SimViz.Content.MapElements.Road,1.0f,System.Collections.Generic.List`1[UnityEngine.SimViz.Content.Sampling.PointSampleGlobal])" methodname="SampleRoadOutline_ReturnsCorrectValues" classname="UnityEngine.SimViz.Content.ContentTests.LaneSamplingTests" runstate="Runnable" seed="181308513" result="Passed" start-time="2020-01-09 23:28:01Z" end-time="2020-01-09 23:28:01Z" duration="0.000912" asserts="0">
                    <properties>
                      <property name="Description" value="Two lines two lanes." />
                      <property name="childIndex" value="2" />
                    </properties>
                    <output><![CDATA[
##utp:{"type":"TestStatus","time":1578612481104,"version":2,"phase":"Begin","processId":5764,"name":"UnityEngine.SimViz.Content.ContentTests.LaneSamplingTests.SampleRoadOutline_ReturnsCorrectValues(UnityEngine.SimViz.Content.MapElements.Road,1.0f,System.Collections.Generic.List`1[UnityEngine.SimViz.Content.Sampling.PointSampleGlobal] GeneratedTestCase2)","state":0}

##utp:{"type":"TestStatus","time":1578612481106,"version":2,"phase":"End","processId":5764,"name":"UnityEngine.SimViz.Content.ContentTests.LaneSamplingTests.SampleRoadOutline_ReturnsCorrectValues(UnityEngine.SimViz.Content.MapElements.Road,1.0f,System.Collections.Generic.List`1[UnityEngine.SimViz.Content.Sampling.PointSampleGlobal] GeneratedTestCase2)","state":4,"message":"","duration":1,"durationMicroseconds":912}
]]></output>
                  </test-case>
                  <test-case id="1120" name="SampleRoadOutline_ReturnsCorrectValues(UnityEngine.SimViz.Content.MapElements.Road,1.0f,System.Collections.Generic.List`1[UnityEngine.SimViz.Content.Sampling.PointSampleGlobal])" fullname="UnityEngine.SimViz.Content.ContentTests.LaneSamplingTests.SampleRoadOutline_ReturnsCorrectValues(UnityEngine.SimViz.Content.MapElements.Road,1.0f,System.Collections.Generic.List`1[UnityEngine.SimViz.Content.Sampling.PointSampleGlobal])" methodname="SampleRoadOutline_ReturnsCorrectValues" classname="UnityEngine.SimViz.Content.ContentTests.LaneSamplingTests" runstate="Runnable" seed="551675248" result="Passed" start-time="2020-01-09 23:28:01Z" end-time="2020-01-09 23:28:01Z" duration="0.000878" asserts="0">
                    <properties>
                      <property name="Description" value="One offset line, one left lane" />
                      <property name="childIndex" value="3" />
                    </properties>
                    <output><![CDATA[
##utp:{"type":"TestStatus","time":1578612481107,"version":2,"phase":"Begin","processId":5764,"name":"UnityEngine.SimViz.Content.ContentTests.LaneSamplingTests.SampleRoadOutline_ReturnsCorrectValues(UnityEngine.SimViz.Content.MapElements.Road,1.0f,System.Collections.Generic.List`1[UnityEngine.SimViz.Content.Sampling.PointSampleGlobal] GeneratedTestCase3)","state":0}

##utp:{"type":"TestStatus","time":1578612481109,"version":2,"phase":"End","processId":5764,"name":"UnityEngine.SimViz.Content.ContentTests.LaneSamplingTests.SampleRoadOutline_ReturnsCorrectValues(UnityEngine.SimViz.Content.MapElements.Road,1.0f,System.Collections.Generic.List`1[UnityEngine.SimViz.Content.Sampling.PointSampleGlobal] GeneratedTestCase3)","state":4,"message":"","duration":1,"durationMicroseconds":878}
]]></output>
                  </test-case>
                </test-suite>
              </test-suite>
              <test-suite type="TestFixture" id="1122" name="MapElementsTests" fullname="UnityEngine.SimViz.Content.ContentTests.MapElementsTests" classname="UnityEngine.SimViz.Content.ContentTests.MapElementsTests" runstate="Runnable" testcasecount="13" result="Passed" start-time="2020-01-09 23:28:01Z" end-time="2020-01-09 23:28:01Z" duration="0.159962" total="13" passed="13" failed="0" inconclusive="0" skipped="0" asserts="0">
                <properties />
                <test-case id="1136" name="ConstructLane" fullname="UnityEngine.SimViz.Content.ContentTests.MapElementsTests.ConstructLane" methodname="ConstructLane" classname="UnityEngine.SimViz.Content.ContentTests.MapElementsTests" runstate="Runnable" seed="1382002964" result="Passed" start-time="2020-01-09 23:28:01Z" end-time="2020-01-09 23:28:01Z" duration="0.050363" asserts="0">
                  <properties />
                  <output><![CDATA[
##utp:{"type":"TestStatus","time":1578612481228,"version":2,"phase":"Begin","processId":5764,"name":"UnityEngine.SimViz.Content.ContentTests.MapElementsTests.ConstructLane","state":0}

##utp:{"type":"TestStatus","time":1578612481280,"version":2,"phase":"End","processId":5764,"name":"UnityEngine.SimViz.Content.ContentTests.MapElementsTests.ConstructLane","state":4,"message":"","duration":50,"durationMicroseconds":50363}
]]></output>
                </test-case>
                <test-case id="1131" name="OpenDriveFactoryTestElevationProfileParsing" fullname="UnityEngine.SimViz.Content.ContentTests.MapElementsTests.OpenDriveFactoryTestElevationProfileParsing" methodname="OpenDriveFactoryTestElevationProfileParsing" classname="UnityEngine.SimViz.Content.ContentTests.MapElementsTests" runstate="Runnable" seed="2128444702" result="Passed" start-time="2020-01-09 23:28:01Z" end-time="2020-01-09 23:28:01Z" duration="0.010374" asserts="0">
                  <properties />
                  <output><![CDATA[
##utp:{"type":"TestStatus","time":1578612481281,"version":2,"phase":"Begin","processId":5764,"name":"UnityEngine.SimViz.Content.ContentTests.MapElementsTests.OpenDriveFactoryTestElevationProfileParsing","state":0}
elevation's s value (-1) is invalid because it must be non-negative.

##utp:{"type":"TestStatus","time":1578612481292,"version":2,"phase":"End","processId":5764,"name":"UnityEngine.SimViz.Content.ContentTests.MapElementsTests.OpenDriveFactoryTestElevationProfileParsing","state":4,"message":"","duration":10,"durationMicroseconds":10374}
]]></output>
                </test-case>
                <test-case id="1132" name="OpenDriveFactoryTestJunctionParsing" fullname="UnityEngine.SimViz.Content.ContentTests.MapElementsTests.OpenDriveFactoryTestJunctionParsing" methodname="OpenDriveFactoryTestJunctionParsing" classname="UnityEngine.SimViz.Content.ContentTests.MapElementsTests" runstate="Runnable" seed="1836191374" result="Passed" start-time="2020-01-09 23:28:01Z" end-time="2020-01-09 23:28:01Z" duration="0.005285" asserts="0">
                  <properties />
                  <output><![CDATA[
##utp:{"type":"TestStatus","time":1578612481293,"version":2,"phase":"Begin","processId":5764,"name":"UnityEngine.SimViz.Content.ContentTests.MapElementsTests.OpenDriveFactoryTestJunctionParsing","state":0}

##utp:{"type":"TestStatus","time":1578612481299,"version":2,"phase":"End","processId":5764,"name":"UnityEngine.SimViz.Content.ContentTests.MapElementsTests.OpenDriveFactoryTestJunctionParsing","state":4,"message":"","duration":5,"durationMicroseconds":5285}
]]></output>
                </test-case>
                <test-case id="1133" name="OpenDriveFactoryTestLaneParsing" fullname="UnityEngine.SimViz.Content.ContentTests.MapElementsTests.OpenDriveFactoryTestLaneParsing" methodname="OpenDriveFactoryTestLaneParsing" classname="UnityEngine.SimViz.Content.ContentTests.MapElementsTests" runstate="Runnable" seed="813454855" result="Passed" start-time="2020-01-09 23:28:01Z" end-time="2020-01-09 23:28:01Z" duration="0.005137" asserts="0">
                  <properties />
                  <output><![CDATA[
##utp:{"type":"TestStatus","time":1578612481299,"version":2,"phase":"Begin","processId":5764,"name":"UnityEngine.SimViz.Content.ContentTests.MapElementsTests.OpenDriveFactoryTestLaneParsing","state":0}

##utp:{"type":"TestStatus","time":1578612481305,"version":2,"phase":"End","processId":5764,"name":"UnityEngine.SimViz.Content.ContentTests.MapElementsTests.OpenDriveFactoryTestLaneParsing","state":4,"message":"","duration":5,"durationMicroseconds":5137}
]]></output>
                </test-case>
                <test-case id="1130" name="OpenDriveFactoryTestRoadNetworkConstruction" fullname="UnityEngine.SimViz.Content.ContentTests.MapElementsTests.OpenDriveFactoryTestRoadNetworkConstruction" methodname="OpenDriveFactoryTestRoadNetworkConstruction" classname="UnityEngine.SimViz.Content.ContentTests.MapElementsTests" runstate="Runnable" seed="1314359507" result="Passed" start-time="2020-01-09 23:28:01Z" end-time="2020-01-09 23:28:01Z" duration="0.011271" asserts="0">
                  <properties />
                  <output><![CDATA[
##utp:{"type":"TestStatus","time":1578612481306,"version":2,"phase":"Begin","processId":5764,"name":"UnityEngine.SimViz.Content.ContentTests.MapElementsTests.OpenDriveFactoryTestRoadNetworkConstruction","state":0}
Attempting to parse <OpenDRIVE>
  <header revMajor="1" revMinor="1" name="" version="1.00" date="Thu Dec 10 10:35:57 2009" north="0.0000000000000000e+00" south="0.0000000000000000e+00" east="0.0000000000000000e+00" west="0.0000000000000000e+00" maxRoad="517" maxJunc="2" maxPrg="0"></header>
  <road name="mock_road_1" length="2.0" id="500" junction="2">
    <link>
      <predecessor elementType="road" elementId="501" contactPoint="end" />
      <successor elementType="road" elementId="501" contactPoint="start" />
    </link>
    <type s="0.0000000000000000e+00" type="town" />
    <planView>
      <geometry s="0.0000000000000000e+00" x="-5.0" y="7.0" hdg="5.5" length="0.5">
        <line />
      </geometry>
    </planView>
    <elevationProfile>
      <elevation s="0.0000000000000000e+00" a="0.0000000000000000e+00" b="0.0000000000000000e+00" c="0.0000000000000000e+00" d="0.0000000000000000e+00" />
    </elevationProfile>
    <lateralProfile></lateralProfile>
    <lanes>
      <laneSection s="0.0000000000000000e+00">
        <center>
          <lane id="0" type="driving" level="0">
            <link></link>
            <roadMark sOffset="0.0000000000000000e+00" type="none" weight="standard" color="standard" width="1.3000000000000000e-01" />
          </lane>
        </center>
      </laneSection>
    </lanes>
    <objects></objects>
    <signals></signals>
  </road>
  <road name="mock_road_2" length="5.0" id="501" junction="2">
    <link>
      <predecessor elementType="road" elementId="500" contactPoint="end" />
      <successor elementType="road" elementId="500" contactPoint="start" />
    </link>
    <type s="0.0000000000000000e+00" type="town" />
    <planView>
      <geometry s="0.0000000000000000e+00" x="-5.0" y="7.0" hdg="5.5" length="0.5">
        <line />
      </geometry>
    </planView>
    <elevationProfile>
      <elevation s="0.0000000000000000e+00" a="0.0000000000000000e+00" b="0.0000000000000000e+00" c="0.0000000000000000e+00" d="0.0000000000000000e+00" />
    </elevationProfile>
    <lateralProfile></lateralProfile>
    <lanes>
      <laneSection s="0.0000000000000000e+00">
        <center>
          <lane id="0" type="driving" level="0">
            <link></link>
            <roadMark sOffset="0.0000000000000000e+00" type="none" weight="standard" color="standard" width="1.3000000000000000e-01" />
          </lane>
        </center>
      </laneSection>
    </lanes>
    <objects></objects>
    <signals></signals>
  </road>
  <junction name="" id="2"></junction>
</OpenDRIVE>...

##utp:{"type":"TestStatus","time":1578612481322,"version":2,"phase":"End","processId":5764,"name":"UnityEngine.SimViz.Content.ContentTests.MapElementsTests.OpenDriveFactoryTestRoadNetworkConstruction","state":4,"message":"","duration":11,"durationMicroseconds":11271}
]]></output>
                </test-case>
                <test-case id="1134" name="OpenDriveFactoryTestRoadParsing" fullname="UnityEngine.SimViz.Content.ContentTests.MapElementsTests.OpenDriveFactoryTestRoadParsing" methodname="OpenDriveFactoryTestRoadParsing" classname="UnityEngine.SimViz.Content.ContentTests.MapElementsTests" runstate="Runnable" seed="686935145" result="Passed" start-time="2020-01-09 23:28:01Z" end-time="2020-01-09 23:28:01Z" duration="0.001654" asserts="0">
                  <properties />
                  <output><![CDATA[
##utp:{"type":"TestStatus","time":1578612481322,"version":2,"phase":"Begin","processId":5764,"name":"UnityEngine.SimViz.Content.ContentTests.MapElementsTests.OpenDriveFactoryTestRoadParsing","state":0}

##utp:{"type":"TestStatus","time":1578612481325,"version":2,"phase":"End","processId":5764,"name":"UnityEngine.SimViz.Content.ContentTests.MapElementsTests.OpenDriveFactoryTestRoadParsing","state":4,"message":"","duration":2,"durationMicroseconds":1654}
]]></output>
                </test-case>
                <test-case id="1135" name="RoadDescriptionTestRoadLinking" fullname="UnityEngine.SimViz.Content.ContentTests.MapElementsTests.RoadDescriptionTestRoadLinking" methodname="RoadDescriptionTestRoadLinking" classname="UnityEngine.SimViz.Content.ContentTests.MapElementsTests" runstate="Runnable" seed="557491647" result="Passed" start-time="2020-01-09 23:28:01Z" end-time="2020-01-09 23:28:01Z" duration="0.004039" asserts="0">
                  <properties />
                  <output><![CDATA[
##utp:{"type":"TestStatus","time":1578612481325,"version":2,"phase":"Begin","processId":5764,"name":"UnityEngine.SimViz.Content.ContentTests.MapElementsTests.RoadDescriptionTestRoadLinking","state":0}

##utp:{"type":"TestStatus","time":1578612481330,"version":2,"phase":"End","processId":5764,"name":"UnityEngine.SimViz.Content.ContentTests.MapElementsTests.RoadDescriptionTestRoadLinking","state":4,"message":"","duration":4,"durationMicroseconds":4039}
]]></output>
                </test-case>
                <test-suite type="ParameterizedMethod" id="1129" name="TestFromOpenDriveToUnity" fullname="UnityEngine.SimViz.Content.ContentTests.MapElementsTests.TestFromOpenDriveToUnity" classname="UnityEngine.SimViz.Content.ContentTests.MapElementsTests" runstate="Runnable" testcasecount="6" result="Passed" start-time="2020-01-09 23:28:01Z" end-time="2020-01-09 23:28:01Z" duration="0.017652" total="6" passed="6" failed="0" inconclusive="0" skipped="0" asserts="0">
                  <properties />
                  <test-case id="1123" name="TestFromOpenDriveToUnity(0.0f,0.0f,0.0f,RigidTransform((0f, 0f, 0f, 1f),  (0f, 0f, 0f)))" fullname="UnityEngine.SimViz.Content.ContentTests.MapElementsTests.TestFromOpenDriveToUnity(0.0f,0.0f,0.0f,RigidTransform((0f, 0f, 0f, 1f),  (0f, 0f, 0f)))" methodname="TestFromOpenDriveToUnity" classname="UnityEngine.SimViz.Content.ContentTests.MapElementsTests" runstate="Runnable" seed="2146687933" result="Passed" start-time="2020-01-09 23:28:01Z" end-time="2020-01-09 23:28:01Z" duration="0.000991" asserts="0">
                    <properties />
                    <output><![CDATA[
##utp:{"type":"TestStatus","time":1578612481336,"version":2,"phase":"Begin","processId":5764,"name":"UnityEngine.SimViz.Content.ContentTests.MapElementsTests.TestFromOpenDriveToUnity(0.0f,0.0f,0.0f,RigidTransform((0f, 0f, 0f, 1f),  (0f, 0f, 0f)))","state":0}

##utp:{"type":"TestStatus","time":1578612481338,"version":2,"phase":"End","processId":5764,"name":"UnityEngine.SimViz.Content.ContentTests.MapElementsTests.TestFromOpenDriveToUnity(0.0f,0.0f,0.0f,RigidTransform((0f, 0f, 0f, 1f),  (0f, 0f, 0f)))","state":4,"message":"","duration":1,"durationMicroseconds":991}
]]></output>
                  </test-case>
                  <test-case id="1124" name="TestFromOpenDriveToUnity(6.283185f,0.0f,0.0f,RigidTransform((0f, 0f, 0f, 1f),  (0f, 0f, 0f)))" fullname="UnityEngine.SimViz.Content.ContentTests.MapElementsTests.TestFromOpenDriveToUnity(6.283185f,0.0f,0.0f,RigidTransform((0f, 0f, 0f, 1f),  (0f, 0f, 0f)))" methodname="TestFromOpenDriveToUnity" classname="UnityEngine.SimViz.Content.ContentTests.MapElementsTests" runstate="Runnable" seed="1782960954" result="Passed" start-time="2020-01-09 23:28:01Z" end-time="2020-01-09 23:28:01Z" duration="0.000462" asserts="0">
                    <properties />
                    <output><![CDATA[
##utp:{"type":"TestStatus","time":1578612481339,"version":2,"phase":"Begin","processId":5764,"name":"UnityEngine.SimViz.Content.ContentTests.MapElementsTests.TestFromOpenDriveToUnity(6.283185f,0.0f,0.0f,RigidTransform((0f, 0f, 0f, 1f),  (0f, 0f, 0f)))","state":0}

##utp:{"type":"TestStatus","time":1578612481340,"version":2,"phase":"End","processId":5764,"name":"UnityEngine.SimViz.Content.ContentTests.MapElementsTests.TestFromOpenDriveToUnity(6.283185f,0.0f,0.0f,RigidTransform((0f, 0f, 0f, 1f),  (0f, 0f, 0f)))","state":4,"message":"","duration":0,"durationMicroseconds":462}
]]></output>
                  </test-case>
                  <test-case id="1125" name="TestFromOpenDriveToUnity(-6.283185f,0.0f,0.0f,RigidTransform((0f, 0f, 0f, 1f),  (0f, 0f, 0f)))" fullname="UnityEngine.SimViz.Content.ContentTests.MapElementsTests.TestFromOpenDriveToUnity(-6.283185f,0.0f,0.0f,RigidTransform((0f, 0f, 0f, 1f),  (0f, 0f, 0f)))" methodname="TestFromOpenDriveToUnity" classname="UnityEngine.SimViz.Content.ContentTests.MapElementsTests" runstate="Runnable" seed="620568832" result="Passed" start-time="2020-01-09 23:28:01Z" end-time="2020-01-09 23:28:01Z" duration="0.000448" asserts="0">
                    <properties />
                    <output><![CDATA[
##utp:{"type":"TestStatus","time":1578612481341,"version":2,"phase":"Begin","processId":5764,"name":"UnityEngine.SimViz.Content.ContentTests.MapElementsTests.TestFromOpenDriveToUnity(-6.283185f,0.0f,0.0f,RigidTransform((0f, 0f, 0f, 1f),  (0f, 0f, 0f)))","state":0}

##utp:{"type":"TestStatus","time":1578612481342,"version":2,"phase":"End","processId":5764,"name":"UnityEngine.SimViz.Content.ContentTests.MapElementsTests.TestFromOpenDriveToUnity(-6.283185f,0.0f,0.0f,RigidTransform((0f, 0f, 0f, 1f),  (0f, 0f, 0f)))","state":4,"message":"","duration":0,"durationMicroseconds":448}
]]></output>
                  </test-case>
                  <test-case id="1126" name="TestFromOpenDriveToUnity(0.7853982f,0.0f,0.0f,RigidTransform((0f, -0.3826835f, 0f, 0.9238795f),  (0f, 0f, 0f)))" fullname="UnityEngine.SimViz.Content.ContentTests.MapElementsTests.TestFromOpenDriveToUnity(0.7853982f,0.0f,0.0f,RigidTransform((0f, -0.3826835f, 0f, 0.9238795f),  (0f, 0f, 0f)))" methodname="TestFromOpenDriveToUnity" classname="UnityEngine.SimViz.Content.ContentTests.MapElementsTests" runstate="Runnable" seed="1958394468" result="Passed" start-time="2020-01-09 23:28:01Z" end-time="2020-01-09 23:28:01Z" duration="0.000554" asserts="0">
                    <properties />
                    <output><![CDATA[
##utp:{"type":"TestStatus","time":1578612481342,"version":2,"phase":"Begin","processId":5764,"name":"UnityEngine.SimViz.Content.ContentTests.MapElementsTests.TestFromOpenDriveToUnity(0.7853982f,0.0f,0.0f,RigidTransform((0f, -0.3826835f, 0f, 0.9238795f),  (0f, 0f, 0f)))","state":0}

##utp:{"type":"TestStatus","time":1578612481344,"version":2,"phase":"End","processId":5764,"name":"UnityEngine.SimViz.Content.ContentTests.MapElementsTests.TestFromOpenDriveToUnity(0.7853982f,0.0f,0.0f,RigidTransform((0f, -0.3826835f, 0f, 0.9238795f),  (0f, 0f, 0f)))","state":4,"message":"","duration":1,"durationMicroseconds":554}
]]></output>
                  </test-case>
                  <test-case id="1127" name="TestFromOpenDriveToUnity(0.0f,1.0f,-2.0f,RigidTransform((0f, 0f, 0f, 1f),  (2f, 0f, 1f)))" fullname="UnityEngine.SimViz.Content.ContentTests.MapElementsTests.TestFromOpenDriveToUnity(0.0f,1.0f,-2.0f,RigidTransform((0f, 0f, 0f, 1f),  (2f, 0f, 1f)))" methodname="TestFromOpenDriveToUnity" classname="UnityEngine.SimViz.Content.ContentTests.MapElementsTests" runstate="Runnable" seed="415730178" result="Passed" start-time="2020-01-09 23:28:01Z" end-time="2020-01-09 23:28:01Z" duration="0.000447" asserts="0">
                    <properties />
                    <output><![CDATA[
##utp:{"type":"TestStatus","time":1578612481344,"version":2,"phase":"Begin","processId":5764,"name":"UnityEngine.SimViz.Content.ContentTests.MapElementsTests.TestFromOpenDriveToUnity(0.0f,1.0f,-2.0f,RigidTransform((0f, 0f, 0f, 1f),  (2f, 0f, 1f)))","state":0}

##utp:{"type":"TestStatus","time":1578612481346,"version":2,"phase":"End","processId":5764,"name":"UnityEngine.SimViz.Content.ContentTests.MapElementsTests.TestFromOpenDriveToUnity(0.0f,1.0f,-2.0f,RigidTransform((0f, 0f, 0f, 1f),  (2f, 0f, 1f)))","state":4,"message":"","duration":0,"durationMicroseconds":446}
]]></output>
                  </test-case>
                  <test-case id="1128" name="TestFromOpenDriveToUnity(1.570796f,1.0f,-1.0f,RigidTransform((0f, -0.7071068f, 0f, 0.7071068f),  (1f, 0f, 1f)))" fullname="UnityEngine.SimViz.Content.ContentTests.MapElementsTests.TestFromOpenDriveToUnity(1.570796f,1.0f,-1.0f,RigidTransform((0f, -0.7071068f, 0f, 0.7071068f),  (1f, 0f, 1f)))" methodname="TestFromOpenDriveToUnity" classname="UnityEngine.SimViz.Content.ContentTests.MapElementsTests" runstate="Runnable" seed="1188462780" result="Passed" start-time="2020-01-09 23:28:01Z" end-time="2020-01-09 23:28:01Z" duration="0.000449" asserts="0">
                    <properties />
                    <output><![CDATA[
##utp:{"type":"TestStatus","time":1578612481346,"version":2,"phase":"Begin","processId":5764,"name":"UnityEngine.SimViz.Content.ContentTests.MapElementsTests.TestFromOpenDriveToUnity(1.570796f,1.0f,-1.0f,RigidTransform((0f, -0.7071068f, 0f, 0.7071068f),  (1f, 0f, 1f)))","state":0}

##utp:{"type":"TestStatus","time":1578612481348,"version":2,"phase":"End","processId":5764,"name":"UnityEngine.SimViz.Content.ContentTests.MapElementsTests.TestFromOpenDriveToUnity(1.570796f,1.0f,-1.0f,RigidTransform((0f, -0.7071068f, 0f, 0.7071068f),  (1f, 0f, 1f)))","state":4,"message":"","duration":0,"durationMicroseconds":448}
]]></output>
                  </test-case>
                </test-suite>
              </test-suite>
              <test-suite type="TestFixture" id="1137" name="PoissonDiscSamplingTests" fullname="UnityEngine.SimViz.Content.ContentTests.PoissonDiscSamplingTests" classname="UnityEngine.SimViz.Content.ContentTests.PoissonDiscSamplingTests" runstate="Runnable" testcasecount="12" result="Passed" start-time="2020-01-09 23:28:01Z" end-time="2020-01-09 23:28:06Z" duration="4.754058" total="12" passed="12" failed="0" inconclusive="0" skipped="0" asserts="0">
                <properties />
                <test-suite type="ParameterizedMethod" id="1151" name="GeneratesMinimumSpacedPoints" fullname="UnityEngine.SimViz.Content.ContentTests.PoissonDiscSamplingTests.GeneratesMinimumSpacedPoints" classname="UnityEngine.SimViz.Content.ContentTests.PoissonDiscSamplingTests" runstate="Runnable" testcasecount="6" result="Passed" start-time="2020-01-09 23:28:01Z" end-time="2020-01-09 23:28:06Z" duration="4.703315" total="6" passed="6" failed="0" inconclusive="0" skipped="0" asserts="0">
                  <properties />
                  <test-case id="1145" name="GeneratesMinimumSpacedPoints(0.0f,0.0f,1.0f)" fullname="UnityEngine.SimViz.Content.ContentTests.PoissonDiscSamplingTests.GeneratesMinimumSpacedPoints(0.0f,0.0f,1.0f)" methodname="GeneratesMinimumSpacedPoints" classname="UnityEngine.SimViz.Content.ContentTests.PoissonDiscSamplingTests" runstate="Runnable" seed="120089932" result="Passed" start-time="2020-01-09 23:28:01Z" end-time="2020-01-09 23:28:01Z" duration="0.007511" asserts="0">
                    <properties />
                    <output><![CDATA[
##utp:{"type":"TestStatus","time":1578612481393,"version":2,"phase":"Begin","processId":5764,"name":"UnityEngine.SimViz.Content.ContentTests.PoissonDiscSamplingTests.GeneratesMinimumSpacedPoints(0.0f,0.0f,1.0f)","state":0}

##utp:{"type":"TestStatus","time":1578612481401,"version":2,"phase":"End","processId":5764,"name":"UnityEngine.SimViz.Content.ContentTests.PoissonDiscSamplingTests.GeneratesMinimumSpacedPoints(0.0f,0.0f,1.0f)","state":4,"message":"","duration":8,"durationMicroseconds":7511}
]]></output>
                  </test-case>
                  <test-case id="1146" name="GeneratesMinimumSpacedPoints(1.0f,1.0f,1.0f)" fullname="UnityEngine.SimViz.Content.ContentTests.PoissonDiscSamplingTests.GeneratesMinimumSpacedPoints(1.0f,1.0f,1.0f)" methodname="GeneratesMinimumSpacedPoints" classname="UnityEngine.SimViz.Content.ContentTests.PoissonDiscSamplingTests" runstate="Runnable" seed="1167564833" result="Passed" start-time="2020-01-09 23:28:01Z" end-time="2020-01-09 23:28:01Z" duration="0.001682" asserts="0">
                    <properties />
                    <output><![CDATA[
##utp:{"type":"TestStatus","time":1578612481402,"version":2,"phase":"Begin","processId":5764,"name":"UnityEngine.SimViz.Content.ContentTests.PoissonDiscSamplingTests.GeneratesMinimumSpacedPoints(1.0f,1.0f,1.0f)","state":0}

##utp:{"type":"TestStatus","time":1578612481404,"version":2,"phase":"End","processId":5764,"name":"UnityEngine.SimViz.Content.ContentTests.PoissonDiscSamplingTests.GeneratesMinimumSpacedPoints(1.0f,1.0f,1.0f)","state":4,"message":"","duration":2,"durationMicroseconds":1682}
]]></output>
                  </test-case>
                  <test-case id="1147" name="GeneratesMinimumSpacedPoints(10.0f,10.0f,100.0f)" fullname="UnityEngine.SimViz.Content.ContentTests.PoissonDiscSamplingTests.GeneratesMinimumSpacedPoints(10.0f,10.0f,100.0f)" methodname="GeneratesMinimumSpacedPoints" classname="UnityEngine.SimViz.Content.ContentTests.PoissonDiscSamplingTests" runstate="Runnable" seed="1700298494" result="Passed" start-time="2020-01-09 23:28:01Z" end-time="2020-01-09 23:28:01Z" duration="0.000535" asserts="0">
                    <properties />
                    <output><![CDATA[
##utp:{"type":"TestStatus","time":1578612481405,"version":2,"phase":"Begin","processId":5764,"name":"UnityEngine.SimViz.Content.ContentTests.PoissonDiscSamplingTests.GeneratesMinimumSpacedPoints(10.0f,10.0f,100.0f)","state":0}

##utp:{"type":"TestStatus","time":1578612481406,"version":2,"phase":"End","processId":5764,"name":"UnityEngine.SimViz.Content.ContentTests.PoissonDiscSamplingTests.GeneratesMinimumSpacedPoints(10.0f,10.0f,100.0f)","state":4,"message":"","duration":1,"durationMicroseconds":535}
]]></output>
                  </test-case>
                  <test-case id="1148" name="GeneratesMinimumSpacedPoints(10.0f,10.0f,1.0f)" fullname="UnityEngine.SimViz.Content.ContentTests.PoissonDiscSamplingTests.GeneratesMinimumSpacedPoints(10.0f,10.0f,1.0f)" methodname="GeneratesMinimumSpacedPoints" classname="UnityEngine.SimViz.Content.ContentTests.PoissonDiscSamplingTests" runstate="Runnable" seed="1258245506" result="Passed" start-time="2020-01-09 23:28:01Z" end-time="2020-01-09 23:28:01Z" duration="0.005770" asserts="0">
                    <properties />
                    <output><![CDATA[
##utp:{"type":"TestStatus","time":1578612481406,"version":2,"phase":"Begin","processId":5764,"name":"UnityEngine.SimViz.Content.ContentTests.PoissonDiscSamplingTests.GeneratesMinimumSpacedPoints(10.0f,10.0f,1.0f)","state":0}

##utp:{"type":"TestStatus","time":1578612481413,"version":2,"phase":"End","processId":5764,"name":"UnityEngine.SimViz.Content.ContentTests.PoissonDiscSamplingTests.GeneratesMinimumSpacedPoints(10.0f,10.0f,1.0f)","state":4,"message":"","duration":6,"durationMicroseconds":5770}
]]></output>
                  </test-case>
                  <test-case id="1149" name="GeneratesMinimumSpacedPoints(10.0f,100.0f,0.3f)" fullname="UnityEngine.SimViz.Content.ContentTests.PoissonDiscSamplingTests.GeneratesMinimumSpacedPoints(10.0f,100.0f,0.3f)" methodname="GeneratesMinimumSpacedPoints" classname="UnityEngine.SimViz.Content.ContentTests.PoissonDiscSamplingTests" runstate="Runnable" seed="156236191" result="Passed" start-time="2020-01-09 23:28:01Z" end-time="2020-01-09 23:28:06Z" duration="4.673671" asserts="0">
                    <properties />
                    <output><![CDATA[
##utp:{"type":"TestStatus","time":1578612481413,"version":2,"phase":"Begin","processId":5764,"name":"UnityEngine.SimViz.Content.ContentTests.PoissonDiscSamplingTests.GeneratesMinimumSpacedPoints(10.0f,100.0f,0.3f)","state":0}

##utp:{"type":"TestStatus","time":1578612486088,"version":2,"phase":"End","processId":5764,"name":"UnityEngine.SimViz.Content.ContentTests.PoissonDiscSamplingTests.GeneratesMinimumSpacedPoints(10.0f,100.0f,0.3f)","state":4,"message":"","duration":4674,"durationMicroseconds":4673671}
]]></output>
                  </test-case>
                  <test-case id="1150" name="GeneratesMinimumSpacedPoints(100.0f,10.0f,4.0f)" fullname="UnityEngine.SimViz.Content.ContentTests.PoissonDiscSamplingTests.GeneratesMinimumSpacedPoints(100.0f,10.0f,4.0f)" methodname="GeneratesMinimumSpacedPoints" classname="UnityEngine.SimViz.Content.ContentTests.PoissonDiscSamplingTests" runstate="Runnable" seed="835236866" result="Passed" start-time="2020-01-09 23:28:06Z" end-time="2020-01-09 23:28:06Z" duration="0.001091" asserts="0">
                    <properties />
                    <output><![CDATA[
##utp:{"type":"TestStatus","time":1578612486088,"version":2,"phase":"Begin","processId":5764,"name":"UnityEngine.SimViz.Content.ContentTests.PoissonDiscSamplingTests.GeneratesMinimumSpacedPoints(100.0f,10.0f,4.0f)","state":0}

##utp:{"type":"TestStatus","time":1578612486090,"version":2,"phase":"End","processId":5764,"name":"UnityEngine.SimViz.Content.ContentTests.PoissonDiscSamplingTests.GeneratesMinimumSpacedPoints(100.0f,10.0f,4.0f)","state":4,"message":"","duration":1,"durationMicroseconds":1091}
]]></output>
                  </test-case>
                </test-suite>
                <test-suite type="ParameterizedMethod" id="1144" name="InvalidArguments" fullname="UnityEngine.SimViz.Content.ContentTests.PoissonDiscSamplingTests.InvalidArguments" classname="UnityEngine.SimViz.Content.ContentTests.PoissonDiscSamplingTests" runstate="Runnable" testcasecount="6" result="Passed" start-time="2020-01-09 23:28:06Z" end-time="2020-01-09 23:28:06Z" duration="0.024210" total="6" passed="6" failed="0" inconclusive="0" skipped="0" asserts="0">
                  <properties />
                  <test-case id="1138" name="InvalidArguments(-1.0f,10.0f,1.0f,12345,30)" fullname="UnityEngine.SimViz.Content.ContentTests.PoissonDiscSamplingTests.InvalidArguments(-1.0f,10.0f,1.0f,12345,30)" methodname="InvalidArguments" classname="UnityEngine.SimViz.Content.ContentTests.PoissonDiscSamplingTests" runstate="Runnable" seed="1555077178" result="Passed" start-time="2020-01-09 23:28:06Z" end-time="2020-01-09 23:28:06Z" duration="0.002152" asserts="0">
                    <properties />
                    <output><![CDATA[
##utp:{"type":"TestStatus","time":1578612486111,"version":2,"phase":"Begin","processId":5764,"name":"UnityEngine.SimViz.Content.ContentTests.PoissonDiscSamplingTests.InvalidArguments(-1.0f,10.0f,1.0f,12345,30)","state":0}

##utp:{"type":"TestStatus","time":1578612486114,"version":2,"phase":"End","processId":5764,"name":"UnityEngine.SimViz.Content.ContentTests.PoissonDiscSamplingTests.InvalidArguments(-1.0f,10.0f,1.0f,12345,30)","state":4,"message":"","duration":2,"durationMicroseconds":2152}
]]></output>
                  </test-case>
                  <test-case id="1139" name="InvalidArguments(10.0f,-1.0f,1.0f,12345,30)" fullname="UnityEngine.SimViz.Content.ContentTests.PoissonDiscSamplingTests.InvalidArguments(10.0f,-1.0f,1.0f,12345,30)" methodname="InvalidArguments" classname="UnityEngine.SimViz.Content.ContentTests.PoissonDiscSamplingTests" runstate="Runnable" seed="1705566213" result="Passed" start-time="2020-01-09 23:28:06Z" end-time="2020-01-09 23:28:06Z" duration="0.000458" asserts="0">
                    <properties />
                    <output><![CDATA[
##utp:{"type":"TestStatus","time":1578612486114,"version":2,"phase":"Begin","processId":5764,"name":"UnityEngine.SimViz.Content.ContentTests.PoissonDiscSamplingTests.InvalidArguments(10.0f,-1.0f,1.0f,12345,30)","state":0}

##utp:{"type":"TestStatus","time":1578612486116,"version":2,"phase":"End","processId":5764,"name":"UnityEngine.SimViz.Content.ContentTests.PoissonDiscSamplingTests.InvalidArguments(10.0f,-1.0f,1.0f,12345,30)","state":4,"message":"","duration":0,"durationMicroseconds":458}
]]></output>
                  </test-case>
                  <test-case id="1140" name="InvalidArguments(10.0f,10.0f,-1.0f,12345,30)" fullname="UnityEngine.SimViz.Content.ContentTests.PoissonDiscSamplingTests.InvalidArguments(10.0f,10.0f,-1.0f,12345,30)" methodname="InvalidArguments" classname="UnityEngine.SimViz.Content.ContentTests.PoissonDiscSamplingTests" runstate="Runnable" seed="1095086675" result="Passed" start-time="2020-01-09 23:28:06Z" end-time="2020-01-09 23:28:06Z" duration="0.000434" asserts="0">
                    <properties />
                    <output><![CDATA[
##utp:{"type":"TestStatus","time":1578612486116,"version":2,"phase":"Begin","processId":5764,"name":"UnityEngine.SimViz.Content.ContentTests.PoissonDiscSamplingTests.InvalidArguments(10.0f,10.0f,-1.0f,12345,30)","state":0}

##utp:{"type":"TestStatus","time":1578612486117,"version":2,"phase":"End","processId":5764,"name":"UnityEngine.SimViz.Content.ContentTests.PoissonDiscSamplingTests.InvalidArguments(10.0f,10.0f,-1.0f,12345,30)","state":4,"message":"","duration":0,"durationMicroseconds":434}
]]></output>
                  </test-case>
                  <test-case id="1141" name="InvalidArguments(10.0f,10.0f,1.0f,12345,-1)" fullname="UnityEngine.SimViz.Content.ContentTests.PoissonDiscSamplingTests.InvalidArguments(10.0f,10.0f,1.0f,12345,-1)" methodname="InvalidArguments" classname="UnityEngine.SimViz.Content.ContentTests.PoissonDiscSamplingTests" runstate="Runnable" seed="1476915871" result="Passed" start-time="2020-01-09 23:28:06Z" end-time="2020-01-09 23:28:06Z" duration="0.000434" asserts="0">
                    <properties />
                    <output><![CDATA[
##utp:{"type":"TestStatus","time":1578612486118,"version":2,"phase":"Begin","processId":5764,"name":"UnityEngine.SimViz.Content.ContentTests.PoissonDiscSamplingTests.InvalidArguments(10.0f,10.0f,1.0f,12345,-1)","state":0}

##utp:{"type":"TestStatus","time":1578612486119,"version":2,"phase":"End","processId":5764,"name":"UnityEngine.SimViz.Content.ContentTests.PoissonDiscSamplingTests.InvalidArguments(10.0f,10.0f,1.0f,12345,-1)","state":4,"message":"","duration":0,"durationMicroseconds":434}
]]></output>
                  </test-case>
                  <test-case id="1142" name="InvalidArguments(10.0f,10.0f,1.0f,12345,0)" fullname="UnityEngine.SimViz.Content.ContentTests.PoissonDiscSamplingTests.InvalidArguments(10.0f,10.0f,1.0f,12345,0)" methodname="InvalidArguments" classname="UnityEngine.SimViz.Content.ContentTests.PoissonDiscSamplingTests" runstate="Runnable" seed="924945368" result="Passed" start-time="2020-01-09 23:28:06Z" end-time="2020-01-09 23:28:06Z" duration="0.000432" asserts="0">
                    <properties />
                    <output><![CDATA[
##utp:{"type":"TestStatus","time":1578612486119,"version":2,"phase":"Begin","processId":5764,"name":"UnityEngine.SimViz.Content.ContentTests.PoissonDiscSamplingTests.InvalidArguments(10.0f,10.0f,1.0f,12345,0)","state":0}

##utp:{"type":"TestStatus","time":1578612486120,"version":2,"phase":"End","processId":5764,"name":"UnityEngine.SimViz.Content.ContentTests.PoissonDiscSamplingTests.InvalidArguments(10.0f,10.0f,1.0f,12345,0)","state":4,"message":"","duration":0,"durationMicroseconds":432}
]]></output>
                  </test-case>
                  <test-case id="1143" name="InvalidArguments(10.0f,10.0f,1.0f,uint.MinValue,30)" fullname="UnityEngine.SimViz.Content.ContentTests.PoissonDiscSamplingTests.InvalidArguments(10.0f,10.0f,1.0f,uint.MinValue,30)" methodname="InvalidArguments" classname="UnityEngine.SimViz.Content.ContentTests.PoissonDiscSamplingTests" runstate="Runnable" seed="1805806942" result="Passed" start-time="2020-01-09 23:28:06Z" end-time="2020-01-09 23:28:06Z" duration="0.000427" asserts="0">
                    <properties />
                    <output><![CDATA[
##utp:{"type":"TestStatus","time":1578612486121,"version":2,"phase":"Begin","processId":5764,"name":"UnityEngine.SimViz.Content.ContentTests.PoissonDiscSamplingTests.InvalidArguments(10.0f,10.0f,1.0f,uint.MinValue,30)","state":0}

##utp:{"type":"TestStatus","time":1578612486122,"version":2,"phase":"End","processId":5764,"name":"UnityEngine.SimViz.Content.ContentTests.PoissonDiscSamplingTests.InvalidArguments(10.0f,10.0f,1.0f,uint.MinValue,30)","state":4,"message":"","duration":0,"durationMicroseconds":427}
]]></output>
                  </test-case>
                </test-suite>
              </test-suite>
              <test-suite type="TestFixture" id="1152" name="RoadNetworkToMeshTests" fullname="UnityEngine.SimViz.Content.ContentTests.RoadNetworkToMeshTests" classname="UnityEngine.SimViz.Content.ContentTests.RoadNetworkToMeshTests" runstate="Runnable" testcasecount="2" result="Passed" start-time="2020-01-09 23:28:06Z" end-time="2020-01-09 23:28:06Z" duration="0.040746" total="2" passed="2" failed="0" inconclusive="0" skipped="0" asserts="0">
                <properties />
                <test-case id="1153" name="GenerateMesh_OnLine_ReturnsCorrectVertices" fullname="UnityEngine.SimViz.Content.ContentTests.RoadNetworkToMeshTests.GenerateMesh_OnLine_ReturnsCorrectVertices" methodname="GenerateMesh_OnLine_ReturnsCorrectVertices" classname="UnityEngine.SimViz.Content.ContentTests.RoadNetworkToMeshTests" runstate="Runnable" seed="1079718623" result="Passed" start-time="2020-01-09 23:28:06Z" end-time="2020-01-09 23:28:06Z" duration="0.025418" asserts="0">
                  <properties />
                  <output><![CDATA[
##utp:{"type":"TestStatus","time":1578612486158,"version":2,"phase":"Begin","processId":5764,"name":"UnityEngine.SimViz.Content.ContentTests.RoadNetworkToMeshTests.GenerateMesh_OnLine_ReturnsCorrectVertices","state":0}

##utp:{"type":"TestStatus","time":1578612486184,"version":2,"phase":"End","processId":5764,"name":"UnityEngine.SimViz.Content.ContentTests.RoadNetworkToMeshTests.GenerateMesh_OnLine_ReturnsCorrectVertices","state":4,"message":"","duration":25,"durationMicroseconds":25418}
]]></output>
                </test-case>
                <test-case id="1154" name="RoadNetworkMesher_TransformsAreInverses" fullname="UnityEngine.SimViz.Content.ContentTests.RoadNetworkToMeshTests.RoadNetworkMesher_TransformsAreInverses" methodname="RoadNetworkMesher_TransformsAreInverses" classname="UnityEngine.SimViz.Content.ContentTests.RoadNetworkToMeshTests" runstate="Runnable" seed="574627012" result="Passed" start-time="2020-01-09 23:28:06Z" end-time="2020-01-09 23:28:06Z" duration="0.001462" asserts="0">
                  <properties />
                  <output><![CDATA[
##utp:{"type":"TestStatus","time":1578612486185,"version":2,"phase":"Begin","processId":5764,"name":"UnityEngine.SimViz.Content.ContentTests.RoadNetworkToMeshTests.RoadNetworkMesher_TransformsAreInverses","state":0}

##utp:{"type":"TestStatus","time":1578612486188,"version":2,"phase":"End","processId":5764,"name":"UnityEngine.SimViz.Content.ContentTests.RoadNetworkToMeshTests.RoadNetworkMesher_TransformsAreInverses","state":4,"message":"","duration":1,"durationMicroseconds":1462}
]]></output>
                </test-case>
              </test-suite>
              <test-suite type="TestFixture" id="1155" name="RoadNetworkTraversalTests" fullname="UnityEngine.SimViz.Content.ContentTests.RoadNetworkTraversalTests" classname="UnityEngine.SimViz.Content.ContentTests.RoadNetworkTraversalTests" runstate="Runnable" testcasecount="2" result="Passed" start-time="2020-01-09 23:28:06Z" end-time="2020-01-09 23:28:06Z" duration="0.058475" total="2" passed="2" failed="0" inconclusive="0" skipped="0" asserts="0">
                <properties />
                <test-case id="1156" name="RoadNetworkTraversal_LaneSectionTraversalSmokeTest" fullname="UnityEngine.SimViz.Content.ContentTests.RoadNetworkTraversalTests.RoadNetworkTraversal_LaneSectionTraversalSmokeTest" methodname="RoadNetworkTraversal_LaneSectionTraversalSmokeTest" classname="UnityEngine.SimViz.Content.ContentTests.RoadNetworkTraversalTests" runstate="Runnable" seed="1885930312" result="Passed" start-time="2020-01-09 23:28:06Z" end-time="2020-01-09 23:28:06Z" duration="0.025562" asserts="0">
                  <properties />
                  <output><![CDATA[
##utp:{"type":"TestStatus","time":1578612486199,"version":2,"phase":"Begin","processId":5764,"name":"UnityEngine.SimViz.Content.ContentTests.RoadNetworkTraversalTests.RoadNetworkTraversal_LaneSectionTraversalSmokeTest","state":0}

##utp:{"type":"TestStatus","time":1578612486226,"version":2,"phase":"End","processId":5764,"name":"UnityEngine.SimViz.Content.ContentTests.RoadNetworkTraversalTests.RoadNetworkTraversal_LaneSectionTraversalSmokeTest","state":4,"message":"","duration":26,"durationMicroseconds":25562}
]]></output>
                </test-case>
                <test-case id="1157" name="RoadNetworkTraversal_RoadGroupingSmokeTest" fullname="UnityEngine.SimViz.Content.ContentTests.RoadNetworkTraversalTests.RoadNetworkTraversal_RoadGroupingSmokeTest" methodname="RoadNetworkTraversal_RoadGroupingSmokeTest" classname="UnityEngine.SimViz.Content.ContentTests.RoadNetworkTraversalTests" runstate="Runnable" seed="2057709811" result="Passed" start-time="2020-01-09 23:28:06Z" end-time="2020-01-09 23:28:06Z" duration="0.022583" asserts="0">
                  <properties />
                  <output><![CDATA[
##utp:{"type":"TestStatus","time":1578612486226,"version":2,"phase":"Begin","processId":5764,"name":"UnityEngine.SimViz.Content.ContentTests.RoadNetworkTraversalTests.RoadNetworkTraversal_RoadGroupingSmokeTest","state":0}
No parsing implemented yet for controller

##utp:{"type":"TestStatus","time":1578612486250,"version":2,"phase":"End","processId":5764,"name":"UnityEngine.SimViz.Content.ContentTests.RoadNetworkTraversalTests.RoadNetworkTraversal_RoadGroupingSmokeTest","state":4,"message":"","duration":23,"durationMicroseconds":22583}
]]></output>
                </test-case>
              </test-suite>
            </test-suite>
          </test-suite>
        </test-suite>
      </test-suite>
    </test-suite>
    <test-suite type="Assembly" id="1215" name="Unity.SimViz.GroundTruth.Runtime.Tests.dll" fullname="C:/srchome/simviz/TestProjects/SimVizTest/Library/ScriptAssemblies/Unity.SimViz.GroundTruth.Runtime.Tests.dll" runstate="Runnable" testcasecount="42" result="Passed" start-time="2020-01-09 23:28:07Z" end-time="2020-01-09 23:28:24Z" duration="17.125598" total="42" passed="42" failed="0" inconclusive="0" skipped="0" asserts="0">
      <properties>
        <property name="_PID" value="5764" />
        <property name="_APPDOMAIN" value="Unity Child Domain" />
        <property name="platform" value="PlayMode" />
      </properties>
      <test-suite type="TestSuite" id="1216" name="GroundTruthTests" fullname="GroundTruthTests" runstate="Runnable" testcasecount="42" result="Passed" start-time="2020-01-09 23:28:07Z" end-time="2020-01-09 23:28:24Z" duration="17.063541" total="42" passed="42" failed="0" inconclusive="0" skipped="0" asserts="0">
        <properties />
        <test-suite type="TestFixture" id="1163" name="DatasetJsonUtilityTests" fullname="GroundTruthTests.DatasetJsonUtilityTests" classname="GroundTruthTests.DatasetJsonUtilityTests" runstate="Runnable" testcasecount="7" result="Passed" start-time="2020-01-09 23:28:07Z" end-time="2020-01-09 23:28:07Z" duration="0.103210" total="7" passed="7" failed="0" inconclusive="0" skipped="0" asserts="0">
          <properties />
          <test-suite type="ParameterizedMethod" id="1173" name="Float3x3ToJson_ReturnsArrayFormat" fullname="GroundTruthTests.DatasetJsonUtilityTests.Float3x3ToJson_ReturnsArrayFormat" classname="GroundTruthTests.DatasetJsonUtilityTests" runstate="Runnable" testcasecount="1" result="Passed" start-time="2020-01-09 23:28:07Z" end-time="2020-01-09 23:28:07Z" duration="0.055511" total="1" passed="1" failed="0" inconclusive="0" skipped="0" asserts="0">
            <properties />
            <test-case id="1172" name="Float3x3ToJson_ReturnsArrayFormat(0.1f,0.2f,0.3f,4.0f,5.0f,6.0f,70.0f,80.0f,90.0f,&quot;[\r\n  [\r\n    0.1,\r\n    4.0,\r\n    70.0\r\n  ],\r\n  [\r\n    0.2,\r\n    5.0,\r\n    80.0\r\n  ],\r\n  [\r\n    0.3,\r\n    6.0,\r\n    90.0\r\n  ]\r\n]&quot;)" fullname="GroundTruthTests.DatasetJsonUtilityTests.Float3x3ToJson_ReturnsArrayFormat(0.1f,0.2f,0.3f,4.0f,5.0f,6.0f,70.0f,80.0f,90.0f,&quot;[\r\n  [\r\n    0.1,\r\n    4.0,\r\n    70.0\r\n  ],\r\n  [\r\n    0.2,\r\n    5.0,\r\n    80.0\r\n  ],\r\n  [\r\n    0.3,\r\n    6.0,\r\n    90.0\r\n  ]\r\n]&quot;)" methodname="Float3x3ToJson_ReturnsArrayFormat" classname="GroundTruthTests.DatasetJsonUtilityTests" runstate="Runnable" seed="2135534773" result="Passed" start-time="2020-01-09 23:28:07Z" end-time="2020-01-09 23:28:07Z" duration="0.048132" asserts="0">
              <properties />
              <output><![CDATA[
##utp:{"type":"TestStatus","time":1578612487283,"version":2,"phase":"Begin","processId":5764,"name":"GroundTruthTests.DatasetJsonUtilityTests.Float3x3ToJson_ReturnsArrayFormat(0.1f,0.2f,0.3f,4.0f,5.0f,6.0f,70.0f,80.0f,90.0f,\"[\\r\\n  [\\r\\n    0.1,\\r\\n    4.0,\\r\\n    70.0\\r\\n  ],\\r\\n  [\\r\\n    0.2,\\r\\n    5.0,\\r\\n    80.0\\r\\n  ],\\r\\n  [\\r\\n    0.3,\\r\\n    6.0,\\r\\n    90.0\\r\\n  ]\\r\\n]\")","state":0}

##utp:{"type":"TestStatus","time":1578612487334,"version":2,"phase":"End","processId":5764,"name":"GroundTruthTests.DatasetJsonUtilityTests.Float3x3ToJson_ReturnsArrayFormat(0.1f,0.2f,0.3f,4.0f,5.0f,6.0f,70.0f,80.0f,90.0f,\"[\\r\\n  [\\r\\n    0.1,\\r\\n    4.0,\\r\\n    70.0\\r\\n  ],\\r\\n  [\\r\\n    0.2,\\r\\n    5.0,\\r\\n    80.0\\r\\n  ],\\r\\n  [\\r\\n    0.3,\\r\\n    6.0,\\r\\n    90.0\\r\\n  ]\\r\\n]\")","state":4,"message":"","duration":48,"durationMicroseconds":48132}
]]></output>
            </test-case>
          </test-suite>
          <test-suite type="ParameterizedMethod" id="1171" name="QuaternionToJson_ReturnsArrayFormat" fullname="GroundTruthTests.DatasetJsonUtilityTests.QuaternionToJson_ReturnsArrayFormat" classname="GroundTruthTests.DatasetJsonUtilityTests" runstate="Runnable" testcasecount="3" result="Passed" start-time="2020-01-09 23:28:07Z" end-time="2020-01-09 23:28:07Z" duration="0.015477" total="3" passed="3" failed="0" inconclusive="0" skipped="0" asserts="0">
            <properties />
            <test-case id="1168" name="QuaternionToJson_ReturnsArrayFormat(-2.0f,0.0f,3.0f,4.0f,&quot;[\r\n  -2.0,\r\n  0.0,\r\n  3.0,\r\n  4.0\r\n]&quot;)" fullname="GroundTruthTests.DatasetJsonUtilityTests.QuaternionToJson_ReturnsArrayFormat(-2.0f,0.0f,3.0f,4.0f,&quot;[\r\n  -2.0,\r\n  0.0,\r\n  3.0,\r\n  4.0\r\n]&quot;)" methodname="QuaternionToJson_ReturnsArrayFormat" classname="GroundTruthTests.DatasetJsonUtilityTests" runstate="Runnable" seed="1072873354" result="Passed" start-time="2020-01-09 23:28:07Z" end-time="2020-01-09 23:28:07Z" duration="0.004502" asserts="0">
              <properties />
              <output><![CDATA[
##utp:{"type":"TestStatus","time":1578612487343,"version":2,"phase":"Begin","processId":5764,"name":"GroundTruthTests.DatasetJsonUtilityTests.QuaternionToJson_ReturnsArrayFormat(-2.0f,0.0f,3.0f,4.0f,\"[\\r\\n  -2.0,\\r\\n  0.0,\\r\\n  3.0,\\r\\n  4.0\\r\\n]\")","state":0}

##utp:{"type":"TestStatus","time":1578612487349,"version":2,"phase":"End","processId":5764,"name":"GroundTruthTests.DatasetJsonUtilityTests.QuaternionToJson_ReturnsArrayFormat(-2.0f,0.0f,3.0f,4.0f,\"[\\r\\n  -2.0,\\r\\n  0.0,\\r\\n  3.0,\\r\\n  4.0\\r\\n]\")","state":4,"message":"","duration":5,"durationMicroseconds":4502}
]]></output>
            </test-case>
            <test-case id="1169" name="QuaternionToJson_ReturnsArrayFormat(0.01f,0.02f,0.03f,0.04f,&quot;[\r\n  0.01,\r\n  0.02,\r\n  0.03,\r\n  0.04\r\n]&quot;)" fullname="GroundTruthTests.DatasetJsonUtilityTests.QuaternionToJson_ReturnsArrayFormat(0.01f,0.02f,0.03f,0.04f,&quot;[\r\n  0.01,\r\n  0.02,\r\n  0.03,\r\n  0.04\r\n]&quot;)" methodname="QuaternionToJson_ReturnsArrayFormat" classname="GroundTruthTests.DatasetJsonUtilityTests" runstate="Runnable" seed="141406923" result="Passed" start-time="2020-01-09 23:28:07Z" end-time="2020-01-09 23:28:07Z" duration="0.000580" asserts="0">
              <properties />
              <output><![CDATA[
##utp:{"type":"TestStatus","time":1578612487349,"version":2,"phase":"Begin","processId":5764,"name":"GroundTruthTests.DatasetJsonUtilityTests.QuaternionToJson_ReturnsArrayFormat(0.01f,0.02f,0.03f,0.04f,\"[\\r\\n  0.01,\\r\\n  0.02,\\r\\n  0.03,\\r\\n  0.04\\r\\n]\")","state":0}

##utp:{"type":"TestStatus","time":1578612487351,"version":2,"phase":"End","processId":5764,"name":"GroundTruthTests.DatasetJsonUtilityTests.QuaternionToJson_ReturnsArrayFormat(0.01f,0.02f,0.03f,0.04f,\"[\\r\\n  0.01,\\r\\n  0.02,\\r\\n  0.03,\\r\\n  0.04\\r\\n]\")","state":4,"message":"","duration":1,"durationMicroseconds":580}
]]></output>
            </test-case>
            <test-case id="1170" name="QuaternionToJson_ReturnsArrayFormat(float.NegativeInfinity,float.NaN,float.PositiveInfinity,float.NaN,&quot;[\r\n  \&quot;-Infinity\&quot;,\r\n  \&quot;NaN\&quot;,\r\n  \&quot;Infinity\&quot;,\r\n  \&quot;NaN\&quot;\r\n]&quot;)" fullname="GroundTruthTests.DatasetJsonUtilityTests.QuaternionToJson_ReturnsArrayFormat(float.NegativeInfinity,float.NaN,float.PositiveInfinity,float.NaN,&quot;[\r\n  \&quot;-Infinity\&quot;,\r\n  \&quot;NaN\&quot;,\r\n  \&quot;Infinity\&quot;,\r\n  \&quot;NaN\&quot;\r\n]&quot;)" methodname="QuaternionToJson_ReturnsArrayFormat" classname="GroundTruthTests.DatasetJsonUtilityTests" runstate="Runnable" seed="849051952" result="Passed" start-time="2020-01-09 23:28:07Z" end-time="2020-01-09 23:28:07Z" duration="0.000457" asserts="0">
              <properties />
              <output><![CDATA[
##utp:{"type":"TestStatus","time":1578612487351,"version":2,"phase":"Begin","processId":5764,"name":"GroundTruthTests.DatasetJsonUtilityTests.QuaternionToJson_ReturnsArrayFormat(float.NegativeInfinity,float.NaN,float.PositiveInfinity,float.NaN,\"[\\r\\n  \\\"-Infinity\\\",\\r\\n  \\\"NaN\\\",\\r\\n  \\\"Infinity\\\",\\r\\n  \\\"NaN\\\"\\r\\n]\")","state":0}

##utp:{"type":"TestStatus","time":1578612487353,"version":2,"phase":"End","processId":5764,"name":"GroundTruthTests.DatasetJsonUtilityTests.QuaternionToJson_ReturnsArrayFormat(float.NegativeInfinity,float.NaN,float.PositiveInfinity,float.NaN,\"[\\r\\n  \\\"-Infinity\\\",\\r\\n  \\\"NaN\\\",\\r\\n  \\\"Infinity\\\",\\r\\n  \\\"NaN\\\"\\r\\n]\")","state":4,"message":"","duration":0,"durationMicroseconds":457}
]]></output>
            </test-case>
          </test-suite>
          <test-suite type="ParameterizedMethod" id="1167" name="Vector3ToJson_ReturnsArrayFormat" fullname="GroundTruthTests.DatasetJsonUtilityTests.Vector3ToJson_ReturnsArrayFormat" classname="GroundTruthTests.DatasetJsonUtilityTests" runstate="Runnable" testcasecount="3" result="Passed" start-time="2020-01-09 23:28:07Z" end-time="2020-01-09 23:28:07Z" duration="0.014043" total="3" passed="3" failed="0" inconclusive="0" skipped="0" asserts="0">
            <properties />
            <test-case id="1164" name="Vector3ToJson_ReturnsArrayFormat(-2.0f,0.0f,3.0f,&quot;[\r\n  -2.0,\r\n  0.0,\r\n  3.0\r\n]&quot;)" fullname="GroundTruthTests.DatasetJsonUtilityTests.Vector3ToJson_ReturnsArrayFormat(-2.0f,0.0f,3.0f,&quot;[\r\n  -2.0,\r\n  0.0,\r\n  3.0\r\n]&quot;)" methodname="Vector3ToJson_ReturnsArrayFormat" classname="GroundTruthTests.DatasetJsonUtilityTests" runstate="Runnable" seed="170056109" result="Passed" start-time="2020-01-09 23:28:07Z" end-time="2020-01-09 23:28:07Z" duration="0.003820" asserts="0">
              <properties />
              <output><![CDATA[
##utp:{"type":"TestStatus","time":1578612487363,"version":2,"phase":"Begin","processId":5764,"name":"GroundTruthTests.DatasetJsonUtilityTests.Vector3ToJson_ReturnsArrayFormat(-2.0f,0.0f,3.0f,\"[\\r\\n  -2.0,\\r\\n  0.0,\\r\\n  3.0\\r\\n]\")","state":0}

##utp:{"type":"TestStatus","time":1578612487368,"version":2,"phase":"End","processId":5764,"name":"GroundTruthTests.DatasetJsonUtilityTests.Vector3ToJson_ReturnsArrayFormat(-2.0f,0.0f,3.0f,\"[\\r\\n  -2.0,\\r\\n  0.0,\\r\\n  3.0\\r\\n]\")","state":4,"message":"","duration":4,"durationMicroseconds":3820}
]]></output>
            </test-case>
            <test-case id="1165" name="Vector3ToJson_ReturnsArrayFormat(0.01f,0.02f,0.03f,&quot;[\r\n  0.01,\r\n  0.02,\r\n  0.03\r\n]&quot;)" fullname="GroundTruthTests.DatasetJsonUtilityTests.Vector3ToJson_ReturnsArrayFormat(0.01f,0.02f,0.03f,&quot;[\r\n  0.01,\r\n  0.02,\r\n  0.03\r\n]&quot;)" methodname="Vector3ToJson_ReturnsArrayFormat" classname="GroundTruthTests.DatasetJsonUtilityTests" runstate="Runnable" seed="522589906" result="Passed" start-time="2020-01-09 23:28:07Z" end-time="2020-01-09 23:28:07Z" duration="0.000600" asserts="0">
              <properties />
              <output><![CDATA[
##utp:{"type":"TestStatus","time":1578612487368,"version":2,"phase":"Begin","processId":5764,"name":"GroundTruthTests.DatasetJsonUtilityTests.Vector3ToJson_ReturnsArrayFormat(0.01f,0.02f,0.03f,\"[\\r\\n  0.01,\\r\\n  0.02,\\r\\n  0.03\\r\\n]\")","state":0}

##utp:{"type":"TestStatus","time":1578612487370,"version":2,"phase":"End","processId":5764,"name":"GroundTruthTests.DatasetJsonUtilityTests.Vector3ToJson_ReturnsArrayFormat(0.01f,0.02f,0.03f,\"[\\r\\n  0.01,\\r\\n  0.02,\\r\\n  0.03\\r\\n]\")","state":4,"message":"","duration":1,"durationMicroseconds":600}
]]></output>
            </test-case>
            <test-case id="1166" name="Vector3ToJson_ReturnsArrayFormat(float.NegativeInfinity,float.NaN,float.PositiveInfinity,&quot;[\r\n  \&quot;-Infinity\&quot;,\r\n  \&quot;NaN\&quot;,\r\n  \&quot;Infinity\&quot;\r\n]&quot;)" fullname="GroundTruthTests.DatasetJsonUtilityTests.Vector3ToJson_ReturnsArrayFormat(float.NegativeInfinity,float.NaN,float.PositiveInfinity,&quot;[\r\n  \&quot;-Infinity\&quot;,\r\n  \&quot;NaN\&quot;,\r\n  \&quot;Infinity\&quot;\r\n]&quot;)" methodname="Vector3ToJson_ReturnsArrayFormat" classname="GroundTruthTests.DatasetJsonUtilityTests" runstate="Runnable" seed="1145073594" result="Passed" start-time="2020-01-09 23:28:07Z" end-time="2020-01-09 23:28:07Z" duration="0.000446" asserts="0">
              <properties />
              <output><![CDATA[
##utp:{"type":"TestStatus","time":1578612487370,"version":2,"phase":"Begin","processId":5764,"name":"GroundTruthTests.DatasetJsonUtilityTests.Vector3ToJson_ReturnsArrayFormat(float.NegativeInfinity,float.NaN,float.PositiveInfinity,\"[\\r\\n  \\\"-Infinity\\\",\\r\\n  \\\"NaN\\\",\\r\\n  \\\"Infinity\\\"\\r\\n]\")","state":0}

##utp:{"type":"TestStatus","time":1578612487372,"version":2,"phase":"End","processId":5764,"name":"GroundTruthTests.DatasetJsonUtilityTests.Vector3ToJson_ReturnsArrayFormat(float.NegativeInfinity,float.NaN,float.PositiveInfinity,\"[\\r\\n  \\\"-Infinity\\\",\\r\\n  \\\"NaN\\\",\\r\\n  \\\"Infinity\\\"\\r\\n]\")","state":4,"message":"","duration":0,"durationMicroseconds":446}
]]></output>
            </test-case>
          </test-suite>
        </test-suite>
        <test-suite type="TestFixture" id="1174" name="LabeledObjectHistogramTests" fullname="GroundTruthTests.LabeledObjectHistogramTests" classname="GroundTruthTests.LabeledObjectHistogramTests" runstate="Runnable" testcasecount="1" result="Passed" start-time="2020-01-09 23:28:07Z" end-time="2020-01-09 23:28:12Z" duration="5.556756" total="1" passed="1" failed="0" inconclusive="0" skipped="0" asserts="0">
          <properties />
          <test-case id="1175" name="LabeledObjectHistogramPassProducesCorrectValuesWithChangingObjects" fullname="GroundTruthTests.LabeledObjectHistogramTests.LabeledObjectHistogramPassProducesCorrectValuesWithChangingObjects" methodname="LabeledObjectHistogramPassProducesCorrectValuesWithChangingObjects" classname="GroundTruthTests.LabeledObjectHistogramTests" runstate="Runnable" seed="230981466" result="Passed" start-time="2020-01-09 23:28:07Z" end-time="2020-01-09 23:28:12Z" duration="5.549033" asserts="0">
            <properties>
              <property name="_JOINTYPE" value="UnityCombinatorial" />
            </properties>
            <output><![CDATA[
##utp:{"type":"TestStatus","time":1578612487396,"version":2,"phase":"Begin","processId":5764,"name":"GroundTruthTests.LabeledObjectHistogramTests.LabeledObjectHistogramPassProducesCorrectValuesWithChangingObjects","state":0}
DC[V]: Output path set to : C:/Users/jonh/AppData/LocalLow/DefaultCompany/UnityTestFramework\91ae1b7d-6a87-48f9-a8d9-4c3dba36cc16\Logs
DC[V]: Manager file queued C:/Users/jonh/AppData/LocalLow/DefaultCompany/UnityTestFramework\91ae1b7d-6a87-48f9-a8d9-4c3dba36cc16\Logs\LabelHistogram_0.txt

##utp:{"type":"TestStatus","time":1578612492947,"version":2,"phase":"End","processId":5764,"name":"GroundTruthTests.LabeledObjectHistogramTests.LabeledObjectHistogramPassProducesCorrectValuesWithChangingObjects","state":4,"message":"","duration":5549,"durationMicroseconds":5549033}
]]></output>
          </test-case>
        </test-suite>
        <test-suite type="TestFixture" id="1176" name="SegmentationPassTests" fullname="GroundTruthTests.SegmentationPassTests" classname="GroundTruthTests.SegmentationPassTests" runstate="Runnable" testcasecount="2" result="Passed" start-time="2020-01-09 23:28:12Z" end-time="2020-01-09 23:28:23Z" duration="10.474017" total="2" passed="2" failed="0" inconclusive="0" skipped="0" asserts="0">
          <properties />
          <test-case id="1178" name="SegmentationPassProducesCorrectValuesEachFrame" fullname="GroundTruthTests.SegmentationPassTests.SegmentationPassProducesCorrectValuesEachFrame" methodname="SegmentationPassProducesCorrectValuesEachFrame" classname="GroundTruthTests.SegmentationPassTests" runstate="Runnable" seed="1497906064" result="Passed" start-time="2020-01-09 23:28:12Z" end-time="2020-01-09 23:28:18Z" duration="5.243674" asserts="0">
            <properties>
              <property name="_JOINTYPE" value="UnityCombinatorial" />
            </properties>
            <output><![CDATA[
##utp:{"type":"TestStatus","time":1578612492955,"version":2,"phase":"Begin","processId":5764,"name":"GroundTruthTests.SegmentationPassTests.SegmentationPassProducesCorrectValuesEachFrame","state":0}
DC[I]: USim Time (secs) : Wall(17.277) Simulation(10.003) Unscaled(23.060) FPS(101.568) 
Segmentation image received. FrameCount: 1454
Segmentation image received. FrameCount: 1455
Segmentation image received. FrameCount: 1456

##utp:{"type":"TestStatus","time":1578612498199,"version":2,"phase":"End","processId":5764,"name":"GroundTruthTests.SegmentationPassTests.SegmentationPassProducesCorrectValuesEachFrame","state":4,"message":"","duration":5244,"durationMicroseconds":5243674}
]]></output>
          </test-case>
          <test-case id="1177" name="SegmentationPassTestsWithEnumeratorPasses" fullname="GroundTruthTests.SegmentationPassTests.SegmentationPassTestsWithEnumeratorPasses" methodname="SegmentationPassTestsWithEnumeratorPasses" classname="GroundTruthTests.SegmentationPassTests" runstate="Runnable" seed="773169475" result="Passed" start-time="2020-01-09 23:28:18Z" end-time="2020-01-09 23:28:23Z" duration="5.221735" asserts="0">
            <properties>
              <property name="_JOINTYPE" value="UnityCombinatorial" />
            </properties>
            <output><![CDATA[
##utp:{"type":"TestStatus","time":1578612498201,"version":2,"phase":"Begin","processId":5764,"name":"GroundTruthTests.SegmentationPassTests.SegmentationPassTestsWithEnumeratorPasses","state":0}

##utp:{"type":"TestStatus","time":1578612503423,"version":2,"phase":"End","processId":5764,"name":"GroundTruthTests.SegmentationPassTests.SegmentationPassTestsWithEnumeratorPasses","state":4,"message":"","duration":5222,"durationMicroseconds":5221735}
]]></output>
          </test-case>
        </test-suite>
        <test-suite type="TestFixture" id="1210" name="SimulationManager_SensorSchedulingTests" fullname="GroundTruthTests.SimulationManager_SensorSchedulingTests" classname="GroundTruthTests.SimulationManager_SensorSchedulingTests" runstate="Runnable" testcasecount="4" result="Passed" start-time="2020-01-09 23:28:23Z" end-time="2020-01-09 23:28:23Z" duration="0.169709" total="4" passed="4" failed="0" inconclusive="0" skipped="0" asserts="0">
          <properties />
          <test-case id="1214" name="Enabled_StartsTrue" fullname="GroundTruthTests.SimulationManager_SensorSchedulingTests.Enabled_StartsTrue" methodname="Enabled_StartsTrue" classname="GroundTruthTests.SimulationManager_SensorSchedulingTests" runstate="Runnable" seed="215766804" result="Passed" start-time="2020-01-09 23:28:23Z" end-time="2020-01-09 23:28:23Z" duration="0.040053" asserts="0">
            <properties />
            <output><![CDATA[
##utp:{"type":"TestStatus","time":1578612503432,"version":2,"phase":"Begin","processId":5764,"name":"GroundTruthTests.SimulationManager_SensorSchedulingTests.Enabled_StartsTrue","state":0}

##utp:{"type":"TestStatus","time":1578612503473,"version":2,"phase":"End","processId":5764,"name":"GroundTruthTests.SimulationManager_SensorSchedulingTests.Enabled_StartsTrue","state":4,"message":"","duration":40,"durationMicroseconds":40053}
]]></output>
          </test-case>
          <test-case id="1211" name="FramesScheduledBySensorConfig" fullname="GroundTruthTests.SimulationManager_SensorSchedulingTests.FramesScheduledBySensorConfig" methodname="FramesScheduledBySensorConfig" classname="GroundTruthTests.SimulationManager_SensorSchedulingTests" runstate="Runnable" seed="542444970" result="Passed" start-time="2020-01-09 23:28:23Z" end-time="2020-01-09 23:28:23Z" duration="0.041137" asserts="0">
            <properties>
              <property name="_JOINTYPE" value="UnityCombinatorial" />
            </properties>
            <output><![CDATA[
##utp:{"type":"TestStatus","time":1578612503474,"version":2,"phase":"Begin","processId":5764,"name":"GroundTruthTests.SimulationManager_SensorSchedulingTests.FramesScheduledBySensorConfig","state":0}
DC[I]: USim Time (secs) : Wall(25.566) Simulation(20.107) Unscaled(31.348) FPS(113.192) 

##utp:{"type":"TestStatus","time":1578612503516,"version":2,"phase":"End","processId":5764,"name":"GroundTruthTests.SimulationManager_SensorSchedulingTests.FramesScheduledBySensorConfig","state":4,"message":"","duration":41,"durationMicroseconds":41137}
]]></output>
          </test-case>
          <test-case id="1212" name="ResetSimulation_ResetsCaptureDeltaTime" fullname="GroundTruthTests.SimulationManager_SensorSchedulingTests.ResetSimulation_ResetsCaptureDeltaTime" methodname="ResetSimulation_ResetsCaptureDeltaTime" classname="GroundTruthTests.SimulationManager_SensorSchedulingTests" runstate="Runnable" seed="272560398" result="Passed" start-time="2020-01-09 23:28:23Z" end-time="2020-01-09 23:28:23Z" duration="0.030452" asserts="0">
            <properties>
              <property name="_JOINTYPE" value="UnityCombinatorial" />
            </properties>
            <output><![CDATA[
##utp:{"type":"TestStatus","time":1578612503516,"version":2,"phase":"Begin","processId":5764,"name":"GroundTruthTests.SimulationManager_SensorSchedulingTests.ResetSimulation_ResetsCaptureDeltaTime","state":0}
DC[I]: USim Time (secs) : Wall(25.604) Simulation(30.926) Unscaled(31.385) FPS(0.458) 

##utp:{"type":"TestStatus","time":1578612503548,"version":2,"phase":"End","processId":5764,"name":"GroundTruthTests.SimulationManager_SensorSchedulingTests.ResetSimulation_ResetsCaptureDeltaTime","state":4,"message":"","duration":30,"durationMicroseconds":30452}
]]></output>
          </test-case>
          <test-case id="1213" name="ShouldCaptureThisFrame_ReturnsTrueOnProperFrames" fullname="GroundTruthTests.SimulationManager_SensorSchedulingTests.ShouldCaptureThisFrame_ReturnsTrueOnProperFrames" methodname="ShouldCaptureThisFrame_ReturnsTrueOnProperFrames" classname="GroundTruthTests.SimulationManager_SensorSchedulingTests" runstate="Runnable" seed="1191036616" result="Passed" start-time="2020-01-09 23:28:23Z" end-time="2020-01-09 23:28:23Z" duration="0.046210" asserts="0">
            <properties>
              <property name="_JOINTYPE" value="UnityCombinatorial" />
            </properties>
            <output><![CDATA[
##utp:{"type":"TestStatus","time":1578612503548,"version":2,"phase":"Begin","processId":5764,"name":"GroundTruthTests.SimulationManager_SensorSchedulingTests.ShouldCaptureThisFrame_ReturnsTrueOnProperFrames","state":0}
DC[I]: USim Time (secs) : Wall(25.632) Simulation(40.948) Unscaled(31.413) FPS(0.274) 
DC[I]: USim Time (secs) : Wall(25.652) Simulation(52.948) Unscaled(31.434) FPS(0.309) 

##utp:{"type":"TestStatus","time":1578612503596,"version":2,"phase":"End","processId":5764,"name":"GroundTruthTests.SimulationManager_SensorSchedulingTests.ShouldCaptureThisFrame_ReturnsTrueOnProperFrames","state":4,"message":"","duration":46,"durationMicroseconds":46210}
]]></output>
          </test-case>
        </test-suite>
        <test-suite type="TestFixture" id="1179" name="SimulationManagerTests" fullname="GroundTruthTests.SimulationManagerTests" classname="GroundTruthTests.SimulationManagerTests" runstate="Runnable" testcasecount="28" result="Passed" start-time="2020-01-09 23:28:23Z" end-time="2020-01-09 23:28:24Z" duration="0.690174" total="28" passed="28" failed="0" inconclusive="0" skipped="0" asserts="0">
          <properties />
          <test-case id="1189" name="AnnotationAsyncIsValid_ReturnsProperValue" fullname="GroundTruthTests.SimulationManagerTests.AnnotationAsyncIsValid_ReturnsProperValue" methodname="AnnotationAsyncIsValid_ReturnsProperValue" classname="GroundTruthTests.SimulationManagerTests" runstate="Runnable" seed="820716686" result="Passed" start-time="2020-01-09 23:28:23Z" end-time="2020-01-09 23:28:23Z" duration="0.024245" asserts="0">
            <properties />
            <output><![CDATA[
##utp:{"type":"TestStatus","time":1578612503612,"version":2,"phase":"Begin","processId":5764,"name":"GroundTruthTests.SimulationManagerTests.AnnotationAsyncIsValid_ReturnsProperValue","state":0}

IgnoreFailingMessages:true
Simulation ended with pending annotations: id:c1606a0a-bc15-41c7-ab31-b0a4dc867d95 frame:2173

##utp:{"type":"TestStatus","time":1578612503637,"version":2,"phase":"End","processId":5764,"name":"GroundTruthTests.SimulationManagerTests.AnnotationAsyncIsValid_ReturnsProperValue","state":4,"message":"","duration":24,"durationMicroseconds":24245}
]]></output>
          </test-case>
          <test-case id="1190" name="AnnotationAsyncReportFile_ReportsProperJson" fullname="GroundTruthTests.SimulationManagerTests.AnnotationAsyncReportFile_ReportsProperJson" methodname="AnnotationAsyncReportFile_ReportsProperJson" classname="GroundTruthTests.SimulationManagerTests" runstate="Runnable" seed="110170228" result="Passed" start-time="2020-01-09 23:28:23Z" end-time="2020-01-09 23:28:23Z" duration="0.047840" asserts="0">
            <properties />
            <output><![CDATA[
##utp:{"type":"TestStatus","time":1578612503638,"version":2,"phase":"Begin","processId":5764,"name":"GroundTruthTests.SimulationManagerTests.AnnotationAsyncReportFile_ReportsProperJson","state":0}

##utp:{"type":"TestStatus","time":1578612503686,"version":2,"phase":"End","processId":5764,"name":"GroundTruthTests.SimulationManagerTests.AnnotationAsyncReportFile_ReportsProperJson","state":4,"message":"","duration":48,"durationMicroseconds":47840}
]]></output>
          </test-case>
          <test-case id="1191" name="AnnotationAsyncReportValues_ReportsProperJson" fullname="GroundTruthTests.SimulationManagerTests.AnnotationAsyncReportValues_ReportsProperJson" methodname="AnnotationAsyncReportValues_ReportsProperJson" classname="GroundTruthTests.SimulationManagerTests" runstate="Runnable" seed="286390603" result="Passed" start-time="2020-01-09 23:28:23Z" end-time="2020-01-09 23:28:23Z" duration="0.024619" asserts="0">
            <properties />
            <output><![CDATA[
##utp:{"type":"TestStatus","time":1578612503687,"version":2,"phase":"Begin","processId":5764,"name":"GroundTruthTests.SimulationManagerTests.AnnotationAsyncReportValues_ReportsProperJson","state":0}

##utp:{"type":"TestStatus","time":1578612503712,"version":2,"phase":"End","processId":5764,"name":"GroundTruthTests.SimulationManagerTests.AnnotationAsyncReportValues_ReportsProperJson","state":4,"message":"","duration":25,"durationMicroseconds":24618}
]]></output>
          </test-case>
          <test-case id="1192" name="CreateAnnotation_MultipleTimes_WritesProperTypeOnce" fullname="GroundTruthTests.SimulationManagerTests.CreateAnnotation_MultipleTimes_WritesProperTypeOnce" methodname="CreateAnnotation_MultipleTimes_WritesProperTypeOnce" classname="GroundTruthTests.SimulationManagerTests" runstate="Runnable" seed="1238524304" result="Passed" start-time="2020-01-09 23:28:23Z" end-time="2020-01-09 23:28:23Z" duration="0.007746" asserts="0">
            <properties />
            <output><![CDATA[
##utp:{"type":"TestStatus","time":1578612503713,"version":2,"phase":"Begin","processId":5764,"name":"GroundTruthTests.SimulationManagerTests.CreateAnnotation_MultipleTimes_WritesProperTypeOnce","state":0}

##utp:{"type":"TestStatus","time":1578612503721,"version":2,"phase":"End","processId":5764,"name":"GroundTruthTests.SimulationManagerTests.CreateAnnotation_MultipleTimes_WritesProperTypeOnce","state":4,"message":"","duration":8,"durationMicroseconds":7746}
]]></output>
          </test-case>
          <test-case id="1193" name="CreateAnnotation_MultipleTimesWithDifferentParameters_WritesProperTypes" fullname="GroundTruthTests.SimulationManagerTests.CreateAnnotation_MultipleTimesWithDifferentParameters_WritesProperTypes" methodname="CreateAnnotation_MultipleTimesWithDifferentParameters_WritesProperTypes" classname="GroundTruthTests.SimulationManagerTests" runstate="Runnable" seed="858358564" result="Passed" start-time="2020-01-09 23:28:23Z" end-time="2020-01-09 23:28:23Z" duration="0.009804" asserts="0">
            <properties />
            <output><![CDATA[
##utp:{"type":"TestStatus","time":1578612503722,"version":2,"phase":"Begin","processId":5764,"name":"GroundTruthTests.SimulationManagerTests.CreateAnnotation_MultipleTimesWithDifferentParameters_WritesProperTypes","state":0}

##utp:{"type":"TestStatus","time":1578612503732,"version":2,"phase":"End","processId":5764,"name":"GroundTruthTests.SimulationManagerTests.CreateAnnotation_MultipleTimesWithDifferentParameters_WritesProperTypes","state":4,"message":"","duration":10,"durationMicroseconds":9804}
]]></output>
          </test-case>
          <test-suite type="ParameterizedMethod" id="1209" name="CreateAnnotationOrMetric_WithSpecValues_WritesProperTypes" fullname="GroundTruthTests.SimulationManagerTests.CreateAnnotationOrMetric_WithSpecValues_WritesProperTypes" classname="GroundTruthTests.SimulationManagerTests" runstate="Runnable" testcasecount="2" result="Passed" start-time="2020-01-09 23:28:23Z" end-time="2020-01-09 23:28:23Z" duration="0.035416" total="2" passed="2" failed="0" inconclusive="0" skipped="0" asserts="0">
            <properties />
            <test-case id="1207" name="CreateAnnotationOrMetric_WithSpecValues_WritesProperTypes(Annotation)" fullname="GroundTruthTests.SimulationManagerTests.CreateAnnotationOrMetric_WithSpecValues_WritesProperTypes(Annotation)" methodname="CreateAnnotationOrMetric_WithSpecValues_WritesProperTypes" classname="GroundTruthTests.SimulationManagerTests" runstate="Runnable" seed="1343053355" result="Passed" start-time="2020-01-09 23:28:23Z" end-time="2020-01-09 23:28:23Z" duration="0.016648" asserts="0">
              <properties />
              <output><![CDATA[
##utp:{"type":"TestStatus","time":1578612503739,"version":2,"phase":"Begin","processId":5764,"name":"GroundTruthTests.SimulationManagerTests.CreateAnnotationOrMetric_WithSpecValues_WritesProperTypes(Annotation)","state":0}

##utp:{"type":"TestStatus","time":1578612503757,"version":2,"phase":"End","processId":5764,"name":"GroundTruthTests.SimulationManagerTests.CreateAnnotationOrMetric_WithSpecValues_WritesProperTypes(Annotation)","state":4,"message":"","duration":17,"durationMicroseconds":16648}
]]></output>
            </test-case>
            <test-case id="1208" name="CreateAnnotationOrMetric_WithSpecValues_WritesProperTypes(Metric)" fullname="GroundTruthTests.SimulationManagerTests.CreateAnnotationOrMetric_WithSpecValues_WritesProperTypes(Metric)" methodname="CreateAnnotationOrMetric_WithSpecValues_WritesProperTypes" classname="GroundTruthTests.SimulationManagerTests" runstate="Runnable" seed="1573097454" result="Passed" start-time="2020-01-09 23:28:23Z" end-time="2020-01-09 23:28:23Z" duration="0.009873" asserts="0">
              <properties />
              <output><![CDATA[
##utp:{"type":"TestStatus","time":1578612503757,"version":2,"phase":"Begin","processId":5764,"name":"GroundTruthTests.SimulationManagerTests.CreateAnnotationOrMetric_WithSpecValues_WritesProperTypes(Metric)","state":0}

##utp:{"type":"TestStatus","time":1578612503768,"version":2,"phase":"End","processId":5764,"name":"GroundTruthTests.SimulationManagerTests.CreateAnnotationOrMetric_WithSpecValues_WritesProperTypes(Metric)","state":4,"message":"","duration":10,"durationMicroseconds":9873}
]]></output>
            </test-case>
          </test-suite>
          <test-case id="1206" name="CreateMetric_MultipleTimesWithDifferentParameters_WritesProperTypes" fullname="GroundTruthTests.SimulationManagerTests.CreateMetric_MultipleTimesWithDifferentParameters_WritesProperTypes" methodname="CreateMetric_MultipleTimesWithDifferentParameters_WritesProperTypes" classname="GroundTruthTests.SimulationManagerTests" runstate="Runnable" seed="779505840" result="Passed" start-time="2020-01-09 23:28:23Z" end-time="2020-01-09 23:28:23Z" duration="0.010225" asserts="0">
            <properties />
            <output><![CDATA[
##utp:{"type":"TestStatus","time":1578612503771,"version":2,"phase":"Begin","processId":5764,"name":"GroundTruthTests.SimulationManagerTests.CreateMetric_MultipleTimesWithDifferentParameters_WritesProperTypes","state":0}

##utp:{"type":"TestStatus","time":1578612503782,"version":2,"phase":"End","processId":5764,"name":"GroundTruthTests.SimulationManagerTests.CreateMetric_MultipleTimesWithDifferentParameters_WritesProperTypes","state":4,"message":"","duration":10,"durationMicroseconds":10225}
]]></output>
          </test-case>
          <test-case id="1197" name="MetricAsyncIsValid_ReturnsProperValue" fullname="GroundTruthTests.SimulationManagerTests.MetricAsyncIsValid_ReturnsProperValue" methodname="MetricAsyncIsValid_ReturnsProperValue" classname="GroundTruthTests.SimulationManagerTests" runstate="Runnable" seed="1528840122" result="Passed" start-time="2020-01-09 23:28:23Z" end-time="2020-01-09 23:28:23Z" duration="0.021997" asserts="0">
            <properties />
            <output><![CDATA[
##utp:{"type":"TestStatus","time":1578612503783,"version":2,"phase":"Begin","processId":5764,"name":"GroundTruthTests.SimulationManagerTests.MetricAsyncIsValid_ReturnsProperValue","state":0}

IgnoreFailingMessages:true
Simulation ended with pending metrics: id:1 step:0

##utp:{"type":"TestStatus","time":1578612503806,"version":2,"phase":"End","processId":5764,"name":"GroundTruthTests.SimulationManagerTests.MetricAsyncIsValid_ReturnsProperValue","state":4,"message":"","duration":22,"durationMicroseconds":21997}
]]></output>
          </test-case>
          <test-suite type="ParameterizedMethod" id="1205" name="MetricAsyncReportValues_ReportsProperJson" fullname="GroundTruthTests.SimulationManagerTests.MetricAsyncReportValues_ReportsProperJson" classname="GroundTruthTests.SimulationManagerTests" runstate="Runnable" testcasecount="6" result="Passed" start-time="2020-01-09 23:28:23Z" end-time="2020-01-09 23:28:23Z" duration="0.180574" total="6" passed="6" failed="0" inconclusive="0" skipped="0" asserts="0">
            <properties />
            <test-case id="1199" name="MetricAsyncReportValues_ReportsProperJson(Global,True)" fullname="GroundTruthTests.SimulationManagerTests.MetricAsyncReportValues_ReportsProperJson(Global,True)" methodname="MetricAsyncReportValues_ReportsProperJson" classname="GroundTruthTests.SimulationManagerTests" runstate="Runnable" seed="1806067678" result="Passed" start-time="2020-01-09 23:28:23Z" end-time="2020-01-09 23:28:23Z" duration="0.030262" asserts="0">
              <properties />
              <output><![CDATA[
##utp:{"type":"TestStatus","time":1578612503819,"version":2,"phase":"Begin","processId":5764,"name":"GroundTruthTests.SimulationManagerTests.MetricAsyncReportValues_ReportsProperJson(Global,True)","state":0}

##utp:{"type":"TestStatus","time":1578612503850,"version":2,"phase":"End","processId":5764,"name":"GroundTruthTests.SimulationManagerTests.MetricAsyncReportValues_ReportsProperJson(Global,True)","state":4,"message":"","duration":30,"durationMicroseconds":30262}
]]></output>
            </test-case>
            <test-case id="1200" name="MetricAsyncReportValues_ReportsProperJson(Global,False)" fullname="GroundTruthTests.SimulationManagerTests.MetricAsyncReportValues_ReportsProperJson(Global,False)" methodname="MetricAsyncReportValues_ReportsProperJson" classname="GroundTruthTests.SimulationManagerTests" runstate="Runnable" seed="753682918" result="Passed" start-time="2020-01-09 23:28:23Z" end-time="2020-01-09 23:28:23Z" duration="0.025953" asserts="0">
              <properties />
              <output><![CDATA[
##utp:{"type":"TestStatus","time":1578612503850,"version":2,"phase":"Begin","processId":5764,"name":"GroundTruthTests.SimulationManagerTests.MetricAsyncReportValues_ReportsProperJson(Global,False)","state":0}

##utp:{"type":"TestStatus","time":1578612503877,"version":2,"phase":"End","processId":5764,"name":"GroundTruthTests.SimulationManagerTests.MetricAsyncReportValues_ReportsProperJson(Global,False)","state":4,"message":"","duration":26,"durationMicroseconds":25953}
]]></output>
            </test-case>
            <test-case id="1201" name="MetricAsyncReportValues_ReportsProperJson(Capture,True)" fullname="GroundTruthTests.SimulationManagerTests.MetricAsyncReportValues_ReportsProperJson(Capture,True)" methodname="MetricAsyncReportValues_ReportsProperJson" classname="GroundTruthTests.SimulationManagerTests" runstate="Runnable" seed="748049652" result="Passed" start-time="2020-01-09 23:28:23Z" end-time="2020-01-09 23:28:23Z" duration="0.026385" asserts="0">
              <properties />
              <output><![CDATA[
##utp:{"type":"TestStatus","time":1578612503878,"version":2,"phase":"Begin","processId":5764,"name":"GroundTruthTests.SimulationManagerTests.MetricAsyncReportValues_ReportsProperJson(Capture,True)","state":0}

##utp:{"type":"TestStatus","time":1578612503905,"version":2,"phase":"End","processId":5764,"name":"GroundTruthTests.SimulationManagerTests.MetricAsyncReportValues_ReportsProperJson(Capture,True)","state":4,"message":"","duration":26,"durationMicroseconds":26385}
]]></output>
            </test-case>
            <test-case id="1202" name="MetricAsyncReportValues_ReportsProperJson(Capture,False)" fullname="GroundTruthTests.SimulationManagerTests.MetricAsyncReportValues_ReportsProperJson(Capture,False)" methodname="MetricAsyncReportValues_ReportsProperJson" classname="GroundTruthTests.SimulationManagerTests" runstate="Runnable" seed="853726291" result="Passed" start-time="2020-01-09 23:28:23Z" end-time="2020-01-09 23:28:23Z" duration="0.025888" asserts="0">
              <properties />
              <output><![CDATA[
##utp:{"type":"TestStatus","time":1578612503906,"version":2,"phase":"Begin","processId":5764,"name":"GroundTruthTests.SimulationManagerTests.MetricAsyncReportValues_ReportsProperJson(Capture,False)","state":0}

##utp:{"type":"TestStatus","time":1578612503932,"version":2,"phase":"End","processId":5764,"name":"GroundTruthTests.SimulationManagerTests.MetricAsyncReportValues_ReportsProperJson(Capture,False)","state":4,"message":"","duration":26,"durationMicroseconds":25888}
]]></output>
            </test-case>
            <test-case id="1203" name="MetricAsyncReportValues_ReportsProperJson(Annotation,True)" fullname="GroundTruthTests.SimulationManagerTests.MetricAsyncReportValues_ReportsProperJson(Annotation,True)" methodname="MetricAsyncReportValues_ReportsProperJson" classname="GroundTruthTests.SimulationManagerTests" runstate="Runnable" seed="1433904171" result="Passed" start-time="2020-01-09 23:28:23Z" end-time="2020-01-09 23:28:23Z" duration="0.025796" asserts="0">
              <properties />
              <output><![CDATA[
##utp:{"type":"TestStatus","time":1578612503933,"version":2,"phase":"Begin","processId":5764,"name":"GroundTruthTests.SimulationManagerTests.MetricAsyncReportValues_ReportsProperJson(Annotation,True)","state":0}

##utp:{"type":"TestStatus","time":1578612503960,"version":2,"phase":"End","processId":5764,"name":"GroundTruthTests.SimulationManagerTests.MetricAsyncReportValues_ReportsProperJson(Annotation,True)","state":4,"message":"","duration":26,"durationMicroseconds":25796}
]]></output>
            </test-case>
            <test-case id="1204" name="MetricAsyncReportValues_ReportsProperJson(Annotation,False)" fullname="GroundTruthTests.SimulationManagerTests.MetricAsyncReportValues_ReportsProperJson(Annotation,False)" methodname="MetricAsyncReportValues_ReportsProperJson" classname="GroundTruthTests.SimulationManagerTests" runstate="Runnable" seed="196169358" result="Passed" start-time="2020-01-09 23:28:23Z" end-time="2020-01-09 23:28:23Z" duration="0.026086" asserts="0">
              <properties />
              <output><![CDATA[
##utp:{"type":"TestStatus","time":1578612503960,"version":2,"phase":"Begin","processId":5764,"name":"GroundTruthTests.SimulationManagerTests.MetricAsyncReportValues_ReportsProperJson(Annotation,False)","state":0}

##utp:{"type":"TestStatus","time":1578612503986,"version":2,"phase":"End","processId":5764,"name":"GroundTruthTests.SimulationManagerTests.MetricAsyncReportValues_ReportsProperJson(Annotation,False)","state":4,"message":"","duration":26,"durationMicroseconds":26086}
]]></output>
            </test-case>
          </test-suite>
          <test-case id="1198" name="MetricReportValues_WithNoReportsInFrames_DoesNotIncrementStep" fullname="GroundTruthTests.SimulationManagerTests.MetricReportValues_WithNoReportsInFrames_DoesNotIncrementStep" methodname="MetricReportValues_WithNoReportsInFrames_DoesNotIncrementStep" classname="GroundTruthTests.SimulationManagerTests" runstate="Runnable" seed="1217169939" result="Passed" start-time="2020-01-09 23:28:23Z" end-time="2020-01-09 23:28:24Z" duration="0.050137" asserts="0">
            <properties>
              <property name="_JOINTYPE" value="UnityCombinatorial" />
            </properties>
            <output><![CDATA[
##utp:{"type":"TestStatus","time":1578612503993,"version":2,"phase":"Begin","processId":5764,"name":"GroundTruthTests.SimulationManagerTests.MetricReportValues_WithNoReportsInFrames_DoesNotIncrementStep","state":0}

##utp:{"type":"TestStatus","time":1578612504045,"version":2,"phase":"End","processId":5764,"name":"GroundTruthTests.SimulationManagerTests.MetricReportValues_WithNoReportsInFrames_DoesNotIncrementStep","state":4,"message":"","duration":50,"durationMicroseconds":50137}
]]></output>
          </test-case>
          <test-case id="1180" name="RegisterSensor_ReportsProperJson" fullname="GroundTruthTests.SimulationManagerTests.RegisterSensor_ReportsProperJson" methodname="RegisterSensor_ReportsProperJson" classname="GroundTruthTests.SimulationManagerTests" runstate="Runnable" seed="1479281225" result="Passed" start-time="2020-01-09 23:28:24Z" end-time="2020-01-09 23:28:24Z" duration="0.011153" asserts="0">
            <properties />
            <output><![CDATA[
##utp:{"type":"TestStatus","time":1578612504045,"version":2,"phase":"Begin","processId":5764,"name":"GroundTruthTests.SimulationManagerTests.RegisterSensor_ReportsProperJson","state":0}

##utp:{"type":"TestStatus","time":1578612504057,"version":2,"phase":"End","processId":5764,"name":"GroundTruthTests.SimulationManagerTests.RegisterSensor_ReportsProperJson","state":4,"message":"","duration":11,"durationMicroseconds":11153}
]]></output>
          </test-case>
          <test-case id="1183" name="ReportAnnotation_AddsProperJsonToCapture" fullname="GroundTruthTests.SimulationManagerTests.ReportAnnotation_AddsProperJsonToCapture" methodname="ReportAnnotation_AddsProperJsonToCapture" classname="GroundTruthTests.SimulationManagerTests" runstate="Runnable" seed="2041111684" result="Passed" start-time="2020-01-09 23:28:24Z" end-time="2020-01-09 23:28:24Z" duration="0.020157" asserts="0">
            <properties />
            <output><![CDATA[
##utp:{"type":"TestStatus","time":1578612504057,"version":2,"phase":"Begin","processId":5764,"name":"GroundTruthTests.SimulationManagerTests.ReportAnnotation_AddsProperJsonToCapture","state":0}

##utp:{"type":"TestStatus","time":1578612504079,"version":2,"phase":"End","processId":5764,"name":"GroundTruthTests.SimulationManagerTests.ReportAnnotation_AddsProperJsonToCapture","state":4,"message":"","duration":20,"durationMicroseconds":20156}
]]></output>
          </test-case>
          <test-case id="1187" name="ReportAnnotationAsync_WhenCaptureNotExpected_Throws" fullname="GroundTruthTests.SimulationManagerTests.ReportAnnotationAsync_WhenCaptureNotExpected_Throws" methodname="ReportAnnotationAsync_WhenCaptureNotExpected_Throws" classname="GroundTruthTests.SimulationManagerTests" runstate="Runnable" seed="341552476" result="Passed" start-time="2020-01-09 23:28:24Z" end-time="2020-01-09 23:28:24Z" duration="0.013853" asserts="0">
            <properties />
            <output><![CDATA[
##utp:{"type":"TestStatus","time":1578612504079,"version":2,"phase":"Begin","processId":5764,"name":"GroundTruthTests.SimulationManagerTests.ReportAnnotationAsync_WhenCaptureNotExpected_Throws","state":0}

##utp:{"type":"TestStatus","time":1578612504094,"version":2,"phase":"End","processId":5764,"name":"GroundTruthTests.SimulationManagerTests.ReportAnnotationAsync_WhenCaptureNotExpected_Throws","state":4,"message":"","duration":14,"durationMicroseconds":13853}
]]></output>
          </test-case>
          <test-case id="1185" name="ReportAnnotationFile_WhenCaptureNotExpected_Throws" fullname="GroundTruthTests.SimulationManagerTests.ReportAnnotationFile_WhenCaptureNotExpected_Throws" methodname="ReportAnnotationFile_WhenCaptureNotExpected_Throws" classname="GroundTruthTests.SimulationManagerTests" runstate="Runnable" seed="1915966868" result="Passed" start-time="2020-01-09 23:28:24Z" end-time="2020-01-09 23:28:24Z" duration="0.013382" asserts="0">
            <properties />
            <output><![CDATA[
##utp:{"type":"TestStatus","time":1578612504094,"version":2,"phase":"Begin","processId":5764,"name":"GroundTruthTests.SimulationManagerTests.ReportAnnotationFile_WhenCaptureNotExpected_Throws","state":0}

##utp:{"type":"TestStatus","time":1578612504108,"version":2,"phase":"End","processId":5764,"name":"GroundTruthTests.SimulationManagerTests.ReportAnnotationFile_WhenCaptureNotExpected_Throws","state":4,"message":"","duration":13,"durationMicroseconds":13382}
]]></output>
          </test-case>
          <test-case id="1184" name="ReportAnnotationValues_ReportsProperJson" fullname="GroundTruthTests.SimulationManagerTests.ReportAnnotationValues_ReportsProperJson" methodname="ReportAnnotationValues_ReportsProperJson" classname="GroundTruthTests.SimulationManagerTests" runstate="Runnable" seed="1491439925" result="Passed" start-time="2020-01-09 23:28:24Z" end-time="2020-01-09 23:28:24Z" duration="0.019322" asserts="0">
            <properties />
            <output><![CDATA[
##utp:{"type":"TestStatus","time":1578612504109,"version":2,"phase":"Begin","processId":5764,"name":"GroundTruthTests.SimulationManagerTests.ReportAnnotationValues_ReportsProperJson","state":0}

##utp:{"type":"TestStatus","time":1578612504129,"version":2,"phase":"End","processId":5764,"name":"GroundTruthTests.SimulationManagerTests.ReportAnnotationValues_ReportsProperJson","state":4,"message":"","duration":19,"durationMicroseconds":19322}
]]></output>
          </test-case>
          <test-case id="1186" name="ReportAnnotationValues_WhenCaptureNotExpected_Throws" fullname="GroundTruthTests.SimulationManagerTests.ReportAnnotationValues_WhenCaptureNotExpected_Throws" methodname="ReportAnnotationValues_WhenCaptureNotExpected_Throws" classname="GroundTruthTests.SimulationManagerTests" runstate="Runnable" seed="751010327" result="Passed" start-time="2020-01-09 23:28:24Z" end-time="2020-01-09 23:28:24Z" duration="0.013766" asserts="0">
            <properties />
            <output><![CDATA[
##utp:{"type":"TestStatus","time":1578612504129,"version":2,"phase":"Begin","processId":5764,"name":"GroundTruthTests.SimulationManagerTests.ReportAnnotationValues_WhenCaptureNotExpected_Throws","state":0}

##utp:{"type":"TestStatus","time":1578612504144,"version":2,"phase":"End","processId":5764,"name":"GroundTruthTests.SimulationManagerTests.ReportAnnotationValues_WhenCaptureNotExpected_Throws","state":4,"message":"","duration":14,"durationMicroseconds":13766}
]]></output>
          </test-case>
          <test-case id="1181" name="ReportCapture_ReportsProperJson" fullname="GroundTruthTests.SimulationManagerTests.ReportCapture_ReportsProperJson" methodname="ReportCapture_ReportsProperJson" classname="GroundTruthTests.SimulationManagerTests" runstate="Runnable" seed="2146610516" result="Passed" start-time="2020-01-09 23:28:24Z" end-time="2020-01-09 23:28:24Z" duration="0.016370" asserts="0">
            <properties />
            <output><![CDATA[
##utp:{"type":"TestStatus","time":1578612504144,"version":2,"phase":"Begin","processId":5764,"name":"GroundTruthTests.SimulationManagerTests.ReportCapture_ReportsProperJson","state":0}

##utp:{"type":"TestStatus","time":1578612504161,"version":2,"phase":"End","processId":5764,"name":"GroundTruthTests.SimulationManagerTests.ReportCapture_ReportsProperJson","state":4,"message":"","duration":16,"durationMicroseconds":16370}
]]></output>
          </test-case>
          <test-case id="1195" name="ReportMetricAsync_WhenCaptureNotExpected_Throws" fullname="GroundTruthTests.SimulationManagerTests.ReportMetricAsync_WhenCaptureNotExpected_Throws" methodname="ReportMetricAsync_WhenCaptureNotExpected_Throws" classname="GroundTruthTests.SimulationManagerTests" runstate="Runnable" seed="1788775429" result="Passed" start-time="2020-01-09 23:28:24Z" end-time="2020-01-09 23:28:24Z" duration="0.013684" asserts="0">
            <properties />
            <output><![CDATA[
##utp:{"type":"TestStatus","time":1578612504162,"version":2,"phase":"Begin","processId":5764,"name":"GroundTruthTests.SimulationManagerTests.ReportMetricAsync_WhenCaptureNotExpected_Throws","state":0}

##utp:{"type":"TestStatus","time":1578612504176,"version":2,"phase":"End","processId":5764,"name":"GroundTruthTests.SimulationManagerTests.ReportMetricAsync_WhenCaptureNotExpected_Throws","state":4,"message":"","duration":14,"durationMicroseconds":13684}
]]></output>
          </test-case>
          <test-case id="1194" name="ReportMetricValues_WhenCaptureNotExpected_Throws" fullname="GroundTruthTests.SimulationManagerTests.ReportMetricValues_WhenCaptureNotExpected_Throws" methodname="ReportMetricValues_WhenCaptureNotExpected_Throws" classname="GroundTruthTests.SimulationManagerTests" runstate="Runnable" seed="193750406" result="Passed" start-time="2020-01-09 23:28:24Z" end-time="2020-01-09 23:28:24Z" duration="0.013596" asserts="0">
            <properties />
            <output><![CDATA[
##utp:{"type":"TestStatus","time":1578612504177,"version":2,"phase":"Begin","processId":5764,"name":"GroundTruthTests.SimulationManagerTests.ReportMetricValues_WhenCaptureNotExpected_Throws","state":0}

##utp:{"type":"TestStatus","time":1578612504191,"version":2,"phase":"End","processId":5764,"name":"GroundTruthTests.SimulationManagerTests.ReportMetricValues_WhenCaptureNotExpected_Throws","state":4,"message":"","duration":14,"durationMicroseconds":13596}
]]></output>
          </test-case>
          <test-case id="1188" name="ResetSimulation_WithUnreportedAnnotationAsync_LogsError" fullname="GroundTruthTests.SimulationManagerTests.ResetSimulation_WithUnreportedAnnotationAsync_LogsError" methodname="ResetSimulation_WithUnreportedAnnotationAsync_LogsError" classname="GroundTruthTests.SimulationManagerTests" runstate="Runnable" seed="1109182164" result="Passed" start-time="2020-01-09 23:28:24Z" end-time="2020-01-09 23:28:24Z" duration="0.014847" asserts="0">
            <properties />
            <output><![CDATA[
##utp:{"type":"TestStatus","time":1578612504192,"version":2,"phase":"Begin","processId":5764,"name":"GroundTruthTests.SimulationManagerTests.ResetSimulation_WithUnreportedAnnotationAsync_LogsError","state":0}
Simulation ended with pending annotations: id:dc0f7118-f696-47a2-9c12-43c22ab6fe66 frame:2180

##utp:{"type":"TestStatus","time":1578612504208,"version":2,"phase":"End","processId":5764,"name":"GroundTruthTests.SimulationManagerTests.ResetSimulation_WithUnreportedAnnotationAsync_LogsError","state":4,"message":"","duration":15,"durationMicroseconds":14847}
]]></output>
          </test-case>
          <test-case id="1196" name="ResetSimulation_WithUnreportedMetricAsync_LogsError" fullname="GroundTruthTests.SimulationManagerTests.ResetSimulation_WithUnreportedMetricAsync_LogsError" methodname="ResetSimulation_WithUnreportedMetricAsync_LogsError" classname="GroundTruthTests.SimulationManagerTests" runstate="Runnable" seed="1645709223" result="Passed" start-time="2020-01-09 23:28:24Z" end-time="2020-01-09 23:28:24Z" duration="0.020019" asserts="0">
            <properties />
            <output><![CDATA[
##utp:{"type":"TestStatus","time":1578612504208,"version":2,"phase":"Begin","processId":5764,"name":"GroundTruthTests.SimulationManagerTests.ResetSimulation_WithUnreportedMetricAsync_LogsError","state":0}
Simulation ended with pending metrics: id:1 step:0

##utp:{"type":"TestStatus","time":1578612504229,"version":2,"phase":"End","processId":5764,"name":"GroundTruthTests.SimulationManagerTests.ResetSimulation_WithUnreportedMetricAsync_LogsError","state":4,"message":"","duration":20,"durationMicroseconds":20019}
]]></output>
          </test-case>
          <test-case id="1182" name="StartNewSequence_ProperlyIncrementsSequence" fullname="GroundTruthTests.SimulationManagerTests.StartNewSequence_ProperlyIncrementsSequence" methodname="StartNewSequence_ProperlyIncrementsSequence" classname="GroundTruthTests.SimulationManagerTests" runstate="Runnable" seed="449568537" result="Passed" start-time="2020-01-09 23:28:24Z" end-time="2020-01-09 23:28:24Z" duration="0.061025" asserts="0">
            <properties>
              <property name="_JOINTYPE" value="UnityCombinatorial" />
            </properties>
            <output><![CDATA[
##utp:{"type":"TestStatus","time":1578612504229,"version":2,"phase":"Begin","processId":5764,"name":"GroundTruthTests.SimulationManagerTests.StartNewSequence_ProperlyIncrementsSequence","state":0}
DC[I]: USim Time (secs) : Wall(26.324) Simulation(60.596) Unscaled(32.106) FPS(1.133) 

##utp:{"type":"TestStatus","time":1578612504292,"version":2,"phase":"End","processId":5764,"name":"GroundTruthTests.SimulationManagerTests.StartNewSequence_ProperlyIncrementsSequence","state":4,"message":"","duration":61,"durationMicroseconds":61025}
]]></output>
          </test-case>
        </test-suite>
      </test-suite>
    </test-suite>
    <test-suite type="Assembly" id="1225" name="Unity.SimViz.Scenario.Runtime.Tests.dll" fullname="C:/srchome/simviz/TestProjects/SimVizTest/Library/ScriptAssemblies/Unity.SimViz.Scenario.Runtime.Tests.dll" runstate="Runnable" testcasecount="7" result="Passed" start-time="2020-01-09 23:28:24Z" end-time="2020-01-09 23:28:56Z" duration="31.949606" total="7" passed="7" failed="0" inconclusive="0" skipped="0" asserts="0">
      <properties>
        <property name="_PID" value="5764" />
        <property name="_APPDOMAIN" value="Unity Child Domain" />
        <property name="platform" value="PlayMode" />
      </properties>
      <test-suite type="TestSuite" id="1226" name="RuntimeTests" fullname="RuntimeTests" runstate="Runnable" testcasecount="7" result="Passed" start-time="2020-01-09 23:28:24Z" end-time="2020-01-09 23:28:56Z" duration="31.926425" total="7" passed="7" failed="0" inconclusive="0" skipped="0" asserts="0">
        <properties />
        <test-suite type="TestSuite" id="1227" name="ScenariosTests" fullname="RuntimeTests.ScenariosTests" runstate="Runnable" testcasecount="7" result="Passed" start-time="2020-01-09 23:28:24Z" end-time="2020-01-09 23:28:56Z" duration="31.895172" total="7" passed="7" failed="0" inconclusive="0" skipped="0" asserts="0">
          <properties />
          <test-suite type="TestFixture" id="1217" name="ScenarioManagerTests" fullname="RuntimeTests.ScenariosTests.ScenarioManagerTests" classname="RuntimeTests.ScenariosTests.ScenarioManagerTests" runstate="Runnable" testcasecount="7" result="Passed" start-time="2020-01-09 23:28:24Z" end-time="2020-01-09 23:28:56Z" duration="31.868140" total="7" passed="7" failed="0" inconclusive="0" skipped="0" asserts="0">
            <properties />
            <test-case id="1218" name="BasicTest" fullname="RuntimeTests.ScenariosTests.ScenarioManagerTests.BasicTest" methodname="BasicTest" classname="RuntimeTests.ScenariosTests.ScenarioManagerTests" runstate="Runnable" seed="499564907" result="Passed" start-time="2020-01-09 23:28:24Z" end-time="2020-01-09 23:28:27Z" duration="3.148394" asserts="0">
              <properties>
                <property name="_JOINTYPE" value="UnityCombinatorial" />
              </properties>
              <output><![CDATA[
##utp:{"type":"TestStatus","time":1578612504469,"version":2,"phase":"Begin","processId":5764,"name":"RuntimeTests.ScenariosTests.ScenarioManagerTests.BasicTest","state":0}
Final string : Assets/Scenes/Obstacles3.unity, using Seperator : /
Final string : Assets/Scenes/Obstacles1.unity, using Seperator : /
Final string : Assets/Scenes/TestScene.unity, using Seperator : /
Final string : Assets/Scenes/BaseScene.unity, using Seperator : /
Final string : Assets/Scenes/Scenery.unity, using Seperator : /
Final string : Assets/Scenes/Obstacles2.unity, using Seperator : /
The referenced script (Unknown) on this Behaviour is missing!
The referenced script on this Behaviour (Game Object 'Ball') is missing!
The referenced script (Unknown) on this Behaviour is missing!
The referenced script on this Behaviour (Game Object 'Ball') is missing!
The referenced script (Unknown) on this Behaviour is missing!
The referenced script on this Behaviour (Game Object 'Ball') is missing!
The referenced script (Unknown) on this Behaviour is missing!
The referenced script on this Behaviour (Game Object 'Ball') is missing!

##utp:{"type":"TestStatus","time":1578612507620,"version":2,"phase":"End","processId":5764,"name":"RuntimeTests.ScenariosTests.ScenarioManagerTests.BasicTest","state":4,"message":"","duration":3148,"durationMicroseconds":3148394}
]]></output>
            </test-case>
            <test-case id="1224" name="Permutations" fullname="RuntimeTests.ScenariosTests.ScenarioManagerTests.Permutations" methodname="Permutations" classname="RuntimeTests.ScenariosTests.ScenarioManagerTests" runstate="Runnable" seed="2070879171" result="Passed" start-time="2020-01-09 23:28:27Z" end-time="2020-01-09 23:28:47Z" duration="20.204335" asserts="0">
              <properties>
                <property name="_JOINTYPE" value="UnityCombinatorial" />
              </properties>
              <output><![CDATA[
##utp:{"type":"TestStatus","time":1578612507621,"version":2,"phase":"Begin","processId":5764,"name":"RuntimeTests.ScenariosTests.ScenarioManagerTests.Permutations","state":0}
Final string : Assets/Scenes/Obstacles3.unity, using Seperator : /
Final string : Assets/Scenes/Obstacles1.unity, using Seperator : /
Final string : Assets/Scenes/TestScene.unity, using Seperator : /
Final string : Assets/Scenes/BaseScene.unity, using Seperator : /
Final string : Assets/Scenes/Scenery.unity, using Seperator : /
Final string : Assets/Scenes/Obstacles2.unity, using Seperator : /
The referenced script (Unknown) on this Behaviour is missing!
The referenced script on this Behaviour (Game Object 'Ball') is missing!
The referenced script (Unknown) on this Behaviour is missing!
The referenced script on this Behaviour (Game Object 'Ball') is missing!
The referenced script (Unknown) on this Behaviour is missing!
The referenced script on this Behaviour (Game Object 'Ball') is missing!
The referenced script (Unknown) on this Behaviour is missing!
The referenced script on this Behaviour (Game Object 'Ball') is missing!
The referenced script (Unknown) on this Behaviour is missing!
The referenced script on this Behaviour (Game Object 'Ball') is missing!
DC[I]: USim Time (secs) : Wall(33.736) Simulation(70.002) Unscaled(39.519) FPS(95.481) 
The referenced script (Unknown) on this Behaviour is missing!
The referenced script on this Behaviour (Game Object 'Ball') is missing!
The referenced script (Unknown) on this Behaviour is missing!
The referenced script on this Behaviour (Game Object 'Ball') is missing!
The referenced script (Unknown) on this Behaviour is missing!
The referenced script on this Behaviour (Game Object 'Ball') is missing!
The referenced script (Unknown) on this Behaviour is missing!
The referenced script on this Behaviour (Game Object 'Ball') is missing!
The referenced script (Unknown) on this Behaviour is missing!
The referenced script on this Behaviour (Game Object 'Ball') is missing!
The referenced script (Unknown) on this Behaviour is missing!
The referenced script on this Behaviour (Game Object 'Ball') is missing!
The referenced script (Unknown) on this Behaviour is missing!
The referenced script on this Behaviour (Game Object 'Ball') is missing!
The referenced script (Unknown) on this Behaviour is missing!
The referenced script on this Behaviour (Game Object 'Ball') is missing!
The referenced script (Unknown) on this Behaviour is missing!
The referenced script on this Behaviour (Game Object 'Ball') is missing!
The referenced script (Unknown) on this Behaviour is missing!
The referenced script on this Behaviour (Game Object 'Ball') is missing!
The referenced script (Unknown) on this Behaviour is missing!
The referenced script on this Behaviour (Game Object 'Ball') is missing!
The referenced script (Unknown) on this Behaviour is missing!
The referenced script on this Behaviour (Game Object 'Ball') is missing!
DC[I]: USim Time (secs) : Wall(43.737) Simulation(80.003) Unscaled(49.519) FPS(125.165) 
The referenced script (Unknown) on this Behaviour is missing!
The referenced script on this Behaviour (Game Object 'Ball') is missing!
The referenced script (Unknown) on this Behaviour is missing!
The referenced script on this Behaviour (Game Object 'Ball') is missing!
The referenced script (Unknown) on this Behaviour is missing!
The referenced script on this Behaviour (Game Object 'Ball') is missing!
The referenced script (Unknown) on this Behaviour is missing!
The referenced script on this Behaviour (Game Object 'Ball') is missing!
The referenced script (Unknown) on this Behaviour is missing!
The referenced script on this Behaviour (Game Object 'Ball') is missing!
The referenced script (Unknown) on this Behaviour is missing!
The referenced script on this Behaviour (Game Object 'Ball') is missing!
The referenced script (Unknown) on this Behaviour is missing!
The referenced script on this Behaviour (Game Object 'Ball') is missing!

##utp:{"type":"TestStatus","time":1578612527831,"version":2,"phase":"End","processId":5764,"name":"RuntimeTests.ScenariosTests.ScenarioManagerTests.Permutations","state":4,"message":"","duration":20204,"durationMicroseconds":20204334}
]]></output>
            </test-case>
            <test-case id="1219" name="ProgressiveScheduling" fullname="RuntimeTests.ScenariosTests.ScenarioManagerTests.ProgressiveScheduling" methodname="ProgressiveScheduling" classname="RuntimeTests.ScenariosTests.ScenarioManagerTests" runstate="Runnable" seed="1032429160" result="Passed" start-time="2020-01-09 23:28:47Z" end-time="2020-01-09 23:28:54Z" duration="6.747731" asserts="0">
              <properties>
                <property name="_JOINTYPE" value="UnityCombinatorial" />
              </properties>
              <output><![CDATA[
##utp:{"type":"TestStatus","time":1578612527832,"version":2,"phase":"Begin","processId":5764,"name":"RuntimeTests.ScenariosTests.ScenarioManagerTests.ProgressiveScheduling","state":0}
Final string : Assets/Scenes/Obstacles3.unity, using Seperator : /
Final string : Assets/Scenes/Obstacles1.unity, using Seperator : /
Final string : Assets/Scenes/TestScene.unity, using Seperator : /
Final string : Assets/Scenes/BaseScene.unity, using Seperator : /
Final string : Assets/Scenes/Scenery.unity, using Seperator : /
Final string : Assets/Scenes/Obstacles2.unity, using Seperator : /
The referenced script (Unknown) on this Behaviour is missing!
The referenced script on this Behaviour (Game Object 'Ball') is missing!
The referenced script (Unknown) on this Behaviour is missing!
The referenced script on this Behaviour (Game Object 'Ball') is missing!
The referenced script (Unknown) on this Behaviour is missing!
The referenced script on this Behaviour (Game Object 'Ball') is missing!
The referenced script (Unknown) on this Behaviour is missing!
The referenced script on this Behaviour (Game Object 'Ball') is missing!
The referenced script (Unknown) on this Behaviour is missing!
The referenced script on this Behaviour (Game Object 'Ball') is missing!
DC[I]: USim Time (secs) : Wall(53.737) Simulation(90.003) Unscaled(59.519) FPS(126.866) 
The referenced script (Unknown) on this Behaviour is missing!
The referenced script on this Behaviour (Game Object 'Ball') is missing!
The referenced script (Unknown) on this Behaviour is missing!
The referenced script on this Behaviour (Game Object 'Ball') is missing!
The referenced script (Unknown) on this Behaviour is missing!
The referenced script on this Behaviour (Game Object 'Ball') is missing!

##utp:{"type":"TestStatus","time":1578612534583,"version":2,"phase":"End","processId":5764,"name":"RuntimeTests.ScenariosTests.ScenarioManagerTests.ProgressiveScheduling","state":4,"message":"","duration":6748,"durationMicroseconds":6747731}
]]></output>
            </test-case>
            <test-case id="1223" name="ScenarioNotFound" fullname="RuntimeTests.ScenariosTests.ScenarioManagerTests.ScenarioNotFound" methodname="ScenarioNotFound" classname="RuntimeTests.ScenariosTests.ScenarioManagerTests" runstate="Runnable" seed="1106917446" result="Passed" start-time="2020-01-09 23:28:54Z" end-time="2020-01-09 23:28:54Z" duration="0.056951" asserts="0">
              <properties>
                <property name="_JOINTYPE" value="UnityCombinatorial" />
              </properties>
              <output><![CDATA[
##utp:{"type":"TestStatus","time":1578612534583,"version":2,"phase":"Begin","processId":5764,"name":"RuntimeTests.ScenariosTests.ScenarioManagerTests.ScenarioNotFound","state":0}
Final string : Assets/Scenes/Obstacles3.unity, using Seperator : /
Final string : Assets/Scenes/Obstacles1.unity, using Seperator : /
Final string : Assets/Scenes/TestScene.unity, using Seperator : /
Final string : Assets/Scenes/BaseScene.unity, using Seperator : /
Final string : Assets/Scenes/Scenery.unity, using Seperator : /
Final string : Assets/Scenes/Obstacles2.unity, using Seperator : /

##utp:{"type":"TestStatus","time":1578612534642,"version":2,"phase":"End","processId":5764,"name":"RuntimeTests.ScenariosTests.ScenarioManagerTests.ScenarioNotFound","state":4,"message":"","duration":57,"durationMicroseconds":56951}
]]></output>
            </test-case>
            <test-case id="1222" name="ScenarioWithNoScenes" fullname="RuntimeTests.ScenariosTests.ScenarioManagerTests.ScenarioWithNoScenes" methodname="ScenarioWithNoScenes" classname="RuntimeTests.ScenariosTests.ScenarioManagerTests" runstate="Runnable" seed="1021549311" result="Passed" start-time="2020-01-09 23:28:54Z" end-time="2020-01-09 23:28:54Z" duration="0.294683" asserts="0">
              <properties>
                <property name="_JOINTYPE" value="UnityCombinatorial" />
              </properties>
              <output><![CDATA[
##utp:{"type":"TestStatus","time":1578612534642,"version":2,"phase":"Begin","processId":5764,"name":"RuntimeTests.ScenariosTests.ScenarioManagerTests.ScenarioWithNoScenes","state":0}
Final string : Assets/Scenes/Obstacles3.unity, using Seperator : /
Final string : Assets/Scenes/Obstacles1.unity, using Seperator : /
Final string : Assets/Scenes/TestScene.unity, using Seperator : /
Final string : Assets/Scenes/BaseScene.unity, using Seperator : /
Final string : Assets/Scenes/Scenery.unity, using Seperator : /
Final string : Assets/Scenes/Obstacles2.unity, using Seperator : /

##utp:{"type":"TestStatus","time":1578612534939,"version":2,"phase":"End","processId":5764,"name":"RuntimeTests.ScenariosTests.ScenarioManagerTests.ScenarioWithNoScenes","state":4,"message":"","duration":295,"durationMicroseconds":294683}
]]></output>
            </test-case>
            <test-case id="1220" name="ScenarioWithNullScene" fullname="RuntimeTests.ScenariosTests.ScenarioManagerTests.ScenarioWithNullScene" methodname="ScenarioWithNullScene" classname="RuntimeTests.ScenariosTests.ScenarioManagerTests" runstate="Runnable" seed="1285518189" result="Passed" start-time="2020-01-09 23:28:54Z" end-time="2020-01-09 23:28:55Z" duration="0.295841" asserts="0">
              <properties>
                <property name="_JOINTYPE" value="UnityCombinatorial" />
              </properties>
              <output><![CDATA[
##utp:{"type":"TestStatus","time":1578612534939,"version":2,"phase":"Begin","processId":5764,"name":"RuntimeTests.ScenariosTests.ScenarioManagerTests.ScenarioWithNullScene","state":0}
Final string : Assets/Scenes/Obstacles3.unity, using Seperator : /
Final string : Assets/Scenes/Obstacles1.unity, using Seperator : /
Final string : Assets/Scenes/TestScene.unity, using Seperator : /
Final string : Assets/Scenes/BaseScene.unity, using Seperator : /
Final string : Assets/Scenes/Scenery.unity, using Seperator : /
Final string : Assets/Scenes/Obstacles2.unity, using Seperator : /

IgnoreFailingMessages:true

IgnoreFailingMessages:false

##utp:{"type":"TestStatus","time":1578612535236,"version":2,"phase":"End","processId":5764,"name":"RuntimeTests.ScenariosTests.ScenarioManagerTests.ScenarioWithNullScene","state":4,"message":"","duration":296,"durationMicroseconds":295841}
]]></output>
            </test-case>
            <test-case id="1221" name="ScheduleByScenarioAsset" fullname="RuntimeTests.ScenariosTests.ScenarioManagerTests.ScheduleByScenarioAsset" methodname="ScheduleByScenarioAsset" classname="RuntimeTests.ScenariosTests.ScenarioManagerTests" runstate="Runnable" seed="869868402" result="Passed" start-time="2020-01-09 23:28:55Z" end-time="2020-01-09 23:28:55Z" duration="0.000890" asserts="0">
              <properties>
                <property name="_JOINTYPE" value="UnityCombinatorial" />
              </properties>
              <output><![CDATA[
##utp:{"type":"TestStatus","time":1578612535237,"version":2,"phase":"Begin","processId":5764,"name":"RuntimeTests.ScenariosTests.ScenarioManagerTests.ScheduleByScenarioAsset","state":0}

##utp:{"type":"TestStatus","time":1578612535239,"version":2,"phase":"End","processId":5764,"name":"RuntimeTests.ScenariosTests.ScenarioManagerTests.ScheduleByScenarioAsset","state":4,"message":"","duration":1,"durationMicroseconds":890}
]]></output>
            </test-case>
          </test-suite>
        </test-suite>
      </test-suite>
    </test-suite>
  </test-suite>
</test-run>